#
# There is insufficient memory for the Java Runtime Environment to continue.
# Native memory allocation (mmap) failed to map 65536 bytes for Failed to commit metaspace.
# Possible reasons:
#   The system is out of physical RAM or swap space
#   The process is running with CompressedOops enabled, and the Java Heap may be blocking the growth of the native heap
# Possible solutions:
#   Reduce memory load on the system
#   Increase physical memory or swap space
#   Check if swap backing store is full
#   Decrease Java heap size (-Xmx/-Xms)
#   Decrease number of Java threads
#   Decrease Java thread stack sizes (-Xss)
#   Set larger code cache with -XX:ReservedCodeCacheSize=
#   JVM is running with Zero Based Compressed Oops mode in which the Java heap is
#     placed in the first 32GB address space. The Java Heap base address is the
#     maximum limit for the native heap growth. Please use -XX:HeapBaseMinAddress
#     to set the Java Heap base and to place the Java Heap above 32GB virtual address.
# This output file may be truncated or incomplete.
#
#  Out of Memory Error (virtualSpaceNode.cpp:110), pid=22388, tid=12784
#
# JRE version: Java(TM) SE Runtime Environment (20.0.2+9) (build 20.0.2+9-78)
# Java VM: Java HotSpot(TM) 64-Bit Server VM (20.0.2+9-78, mixed mode, emulated-client, sharing, tiered, compressed oops, compressed class ptrs, g1 gc, windows-amd64)
# No core dump will be written. Minidumps are not enabled by default on client versions of Windows
#

---------------  S U M M A R Y ------------

Command Line: -XX:TieredStopAtLevel=1 -Dspring.output.ansi.enabled=always -Dcom.sun.management.jmxremote -Dspring.jmx.enabled=true -Dspring.liveBeansView.mbeanDomain -Dspring.application.admin.enabled=true -Dmanagement.endpoints.jmx.exposure.include=* -javaagent:D:\Software_APP_XXXXXXXXXXXXXXXXXXX\Software\IntelliJ IDEA 2024.1.1\lib\idea_rt.jar=45239:D:\Software_APP_XXXXXXXXXXXXXXXXXXX\Software\IntelliJ IDEA 2024.1.1\bin -Dfile.encoding=UTF-8 -Dsun.stdout.encoding=UTF-8 -Dsun.stderr.encoding=UTF-8 com.example.registerlogin.RegisterLoginApplication

Host: 11th Gen Intel(R) Core(TM) i5-1135G7 @ 2.40GHz, 8 cores, 15G,  Windows 10 , 64 bit Build 19041 (10.0.19041.5678)
Time: Tue Apr 29 00:34:17 2025  Windows 10 , 64 bit Build 19041 (10.0.19041.5678) elapsed time: 10.139778 seconds (0d 0h 0m 10s)

---------------  T H R E A D  ---------------

Current thread (0x000002636d1e1b00):  JavaThread "http-nio-127.0.0.1-8080-exec-2" daemon [_thread_in_vm, id=12784, stack(0x000000d638d00000,0x000000d638e00000)]

Stack: [0x000000d638d00000,0x000000d638e00000]
Native frames: (J=compiled Java code, j=interpreted, Vv=VM code, C=native code)
V  [jvm.dll+0x6bc25a]
V  [jvm.dll+0x84971a]
V  [jvm.dll+0x84b315]
V  [jvm.dll+0x84ba13]
V  [jvm.dll+0x280e4f]
V  [jvm.dll+0x84565b]
V  [jvm.dll+0x660616]
V  [jvm.dll+0x1eb7b7]
V  [jvm.dll+0x663032]
V  [jvm.dll+0x662e1e]
V  [jvm.dll+0x66102e]
V  [jvm.dll+0x6721b9]
V  [jvm.dll+0x66b8ae]
V  [jvm.dll+0x3d9251]
C  0x0000026313460afb

Java frames: (J=compiled Java code, j=interpreted, Vv=VM code)
j  com.fasterxml.jackson.databind.introspect.AnnotatedClassResolver._contains(Ljava/util/List;Ljava/lang/Class;)Z+0
j  com.fasterxml.jackson.databind.introspect.AnnotatedClassResolver._addSuperInterfaces(Lcom/fasterxml/jackson/databind/JavaType;Ljava/util/List;Z)V+11
j  com.fasterxml.jackson.databind.introspect.AnnotatedClassResolver._addSuperInterfaces(Lcom/fasterxml/jackson/databind/JavaType;Ljava/util/List;Z)V+78
j  com.fasterxml.jackson.databind.introspect.AnnotatedClassResolver.resolveFully()Lcom/fasterxml/jackson/databind/introspect/AnnotatedClass;+38
j  com.fasterxml.jackson.databind.introspect.AnnotatedClassResolver.resolve(Lcom/fasterxml/jackson/databind/cfg/MapperConfig;Lcom/fasterxml/jackson/databind/JavaType;Lcom/fasterxml/jackson/databind/introspect/ClassIntrospector$MixInResolver;)Lcom/fasterxml/jackson/databind/introspect/AnnotatedClass;+37
j  com.fasterxml.jackson.databind.introspect.BasicClassIntrospector._resolveAnnotatedClass(Lcom/fasterxml/jackson/databind/cfg/MapperConfig;Lcom/fasterxml/jackson/databind/JavaType;Lcom/fasterxml/jackson/databind/introspect/ClassIntrospector$MixInResolver;)Lcom/fasterxml/jackson/databind/introspect/AnnotatedClass;+3
j  com.fasterxml.jackson.databind.introspect.BasicClassIntrospector.forClassAnnotations(Lcom/fasterxml/jackson/databind/cfg/MapperConfig;Lcom/fasterxml/jackson/databind/JavaType;Lcom/fasterxml/jackson/databind/introspect/ClassIntrospector$MixInResolver;)Lcom/fasterxml/jackson/databind/introspect/BasicBeanDescription;+19
j  com.fasterxml.jackson.databind.introspect.BasicClassIntrospector.forClassAnnotations(Lcom/fasterxml/jackson/databind/cfg/MapperConfig;Lcom/fasterxml/jackson/databind/JavaType;Lcom/fasterxml/jackson/databind/introspect/ClassIntrospector$MixInResolver;)Lcom/fasterxml/jackson/databind/BeanDescription;+4
j  com.fasterxml.jackson.databind.cfg.MapperConfig.introspectClassAnnotations(Lcom/fasterxml/jackson/databind/JavaType;)Lcom/fasterxml/jackson/databind/BeanDescription;+7
j  com.fasterxml.jackson.databind.cfg.MapperConfig.introspectClassAnnotations(Ljava/lang/Class;)Lcom/fasterxml/jackson/databind/BeanDescription;+6
j  com.fasterxml.jackson.databind.ser.BasicSerializerFactory.createTypeSerializer(Lcom/fasterxml/jackson/databind/SerializationConfig;Lcom/fasterxml/jackson/databind/JavaType;)Lcom/fasterxml/jackson/databind/jsontype/TypeSerializer;+5
j  com.fasterxml.jackson.databind.ser.BasicSerializerFactory.buildContainerSerializer(Lcom/fasterxml/jackson/databind/SerializerProvider;Lcom/fasterxml/jackson/databind/JavaType;Lcom/fasterxml/jackson/databind/BeanDescription;Z)Lcom/fasterxml/jackson/databind/JsonSerializer;+49
j  com.fasterxml.jackson.databind.ser.BeanSerializerFactory._createSerializer2(Lcom/fasterxml/jackson/databind/SerializerProvider;Lcom/fasterxml/jackson/databind/JavaType;Lcom/fasterxml/jackson/databind/BeanDescription;Z)Lcom/fasterxml/jackson/databind/JsonSerializer;+37
j  com.fasterxml.jackson.databind.ser.BeanSerializerFactory.createSerializer(Lcom/fasterxml/jackson/databind/SerializerProvider;Lcom/fasterxml/jackson/databind/JavaType;)Lcom/fasterxml/jackson/databind/JsonSerializer;+142
j  com.fasterxml.jackson.databind.SerializerProvider._createUntypedSerializer(Lcom/fasterxml/jackson/databind/JavaType;)Lcom/fasterxml/jackson/databind/JsonSerializer;+6
j  com.fasterxml.jackson.databind.SerializerProvider._createAndCacheUntypedSerializer(Ljava/lang/Class;)Lcom/fasterxml/jackson/databind/JsonSerializer;+11
j  com.fasterxml.jackson.databind.SerializerProvider.findPrimaryPropertySerializer(Ljava/lang/Class;Lcom/fasterxml/jackson/databind/BeanProperty;)Lcom/fasterxml/jackson/databind/JsonSerializer;+48
j  com.fasterxml.jackson.databind.ser.impl.PropertySerializerMap.findAndAddPrimarySerializer(Ljava/lang/Class;Lcom/fasterxml/jackson/databind/SerializerProvider;Lcom/fasterxml/jackson/databind/BeanProperty;)Lcom/fasterxml/jackson/databind/ser/impl/PropertySerializerMap$SerializerAndMapResult;+3
j  com.fasterxml.jackson.databind.ser.BeanPropertyWriter._findAndAddDynamic(Lcom/fasterxml/jackson/databind/ser/impl/PropertySerializerMap;Ljava/lang/Class;Lcom/fasterxml/jackson/databind/SerializerProvider;)Lcom/fasterxml/jackson/databind/JsonSerializer;+35
j  com.fasterxml.jackson.databind.ser.BeanPropertyWriter.serializeAsField(Ljava/lang/Object;Lcom/fasterxml/jackson/core/JsonGenerator;Lcom/fasterxml/jackson/databind/SerializerProvider;)V+107
j  com.fasterxml.jackson.databind.ser.std.BeanSerializerBase.serializeFields(Ljava/lang/Object;Lcom/fasterxml/jackson/core/JsonGenerator;Lcom/fasterxml/jackson/databind/SerializerProvider;)V+61
j  com.fasterxml.jackson.databind.ser.BeanSerializer.serialize(Ljava/lang/Object;Lcom/fasterxml/jackson/core/JsonGenerator;Lcom/fasterxml/jackson/databind/SerializerProvider;)V+47
j  com.fasterxml.jackson.databind.ser.DefaultSerializerProvider._serialize(Lcom/fasterxml/jackson/core/JsonGenerator;Ljava/lang/Object;Lcom/fasterxml/jackson/databind/JsonSerializer;)V+4
j  com.fasterxml.jackson.databind.ser.DefaultSerializerProvider.serializeValue(Lcom/fasterxml/jackson/core/JsonGenerator;Ljava/lang/Object;)V+97
j  com.fasterxml.jackson.databind.ObjectWriter$Prefetch.serialize(Lcom/fasterxml/jackson/core/JsonGenerator;Ljava/lang/Object;Lcom/fasterxml/jackson/databind/ser/DefaultSerializerProvider;)V+75
j  com.fasterxml.jackson.databind.ObjectWriter.writeValue(Lcom/fasterxml/jackson/core/JsonGenerator;Ljava/lang/Object;)V+100
j  org.springframework.http.converter.json.AbstractJackson2HttpMessageConverter.writeInternal(Ljava/lang/Object;Ljava/lang/reflect/Type;Lorg/springframework/http/HttpOutputMessage;)V+305
j  org.springframework.http.converter.AbstractGenericHttpMessageConverter.write(Ljava/lang/Object;Ljava/lang/reflect/Type;Lorg/springframework/http/MediaType;Lorg/springframework/http/HttpOutputMessage;)V+57
j  org.springframework.web.servlet.mvc.method.annotation.AbstractMessageConverterMethodProcessor.writeWithMessageConverters(Ljava/lang/Object;Lorg/springframework/core/MethodParameter;Lorg/springframework/http/server/ServletServerHttpRequest;Lorg/springframework/http/server/ServletServerHttpResponse;)V+939
j  org.springframework.web.servlet.mvc.method.annotation.RequestResponseBodyMethodProcessor.handleReturnValue(Ljava/lang/Object;Lorg/springframework/core/MethodParameter;Lorg/springframework/web/method/support/ModelAndViewContainer;Lorg/springframework/web/context/request/NativeWebRequest;)V+28
j  org.springframework.web.method.support.HandlerMethodReturnValueHandlerComposite.handleReturnValue(Ljava/lang/Object;Lorg/springframework/core/MethodParameter;Lorg/springframework/web/method/support/ModelAndViewContainer;Lorg/springframework/web/context/request/NativeWebRequest;)V+53
j  org.springframework.web.servlet.mvc.method.annotation.ServletInvocableHandlerMethod.invokeAndHandle(Lorg/springframework/web/context/request/ServletWebRequest;Lorg/springframework/web/method/support/ModelAndViewContainer;[Ljava/lang/Object;)V+104
j  org.springframework.web.servlet.mvc.method.annotation.RequestMappingHandlerAdapter.invokeHandlerMethod(Ljavax/servlet/http/HttpServletRequest;Ljavax/servlet/http/HttpServletResponse;Lorg/springframework/web/method/HandlerMethod;)Lorg/springframework/web/servlet/ModelAndView;+244
j  org.springframework.web.servlet.mvc.method.annotation.RequestMappingHandlerAdapter.handleInternal(Ljavax/servlet/http/HttpServletRequest;Ljavax/servlet/http/HttpServletResponse;Lorg/springframework/web/method/HandlerMethod;)Lorg/springframework/web/servlet/ModelAndView;+81
j  org.springframework.web.servlet.mvc.method.AbstractHandlerMethodAdapter.handle(Ljavax/servlet/http/HttpServletRequest;Ljavax/servlet/http/HttpServletResponse;Ljava/lang/Object;)Lorg/springframework/web/servlet/ModelAndView;+7
j  org.springframework.web.servlet.DispatcherServlet.doDispatch(Ljavax/servlet/http/HttpServletRequest;Ljavax/servlet/http/HttpServletResponse;)V+259
j  org.springframework.web.servlet.DispatcherServlet.doService(Ljavax/servlet/http/HttpServletRequest;Ljavax/servlet/http/HttpServletResponse;)V+241
j  org.springframework.web.servlet.FrameworkServlet.processRequest(Ljavax/servlet/http/HttpServletRequest;Ljavax/servlet/http/HttpServletResponse;)V+71
j  org.springframework.web.servlet.FrameworkServlet.doGet(Ljavax/servlet/http/HttpServletRequest;Ljavax/servlet/http/HttpServletResponse;)V+3
j  javax.servlet.http.HttpServlet.service(Ljavax/servlet/http/HttpServletRequest;Ljavax/servlet/http/HttpServletResponse;)V+35
j  org.springframework.web.servlet.FrameworkServlet.service(Ljavax/servlet/http/HttpServletRequest;Ljavax/servlet/http/HttpServletResponse;)V+33
j  javax.servlet.http.HttpServlet.service(Ljavax/servlet/ServletRequest;Ljavax/servlet/ServletResponse;)V+36
j  org.apache.catalina.core.ApplicationFilterChain.internalDoFilter(Ljavax/servlet/ServletRequest;Ljavax/servlet/ServletResponse;)V+304
j  org.apache.catalina.core.ApplicationFilterChain.doFilter(Ljavax/servlet/ServletRequest;Ljavax/servlet/ServletResponse;)V+99
j  org.apache.tomcat.websocket.server.WsFilter.doFilter(Ljavax/servlet/ServletRequest;Ljavax/servlet/ServletResponse;Ljavax/servlet/FilterChain;)V+21
j  org.apache.catalina.core.ApplicationFilterChain.internalDoFilter(Ljavax/servlet/ServletRequest;Ljavax/servlet/ServletResponse;)V+135
j  org.apache.catalina.core.ApplicationFilterChain.doFilter(Ljavax/servlet/ServletRequest;Ljavax/servlet/ServletResponse;)V+99
j  org.springframework.web.filter.RequestContextFilter.doFilterInternal(Ljavax/servlet/http/HttpServletRequest;Ljavax/servlet/http/HttpServletResponse;Ljavax/servlet/FilterChain;)V+21
j  org.springframework.web.filter.OncePerRequestFilter.doFilter(Ljavax/servlet/ServletRequest;Ljavax/servlet/ServletResponse;Ljavax/servlet/FilterChain;)V+147
j  org.apache.catalina.core.ApplicationFilterChain.internalDoFilter(Ljavax/servlet/ServletRequest;Ljavax/servlet/ServletResponse;)V+135
j  org.apache.catalina.core.ApplicationFilterChain.doFilter(Ljavax/servlet/ServletRequest;Ljavax/servlet/ServletResponse;)V+99
j  org.springframework.web.filter.FormContentFilter.doFilterInternal(Ljavax/servlet/http/HttpServletRequest;Ljavax/servlet/http/HttpServletResponse;Ljavax/servlet/FilterChain;)V+38
j  org.springframework.web.filter.OncePerRequestFilter.doFilter(Ljavax/servlet/ServletRequest;Ljavax/servlet/ServletResponse;Ljavax/servlet/FilterChain;)V+147
j  org.apache.catalina.core.ApplicationFilterChain.internalDoFilter(Ljavax/servlet/ServletRequest;Ljavax/servlet/ServletResponse;)V+135
j  org.apache.catalina.core.ApplicationFilterChain.doFilter(Ljavax/servlet/ServletRequest;Ljavax/servlet/ServletResponse;)V+99
j  org.springframework.web.filter.CharacterEncodingFilter.doFilterInternal(Ljavax/servlet/http/HttpServletRequest;Ljavax/servlet/http/HttpServletResponse;Ljavax/servlet/FilterChain;)V+53
j  org.springframework.web.filter.OncePerRequestFilter.doFilter(Ljavax/servlet/ServletRequest;Ljavax/servlet/ServletResponse;Ljavax/servlet/FilterChain;)V+147
j  org.apache.catalina.core.ApplicationFilterChain.internalDoFilter(Ljavax/servlet/ServletRequest;Ljavax/servlet/ServletResponse;)V+135
j  org.apache.catalina.core.ApplicationFilterChain.doFilter(Ljavax/servlet/ServletRequest;Ljavax/servlet/ServletResponse;)V+99
j  org.apache.catalina.core.StandardWrapperValve.invoke(Lorg/apache/catalina/connector/Request;Lorg/apache/catalina/connector/Response;)V+694
j  org.apache.catalina.core.StandardContextValve.invoke(Lorg/apache/catalina/connector/Request;Lorg/apache/catalina/connector/Response;)V+169
j  org.apache.catalina.authenticator.AuthenticatorBase.invoke(Lorg/apache/catalina/connector/Request;Lorg/apache/catalina/connector/Response;)V+260
j  org.apache.catalina.core.StandardHostValve.invoke(Lorg/apache/catalina/connector/Request;Lorg/apache/catalina/connector/Response;)V+128
j  org.apache.catalina.valves.ErrorReportValve.invoke(Lorg/apache/catalina/connector/Request;Lorg/apache/catalina/connector/Response;)V+6
j  org.apache.catalina.core.StandardEngineValve.invoke(Lorg/apache/catalina/connector/Request;Lorg/apache/catalina/connector/Response;)V+59
j  org.apache.catalina.connector.CoyoteAdapter.service(Lorg/apache/coyote/Request;Lorg/apache/coyote/Response;)V+203
j  org.apache.coyote.http11.Http11Processor.service(Lorg/apache/tomcat/util/net/SocketWrapperBase;)Lorg/apache/tomcat/util/net/AbstractEndpoint$Handler$SocketState;+796
j  org.apache.coyote.AbstractProcessorLight.process(Lorg/apache/tomcat/util/net/SocketWrapperBase;Lorg/apache/tomcat/util/net/SocketEvent;)Lorg/apache/tomcat/util/net/AbstractEndpoint$Handler$SocketState;+170
j  org.apache.coyote.AbstractProtocol$ConnectionHandler.process(Lorg/apache/tomcat/util/net/SocketWrapperBase;Lorg/apache/tomcat/util/net/SocketEvent;)Lorg/apache/tomcat/util/net/AbstractEndpoint$Handler$SocketState;+489
j  org.apache.tomcat.util.net.NioEndpoint$SocketProcessor.doRun()V+249
j  org.apache.tomcat.util.net.SocketProcessorBase.run()V+21
j  org.apache.tomcat.util.threads.ThreadPoolExecutor.runWorker(Lorg/apache/tomcat/util/threads/ThreadPoolExecutor$Worker;)V+92
j  org.apache.tomcat.util.threads.ThreadPoolExecutor$Worker.run()V+5
j  org.apache.tomcat.util.threads.TaskThread$WrappingRunnable.run()V+4
j  java.lang.Thread.runWith(Ljava/lang/Object;Ljava/lang/Runnable;)V+5 java.base@20.0.2
j  java.lang.Thread.run()V+19 java.base@20.0.2
v  ~StubRoutines::call_stub 0x00000263134410e7

---------------  P R O C E S S  ---------------

Threads class SMR info:
_java_thread_list=0x000002636d57e6f0, length=34, elements={
0x000002631e751e60, 0x000002631e7523b0, 0x000002631e752900, 0x000002631e73f850,
0x000002631e73fda0, 0x000002631e74a720, 0x000002631e74bc30, 0x00000263638c6300,
0x00000263638d28c0, 0x00000263638d5ad0, 0x0000026363c3b8a0, 0x0000026363bf90f0,
0x0000026363ea9de0, 0x000002636cc06050, 0x000002636cc24f40, 0x000002636d1e3040,
0x000002636d1e3ae0, 0x000002636d1e1060, 0x000002636d1e2050, 0x000002636d1e4030,
0x000002636d1e3590, 0x000002636d1e1b00, 0x000002636d1e15b0, 0x000002636da71b10,
0x000002636da715c0, 0x000002636da72060, 0x000002636da72b00, 0x000002636da6e0a0,
0x000002636da6e5f0, 0x000002636da75030, 0x000002636da74590, 0x000002636da70080,
0x000002636da75580, 0x000002636da73050
}

Java Threads: ( => current thread )
  0x000002631e751e60 JavaThread "Reference Handler" daemon [_thread_blocked, id=21980, stack(0x000000d636c00000,0x000000d636d00000)]
  0x000002631e7523b0 JavaThread "Finalizer" daemon [_thread_blocked, id=14340, stack(0x000000d636d00000,0x000000d636e00000)]
  0x000002631e752900 JavaThread "Signal Dispatcher" daemon [_thread_blocked, id=9732, stack(0x000000d636e00000,0x000000d636f00000)]
  0x000002631e73f850 JavaThread "Attach Listener" daemon [_thread_blocked, id=2288, stack(0x000000d636f00000,0x000000d637000000)]
  0x000002631e73fda0 JavaThread "Service Thread" daemon [_thread_blocked, id=11292, stack(0x000000d637000000,0x000000d637100000)]
  0x000002631e74a720 JavaThread "Monitor Deflation Thread" daemon [_thread_blocked, id=5348, stack(0x000000d637100000,0x000000d637200000)]
  0x000002631e74bc30 JavaThread "C1 CompilerThread0" daemon [_thread_blocked, id=13620, stack(0x000000d637200000,0x000000d637300000)]
  0x00000263638c6300 JavaThread "Common-Cleaner" daemon [_thread_blocked, id=9056, stack(0x000000d637300000,0x000000d637400000)]
  0x00000263638d28c0 JavaThread "C1 CompilerThread1" daemon [_thread_blocked, id=22132, stack(0x000000d637400000,0x000000d637500000)]
  0x00000263638d5ad0 JavaThread "C1 CompilerThread2" daemon [_thread_blocked, id=9428, stack(0x000000d637500000,0x000000d637600000)]
  0x0000026363c3b8a0 JavaThread "Monitor Ctrl-Break" daemon [_thread_in_native, id=21204, stack(0x000000d637600000,0x000000d637700000)]
  0x0000026363bf90f0 JavaThread "Notification Thread" daemon [_thread_blocked, id=20580, stack(0x000000d637700000,0x000000d637800000)]
  0x0000026363ea9de0 JavaThread "RMI TCP Accept-0" daemon [_thread_in_native, id=20208, stack(0x000000d637800000,0x000000d637900000)]
  0x000002636cc06050 JavaThread "RMI TCP Connection(1)-192.168.90.249" daemon [_thread_in_native, id=10904, stack(0x000000d638300000,0x000000d638400000)]
  0x000002636cc24f40 JavaThread "RMI Scheduler(0)" daemon [_thread_blocked, id=12384, stack(0x000000d638400000,0x000000d638500000)]
  0x000002636d1e3040 JavaThread "Catalina-utility-1" [_thread_blocked, id=15520, stack(0x000000d638500000,0x000000d638600000)]
  0x000002636d1e3ae0 JavaThread "Catalina-utility-2" [_thread_blocked, id=2924, stack(0x000000d638600000,0x000000d638700000)]
  0x000002636d1e1060 JavaThread "container-0" [_thread_blocked, id=15452, stack(0x000000d638700000,0x000000d638800000)]
  0x000002636d1e2050 JavaThread "mysql-cj-abandoned-connection-cleanup" daemon [_thread_blocked, id=13228, stack(0x000000d638800000,0x000000d638900000)]
  0x000002636d1e4030 JavaThread "HikariPool-1 housekeeper" daemon [_thread_blocked, id=1844, stack(0x000000d638a00000,0x000000d638b00000)]
  0x000002636d1e3590 JavaThread "http-nio-127.0.0.1-8080-exec-1" daemon [_thread_blocked, id=4100, stack(0x000000d638c00000,0x000000d638d00000)]
=>0x000002636d1e1b00 JavaThread "http-nio-127.0.0.1-8080-exec-2" daemon [_thread_in_vm, id=12784, stack(0x000000d638d00000,0x000000d638e00000)]
  0x000002636d1e15b0 JavaThread "http-nio-127.0.0.1-8080-exec-3" daemon [_thread_blocked, id=4840, stack(0x000000d638e00000,0x000000d638f00000)]
  0x000002636da71b10 JavaThread "http-nio-127.0.0.1-8080-exec-4" daemon [_thread_blocked, id=15968, stack(0x000000d638f00000,0x000000d639000000)]
  0x000002636da715c0 JavaThread "http-nio-127.0.0.1-8080-exec-5" daemon [_thread_blocked, id=19548, stack(0x000000d639000000,0x000000d639100000)]
  0x000002636da72060 JavaThread "http-nio-127.0.0.1-8080-exec-6" daemon [_thread_blocked, id=280, stack(0x000000d639100000,0x000000d639200000)]
  0x000002636da72b00 JavaThread "http-nio-127.0.0.1-8080-exec-7" daemon [_thread_blocked, id=20216, stack(0x000000d639200000,0x000000d639300000)]
  0x000002636da6e0a0 JavaThread "http-nio-127.0.0.1-8080-exec-8" daemon [_thread_blocked, id=19224, stack(0x000000d639300000,0x000000d639400000)]
  0x000002636da6e5f0 JavaThread "http-nio-127.0.0.1-8080-exec-9" daemon [_thread_blocked, id=18208, stack(0x000000d639400000,0x000000d639500000)]
  0x000002636da75030 JavaThread "http-nio-127.0.0.1-8080-exec-10" daemon [_thread_blocked, id=12352, stack(0x000000d639500000,0x000000d639600000)]
  0x000002636da74590 JavaThread "http-nio-127.0.0.1-8080-Poller" daemon [_thread_in_native, id=12348, stack(0x000000d639600000,0x000000d639700000)]
  0x000002636da70080 JavaThread "http-nio-127.0.0.1-8080-Acceptor" daemon [_thread_in_native, id=7988, stack(0x000000d639700000,0x000000d639800000)]
  0x000002636da75580 JavaThread "DestroyJavaVM" [_thread_blocked, id=4120, stack(0x000000d636500000,0x000000d636600000)]
  0x000002636da73050 JavaThread "RMI TCP Connection(2)-192.168.90.249" daemon [_thread_in_native, id=19492, stack(0x000000d639900000,0x000000d639a00000)]

Other Threads:
  0x000002631e7257f0 VMThread "VM Thread" [stack: 0x000000d636b00000,0x000000d636c00000] [id=4176]
  0x0000026363ea5f70 WatcherThread "VM Periodic Task Thread" [stack: 0x000000d637900000,0x000000d637a00000] [id=18228]
  0x000002630b3e7440 WorkerThread "GC Thread#0" [stack: 0x000000d636600000,0x000000d636700000] [id=18196]
  0x0000026364084c10 WorkerThread "GC Thread#1" [stack: 0x000000d637b00000,0x000000d637c00000] [id=20528]
  0x0000026364084ee0 WorkerThread "GC Thread#2" [stack: 0x000000d637c00000,0x000000d637d00000] [id=13132]
  0x00000263640857c0 WorkerThread "GC Thread#3" [stack: 0x000000d637d00000,0x000000d637e00000] [id=19000]
  0x00000263640a8010 WorkerThread "GC Thread#4" [stack: 0x000000d637e00000,0x000000d637f00000] [id=22308]
  0x00000263640a82e0 WorkerThread "GC Thread#5" [stack: 0x000000d637f00000,0x000000d638000000] [id=488]
  0x00000263640e9b00 WorkerThread "GC Thread#6" [stack: 0x000000d638000000,0x000000d638100000] [id=21596]
  0x00000263640e8750 WorkerThread "GC Thread#7" [stack: 0x000000d638100000,0x000000d638200000] [id=7432]
  0x000002630b3f7e30 ConcurrentGCThread "G1 Main Marker" [stack: 0x000000d636700000,0x000000d636800000] [id=3176]
  0x000002630b3f9820 WorkerThread "G1 Conc#0" [stack: 0x000000d636800000,0x000000d636900000] [id=7164]
  0x00000263640ea0a0 WorkerThread "G1 Conc#1" [stack: 0x000000d638200000,0x000000d638300000] [id=20792]
  0x000002631e5e33f0 ConcurrentGCThread "G1 Refine#0" [stack: 0x000000d636900000,0x000000d636a00000] [id=6540]
  0x000002631e5e4760 ConcurrentGCThread "G1 Service" [stack: 0x000000d636a00000,0x000000d636b00000] [id=4480]

Threads with active compile tasks:

VM state: not at safepoint (normal execution)

VM Mutex/Monitor currently owned by a thread:  ([mutex/lock_event])
[0x00000263090e10d0] Metaspace_lock - owner thread: 0x000002636d1e1b00

Heap address: 0x0000000703200000, size: 4046 MB, Compressed Oops mode: Zero based, Oop shift amount: 3

CDS archive(s) mapped at: [0x000002631e800000-0x000002631f460000-0x000002631f460000), size 12976128, SharedBaseAddress: 0x000002631e800000, ArchiveRelocationMode: 1.
Compressed class space mapped at: 0x000002631f800000-0x000002635f800000, reserved size: 1073741824
Narrow klass base: 0x000002631e800000, Narrow klass shift: 0, Narrow klass range: 0x100000000

GC Precious Log:
 CardTable entry size: 512
 Card Set container configuration: InlinePtr #cards 4 size 8 Array Of Cards #cards 16 size 48 Howl #buckets 8 coarsen threshold 3686 Howl Bitmap #cards 512 size 80 coarsen threshold 460 Card regions per heap region 1 cards per card region 4096
 CPUs: 8 total, 8 available
 Memory: 16183M
 Large Page Support: Disabled
 NUMA Support: Disabled
 Compressed Oops: Enabled (Zero based)
 Heap Region Size: 2M
 Heap Min Capacity: 8M
 Heap Initial Capacity: 254M
 Heap Max Capacity: 4046M
 Pre-touch: Disabled
 Parallel Workers: 8
 Concurrent Workers: 2
 Concurrent Refinement Workers: 8
 Periodic GC: Disabled

Heap:
 garbage-first heap   total 75776K, used 28818K [0x0000000703200000, 0x0000000800000000)
  region size 2048K, 5 young (10240K), 3 survivors (6144K)
 Metaspace       used 52930K, committed 53504K, reserved 1114112K
  class space    used 7108K, committed 7360K, reserved 1048576K

Heap Regions: E=young(eden), S=young(survivor), O=old, HS=humongous(starts), HC=humongous(continues), CS=collection set, F=free, OA=open archive, CA=closed archive, TAMS=top-at-mark-start, PB=parsable bottom
|   0|0x0000000703200000, 0x0000000703400000, 0x0000000703400000|100%| O|  |TAMS 0x0000000703200000| PB 0x0000000703200000| Untracked 
|   1|0x0000000703400000, 0x0000000703600000, 0x0000000703600000|100%| O|  |TAMS 0x0000000703400000| PB 0x0000000703400000| Untracked 
|   2|0x0000000703600000, 0x0000000703800000, 0x0000000703800000|100%| O|  |TAMS 0x0000000703600000| PB 0x0000000703600000| Untracked 
|   3|0x0000000703800000, 0x0000000703a00000, 0x0000000703a00000|100%| O|  |TAMS 0x0000000703800000| PB 0x0000000703800000| Untracked 
|   4|0x0000000703a00000, 0x0000000703c00000, 0x0000000703c00000|100%| O|  |TAMS 0x0000000703a00000| PB 0x0000000703a00000| Untracked 
|   5|0x0000000703c00000, 0x0000000703e00000, 0x0000000703e00000|100%| O|  |TAMS 0x0000000703c00000| PB 0x0000000703c00000| Untracked 
|   6|0x0000000703e00000, 0x0000000704000000, 0x0000000704000000|100%| O|  |TAMS 0x0000000703e00000| PB 0x0000000703e00000| Untracked 
|   7|0x0000000704000000, 0x0000000704200000, 0x0000000704200000|100%| O|  |TAMS 0x0000000704000000| PB 0x0000000704000000| Untracked 
|   8|0x0000000704200000, 0x0000000704400000, 0x0000000704400000|100%| O|  |TAMS 0x0000000704200000| PB 0x0000000704200000| Untracked 
|   9|0x0000000704400000, 0x0000000704600000, 0x0000000704600000|100%| O|  |TAMS 0x0000000704400000| PB 0x0000000704400000| Untracked 
|  10|0x0000000704600000, 0x00000007046d5400, 0x0000000704800000| 41%| O|  |TAMS 0x0000000704600000| PB 0x0000000704600000| Untracked 
|  11|0x0000000704800000, 0x0000000704800000, 0x0000000704a00000|  0%| F|  |TAMS 0x0000000704800000| PB 0x0000000704800000| Untracked 
|  12|0x0000000704a00000, 0x0000000704b4f5a0, 0x0000000704c00000| 65%| S|CS|TAMS 0x0000000704a00000| PB 0x0000000704a00000| Complete 
|  13|0x0000000704c00000, 0x0000000704e00000, 0x0000000704e00000|100%| S|CS|TAMS 0x0000000704c00000| PB 0x0000000704c00000| Complete 
|  14|0x0000000704e00000, 0x0000000705000000, 0x0000000705000000|100%| S|CS|TAMS 0x0000000704e00000| PB 0x0000000704e00000| Complete 
|  15|0x0000000705000000, 0x0000000705000000, 0x0000000705200000|  0%| F|  |TAMS 0x0000000705000000| PB 0x0000000705000000| Untracked 
|  16|0x0000000705200000, 0x0000000705200000, 0x0000000705400000|  0%| F|  |TAMS 0x0000000705200000| PB 0x0000000705200000| Untracked 
|  17|0x0000000705400000, 0x0000000705400000, 0x0000000705600000|  0%| F|  |TAMS 0x0000000705400000| PB 0x0000000705400000| Untracked 
|  18|0x0000000705600000, 0x0000000705600000, 0x0000000705800000|  0%| F|  |TAMS 0x0000000705600000| PB 0x0000000705600000| Untracked 
|  19|0x0000000705800000, 0x0000000705800000, 0x0000000705a00000|  0%| F|  |TAMS 0x0000000705800000| PB 0x0000000705800000| Untracked 
|  20|0x0000000705a00000, 0x0000000705a00000, 0x0000000705c00000|  0%| F|  |TAMS 0x0000000705a00000| PB 0x0000000705a00000| Untracked 
|  21|0x0000000705c00000, 0x0000000705c00000, 0x0000000705e00000|  0%| F|  |TAMS 0x0000000705c00000| PB 0x0000000705c00000| Untracked 
|  22|0x0000000705e00000, 0x0000000705e00000, 0x0000000706000000|  0%| F|  |TAMS 0x0000000705e00000| PB 0x0000000705e00000| Untracked 
|  23|0x0000000706000000, 0x0000000706000000, 0x0000000706200000|  0%| F|  |TAMS 0x0000000706000000| PB 0x0000000706000000| Untracked 
|  24|0x0000000706200000, 0x0000000706200000, 0x0000000706400000|  0%| F|  |TAMS 0x0000000706200000| PB 0x0000000706200000| Untracked 
|  25|0x0000000706400000, 0x0000000706400000, 0x0000000706600000|  0%| F|  |TAMS 0x0000000706400000| PB 0x0000000706400000| Untracked 
|  26|0x0000000706600000, 0x0000000706600000, 0x0000000706800000|  0%| F|  |TAMS 0x0000000706600000| PB 0x0000000706600000| Untracked 
|  27|0x0000000706800000, 0x0000000706800000, 0x0000000706a00000|  0%| F|  |TAMS 0x0000000706800000| PB 0x0000000706800000| Untracked 
|  28|0x0000000706a00000, 0x0000000706a00000, 0x0000000706c00000|  0%| F|  |TAMS 0x0000000706a00000| PB 0x0000000706a00000| Untracked 
|  29|0x0000000706c00000, 0x0000000706c00000, 0x0000000706e00000|  0%| F|  |TAMS 0x0000000706c00000| PB 0x0000000706c00000| Untracked 
|  30|0x0000000706e00000, 0x0000000706e00000, 0x0000000707000000|  0%| F|  |TAMS 0x0000000706e00000| PB 0x0000000706e00000| Untracked 
|  31|0x0000000707000000, 0x0000000707000000, 0x0000000707200000|  0%| F|  |TAMS 0x0000000707000000| PB 0x0000000707000000| Untracked 
|  32|0x0000000707200000, 0x0000000707200000, 0x0000000707400000|  0%| F|  |TAMS 0x0000000707200000| PB 0x0000000707200000| Untracked 
|  33|0x0000000707400000, 0x0000000707400000, 0x0000000707600000|  0%| F|  |TAMS 0x0000000707400000| PB 0x0000000707400000| Untracked 
| 104|0x0000000710200000, 0x0000000710200000, 0x0000000710400000|  0%| F|  |TAMS 0x0000000710200000| PB 0x0000000710200000| Untracked 
| 105|0x0000000710400000, 0x00000007105c0308, 0x0000000710600000| 87%| E|  |TAMS 0x0000000710400000| PB 0x0000000710400000| Complete 
| 126|0x0000000712e00000, 0x0000000713000000, 0x0000000713000000|100%| E|CS|TAMS 0x0000000712e00000| PB 0x0000000712e00000| Complete 

Card table byte_map: [0x0000026316d40000,0x0000026317530000] _byte_map_base: 0x0000026313527000

Marking Bits: (CMBitMap*) 0x000002630b3e7880
 Bits: [0x0000026317d20000, 0x000002631bc58000)

Polling page: 0x0000026309340000

Metaspace:

Usage:
  Non-class:     44.75 MB used.
      Class:      6.94 MB used.
       Both:     51.69 MB used.

Virtual space:
  Non-class space:       64.00 MB reserved,      45.06 MB ( 70%) committed,  1 nodes.
      Class space:        1.00 GB reserved,       7.19 MB ( <1%) committed,  1 nodes.
             Both:        1.06 GB reserved,      52.25 MB (  5%) committed. 

Chunk freelists:
   Non-Class:  2.80 MB
       Class:  643.00 KB
        Both:  3.42 MB

MaxMetaspaceSize: unlimited
CompressedClassSpaceSize: 1.00 GB
Initial GC threshold: 21.00 MB
Current GC threshold: 52.75 MB
CDS: on
MetaspaceReclaimPolicy: balanced
 - commit_granule_bytes: 65536.
 - commit_granule_words: 8192.
 - virtual_space_node_default_size: 8388608.
 - enlarge_chunks_in_place: 1.
 - new_chunks_are_fully_committed: 0.
 - uncommit_free_chunks: 1.
 - use_allocation_guard: 0.


Internal statistics:

num_allocs_failed_limit: 3.
num_arena_births: 776.
num_arena_deaths: 0.
num_vsnodes_births: 2.
num_vsnodes_deaths: 0.
num_space_committed: 836.
num_space_uncommitted: 0.
num_chunks_returned_to_freelist: 3.
num_chunks_taken_from_freelist: 2597.
num_chunk_merges: 3.
num_chunk_splits: 1841.
num_chunks_enlarged: 1443.
num_inconsistent_stats: 0.

CodeCache: size=49152Kb used=11357Kb max_used=11357Kb free=37794Kb
 bounds [0x0000026313440000, 0x0000026313f60000, 0x0000026316440000]
 total_blobs=5927 nmethods=5291 adapters=559
 compilation: enabled
              stopped_count=0, restarted_count=0
 full_count=0

Compilation events (20 events):
Event: 10.122 Thread 0x00000263638d28c0 5325       1       com.mysql.cj.result.Field::adjustFlagsByMysqlType (149 bytes)
Event: 10.123 Thread 0x00000263638d28c0 nmethod 5325 0x000002631388e790 code [0x000002631388e920, 0x000002631388eb20]
Event: 10.123 Thread 0x00000263638d28c0 5327       1       org.apache.ibatis.type.TypeHandlerRegistry::getTypeHandler (68 bytes)
Event: 10.124 Thread 0x00000263638d28c0 nmethod 5327 0x0000026313f48990 code [0x0000026313f48b60, 0x0000026313f48e20]
Event: 10.124 Thread 0x000002631e74bc30 nmethod 5314 0x0000026313f48f90 code [0x0000026313f49c80, 0x0000026313f4e420]
Event: 10.124 Thread 0x00000263638d28c0 5328   !   1       java.nio.CharBuffer::wrap (21 bytes)
Event: 10.125 Thread 0x00000263638d5ad0 nmethod 5323 0x0000026313f53110 code [0x0000026313f53600, 0x0000026313f55148]
Event: 10.125 Thread 0x000002631e74bc30 5329       1       java.nio.HeapCharBuffer::<init> (23 bytes)
Event: 10.125 Thread 0x000002631e74bc30 nmethod 5329 0x000002631388e310 code [0x000002631388e4a0, 0x000002631388e628]
Event: 10.125 Thread 0x00000263638d28c0 nmethod 5328 0x0000026313f55d90 code [0x0000026313f55f40, 0x0000026313f561f8]
Event: 10.125 Thread 0x00000263638d28c0 5330       1       org.apache.tomcat.util.buf.MessageBytes::equalsIgnoreCase (78 bytes)
Event: 10.126 Thread 0x00000263638d28c0 nmethod 5330 0x0000026313f56390 code [0x0000026313f56560, 0x0000026313f56788]
Event: 10.127 Thread 0x00000263638d28c0 5331       1       com.fasterxml.jackson.core.type.ResolvedType::isReferenceType (13 bytes)
Event: 10.127 Thread 0x000002631e74bc30 5332       1       com.fasterxml.jackson.databind.JavaType::getReferencedType (5 bytes)
Event: 10.127 Thread 0x00000263638d5ad0 5333       1       com.fasterxml.jackson.databind.cfg.MapperConfig::getAnnotationIntrospector (22 bytes)
Event: 10.127 Thread 0x000002631e74bc30 nmethod 5332 0x0000026313f56890 code [0x0000026313f56a00, 0x0000026313f56ad0]
Event: 10.127 Thread 0x00000263638d28c0 nmethod 5331 0x0000026313f56b90 code [0x0000026313f56d00, 0x0000026313f56dc8]
Event: 10.127 Thread 0x00000263638d5ad0 nmethod 5333 0x0000026313f56e90 code [0x0000026313f57020, 0x0000026313f57178]
Event: 10.128 Thread 0x00000263638d5ad0 5334       1       com.fasterxml.jackson.databind.cfg.BaseSettings::getTypeFactory (5 bytes)
Event: 10.128 Thread 0x00000263638d5ad0 nmethod 5334 0x0000026313f57290 code [0x0000026313f57400, 0x0000026313f574d0]

GC Heap History (20 events):
Event: 0.600 GC heap before
{Heap before GC invocations=0 (full 0):
 garbage-first heap   total 260096K, used 20480K [0x0000000703200000, 0x0000000800000000)
  region size 2048K, 11 young (22528K), 0 survivors (0K)
 Metaspace       used 6591K, committed 6848K, reserved 1114112K
  class space    used 785K, committed 896K, reserved 1048576K
}
Event: 0.604 GC heap after
{Heap after GC invocations=1 (full 0):
 garbage-first heap   total 260096K, used 7281K [0x0000000703200000, 0x0000000800000000)
  region size 2048K, 2 young (4096K), 2 survivors (4096K)
 Metaspace       used 6591K, committed 6848K, reserved 1114112K
  class space    used 785K, committed 896K, reserved 1048576K
}
Event: 0.935 GC heap before
{Heap before GC invocations=1 (full 0):
 garbage-first heap   total 260096K, used 25713K [0x0000000703200000, 0x0000000800000000)
  region size 2048K, 12 young (24576K), 2 survivors (4096K)
 Metaspace       used 11180K, committed 11520K, reserved 1114112K
  class space    used 1496K, committed 1664K, reserved 1048576K
}
Event: 0.939 GC heap after
{Heap after GC invocations=2 (full 0):
 garbage-first heap   total 260096K, used 9149K [0x0000000703200000, 0x0000000800000000)
  region size 2048K, 1 young (2048K), 1 survivors (2048K)
 Metaspace       used 11180K, committed 11520K, reserved 1114112K
  class space    used 1496K, committed 1664K, reserved 1048576K
}
Event: 1.311 GC heap before
{Heap before GC invocations=2 (full 0):
 garbage-first heap   total 260096K, used 46013K [0x0000000703200000, 0x0000000800000000)
  region size 2048K, 21 young (43008K), 1 survivors (2048K)
 Metaspace       used 19076K, committed 19392K, reserved 1114112K
  class space    used 2481K, committed 2624K, reserved 1048576K
}
Event: 1.315 GC heap after
{Heap after GC invocations=3 (full 0):
 garbage-first heap   total 260096K, used 12254K [0x0000000703200000, 0x0000000800000000)
  region size 2048K, 3 young (6144K), 3 survivors (6144K)
 Metaspace       used 19076K, committed 19392K, reserved 1114112K
  class space    used 2481K, committed 2624K, reserved 1048576K
}
Event: 1.723 GC heap before
{Heap before GC invocations=4 (full 0):
 garbage-first heap   total 55296K, used 38878K [0x0000000703200000, 0x0000000800000000)
  region size 2048K, 16 young (32768K), 3 survivors (6144K)
 Metaspace       used 22210K, committed 22528K, reserved 1114112K
  class space    used 2933K, committed 3072K, reserved 1048576K
}
Event: 1.728 GC heap after
{Heap after GC invocations=5 (full 0):
 garbage-first heap   total 55296K, used 13493K [0x0000000703200000, 0x0000000800000000)
  region size 2048K, 1 young (2048K), 1 survivors (2048K)
 Metaspace       used 22210K, committed 22528K, reserved 1114112K
  class space    used 2933K, committed 3072K, reserved 1048576K
}
Event: 2.140 GC heap before
{Heap before GC invocations=5 (full 0):
 garbage-first heap   total 55296K, used 40117K [0x0000000703200000, 0x0000000800000000)
  region size 2048K, 14 young (28672K), 1 survivors (2048K)
 Metaspace       used 26348K, committed 26816K, reserved 1114112K
  class space    used 3519K, committed 3712K, reserved 1048576K
}
Event: 2.144 GC heap after
{Heap after GC invocations=6 (full 0):
 garbage-first heap   total 55296K, used 15892K [0x0000000703200000, 0x0000000800000000)
  region size 2048K, 2 young (4096K), 2 survivors (4096K)
 Metaspace       used 26348K, committed 26816K, reserved 1114112K
  class space    used 3519K, committed 3712K, reserved 1048576K
}
Event: 2.494 GC heap before
{Heap before GC invocations=6 (full 0):
 garbage-first heap   total 55296K, used 42516K [0x0000000703200000, 0x0000000800000000)
  region size 2048K, 15 young (30720K), 2 survivors (4096K)
 Metaspace       used 31484K, committed 31872K, reserved 1114112K
  class space    used 4168K, committed 4352K, reserved 1048576K
}
Event: 2.498 GC heap after
{Heap after GC invocations=7 (full 0):
 garbage-first heap   total 157696K, used 18822K [0x0000000703200000, 0x0000000800000000)
  region size 2048K, 2 young (4096K), 2 survivors (4096K)
 Metaspace       used 31484K, committed 31872K, reserved 1114112K
  class space    used 4168K, committed 4352K, reserved 1048576K
}
Event: 2.516 GC heap before
{Heap before GC invocations=7 (full 0):
 garbage-first heap   total 157696K, used 18822K [0x0000000703200000, 0x0000000800000000)
  region size 2048K, 3 young (6144K), 2 survivors (4096K)
 Metaspace       used 31886K, committed 32320K, reserved 1114112K
  class space    used 4191K, committed 4416K, reserved 1048576K
}
Event: 2.519 GC heap after
{Heap after GC invocations=8 (full 0):
 garbage-first heap   total 157696K, used 18731K [0x0000000703200000, 0x0000000800000000)
  region size 2048K, 2 young (4096K), 2 survivors (4096K)
 Metaspace       used 31886K, committed 32320K, reserved 1114112K
  class space    used 4191K, committed 4416K, reserved 1048576K
}
Event: 3.633 GC heap before
{Heap before GC invocations=9 (full 0):
 garbage-first heap   total 75776K, used 59691K [0x0000000703200000, 0x0000000800000000)
  region size 2048K, 22 young (45056K), 2 survivors (4096K)
 Metaspace       used 42814K, committed 43264K, reserved 1114112K
  class space    used 5830K, committed 6016K, reserved 1048576K
}
Event: 3.640 GC heap after
{Heap after GC invocations=10 (full 0):
 garbage-first heap   total 75776K, used 21632K [0x0000000703200000, 0x0000000800000000)
  region size 2048K, 3 young (6144K), 3 survivors (6144K)
 Metaspace       used 42814K, committed 43264K, reserved 1114112K
  class space    used 5830K, committed 6016K, reserved 1048576K
}
Event: 4.363 GC heap before
{Heap before GC invocations=10 (full 0):
 garbage-first heap   total 75776K, used 60544K [0x0000000703200000, 0x0000000800000000)
  region size 2048K, 22 young (45056K), 3 survivors (6144K)
 Metaspace       used 45360K, committed 45824K, reserved 1114112K
  class space    used 6199K, committed 6400K, reserved 1048576K
}
Event: 4.376 GC heap after
{Heap after GC invocations=11 (full 0):
 garbage-first heap   total 75776K, used 23128K [0x0000000703200000, 0x0000000800000000)
  region size 2048K, 3 young (6144K), 3 survivors (6144K)
 Metaspace       used 45360K, committed 45824K, reserved 1114112K
  class space    used 6199K, committed 6400K, reserved 1048576K
}
Event: 9.948 GC heap before
{Heap before GC invocations=11 (full 0):
 garbage-first heap   total 75776K, used 59992K [0x0000000703200000, 0x0000000800000000)
  region size 2048K, 22 young (45056K), 3 survivors (6144K)
 Metaspace       used 52708K, committed 53312K, reserved 1114112K
  class space    used 7071K, committed 7360K, reserved 1048576K
}
Event: 9.959 GC heap after
{Heap after GC invocations=12 (full 0):
 garbage-first heap   total 75776K, used 26770K [0x0000000703200000, 0x0000000800000000)
  region size 2048K, 3 young (6144K), 3 survivors (6144K)
 Metaspace       used 52708K, committed 53312K, reserved 1114112K
  class space    used 7071K, committed 7360K, reserved 1048576K
}

Dll operation events (14 events):
Event: 0.007 Loaded shared library C:\Users\ŧŠÎŠ\.jdks\JDK\bin\java.dll
Event: 0.026 Loaded shared library C:\Users\ŧŠÎŠ\.jdks\JDK\bin\jsvml.dll
Event: 0.095 Loaded shared library C:\Users\ŧŠÎŠ\.jdks\JDK\bin\zip.dll
Event: 0.101 Loaded shared library C:\Users\ŧŠÎŠ\.jdks\JDK\bin\instrument.dll
Event: 0.106 Loaded shared library C:\Users\ŧŠÎŠ\.jdks\JDK\bin\net.dll
Event: 0.107 Loaded shared library C:\Users\ŧŠÎŠ\.jdks\JDK\bin\nio.dll
Event: 0.110 Loaded shared library C:\Users\ŧŠÎŠ\.jdks\JDK\bin\zip.dll
Event: 0.165 Loaded shared library D:\Software_APP_XXXXXXXXXXXXXXXXXXX\Software\IntelliJ IDEA 2024.1.1\bin\breakgen64.dll
Event: 0.172 Loaded shared library C:\Users\ŧŠÎŠ\.jdks\JDK\bin\jimage.dll
Event: 0.175 Loaded shared library C:\Users\ŧŠÎŠ\.jdks\JDK\bin\extnet.dll
Event: 0.205 Loaded shared library C:\Users\ŧŠÎŠ\.jdks\JDK\bin\management.dll
Event: 0.224 Loaded shared library C:\Users\ŧŠÎŠ\.jdks\JDK\bin\management_ext.dll
Event: 0.481 Loaded shared library C:\Users\ŧŠÎŠ\.jdks\JDK\bin\verify.dll
Event: 2.186 Loaded shared library C:\Users\ŧŠÎŠ\.jdks\JDK\bin\sunmscapi.dll

Deoptimization events (16 events):
Event: 0.318 Thread 0x000002630b377e00 DEOPT PACKING pc=0x00000263137da9dd sp=0x000000d6365fd440
Event: 0.318 Thread 0x000002630b377e00 DEOPT UNPACKING pc=0x00000263134ae462 sp=0x000000d6365fc8f0 mode 3
Event: 0.326 Thread 0x000002630b377e00 DEOPT PACKING pc=0x00000263137f29e0 sp=0x000000d6365fd410
Event: 0.326 Thread 0x000002630b377e00 DEOPT UNPACKING pc=0x00000263134ae462 sp=0x000000d6365fc8c8 mode 3
Event: 1.000 Thread 0x000002630b377e00 DEOPT PACKING pc=0x0000026313a7d5e1 sp=0x000000d6365fd630
Event: 1.000 Thread 0x000002630b377e00 DEOPT UNPACKING pc=0x00000263134ae462 sp=0x000000d6365fcb10 mode 3
Event: 1.885 Thread 0x000002630b377e00 DEOPT PACKING pc=0x0000026313b5a775 sp=0x000000d6365fc8c0
Event: 1.885 Thread 0x000002630b377e00 DEOPT UNPACKING pc=0x00000263134ae462 sp=0x000000d6365fbe28 mode 3
Event: 1.936 Thread 0x000002630b377e00 DEOPT PACKING pc=0x0000026313a1533c sp=0x000000d6365fbb70
Event: 1.936 Thread 0x000002630b377e00 DEOPT UNPACKING pc=0x00000263134ae462 sp=0x000000d6365fb038 mode 0
Event: 4.582 Thread 0x000002630b377e00 DEOPT PACKING pc=0x0000026313a9bd71 sp=0x000000d6365fe120
Event: 4.582 Thread 0x000002630b377e00 DEOPT UNPACKING pc=0x00000263134ae462 sp=0x000000d6365fd628 mode 3
Event: 4.582 Thread 0x000002630b377e00 DEOPT PACKING pc=0x0000026313a6f31a sp=0x000000d6365fe0e0
Event: 4.582 Thread 0x000002630b377e00 DEOPT UNPACKING pc=0x00000263134ae462 sp=0x000000d6365fd628 mode 3
Event: 10.038 Thread 0x000002636d1e1b00 DEOPT PACKING pc=0x00000263138e9661 sp=0x000000d638dfc320
Event: 10.038 Thread 0x000002636d1e1b00 DEOPT UNPACKING pc=0x00000263134ae462 sp=0x000000d638dfb800 mode 3

Classes loaded (20 events):
Event: 9.253 Loading class java/lang/invoke/SerializedLambda
Event: 9.308 Loading class java/lang/invoke/SerializedLambda done
Event: 9.310 Loading class java/lang/ProcessBuilder
Event: 9.310 Loading class java/lang/ProcessBuilder done
Event: 9.311 Loading class sun/misc/Unsafe
Event: 9.312 Loading class sun/misc/Unsafe done
Event: 9.329 Loading class sun/reflect/generics/repository/FieldRepository
Event: 9.329 Loading class sun/reflect/generics/repository/FieldRepository done
Event: 9.353 Loading class java/util/TimerTask
Event: 9.354 Loading class java/util/TimerTask done
Event: 9.453 Loading class java/util/concurrent/ConcurrentLinkedQueue$Itr
Event: 9.453 Loading class java/util/concurrent/ConcurrentLinkedQueue$Itr done
Event: 9.462 Loading class java/util/stream/LongStream
Event: 9.463 Loading class java/util/stream/LongStream done
Event: 9.463 Loading class java/util/stream/DoubleStream
Event: 9.464 Loading class java/util/stream/DoubleStream done
Event: 9.496 Loading class java/nio/StringCharBuffer
Event: 9.496 Loading class java/nio/StringCharBuffer done
Event: 9.962 Loading class sun/reflect/generics/tree/IntSignature
Event: 9.962 Loading class sun/reflect/generics/tree/IntSignature done

Classes unloaded (0 events):
No events

Classes redefined (0 events):
No events

Internal exceptions (20 events):
Event: 4.079 Thread 0x000002630b377e00 Exception <a 'java/lang/NoSuchMethodError'{0x0000000705c51c98}: 'java.lang.Object java.lang.invoke.DirectMethodHandle$Holder.newInvokeSpecial(java.lang.Object, java.lang.Object, java.lang.Object, java.lang.Object, java.lang.Object, java.lang.Object, java.lang.Object, java.lang.Object)'> (0x0000000705c51c98) 
thrown [s\open\src\hotspot\share\interpreter\linkResolver.cpp, line 773]
Event: 4.362 Thread 0x000002630b377e00 Exception <a 'java/lang/NoSuchMethodError'{0x00000007057fd218}: 'void java.lang.invoke.DirectMethodHandle$Holder.invokeVirtual(java.lang.Object, java.lang.Object, long)'> (0x00000007057fd218) 
thrown [s\open\src\hotspot\share\interpreter\linkResolver.cpp, line 773]
Event: 4.466 Thread 0x000002630b377e00 Exception <a 'java/lang/ClassNotFoundException'{0x0000000710494fa0}: sun/net/www/protocol/d/Handler> (0x0000000710494fa0) 
thrown [s\open\src\hotspot\share\classfile\systemDictionary.cpp, line 305]
Event: 4.589 Thread 0x000002630b377e00 Exception <a 'java/lang/IncompatibleClassChangeError'{0x00000007103f2ea8}: Found class java.lang.Object, but interface was expected> (0x00000007103f2ea8) 
thrown [s\open\src\hotspot\share\interpreter\linkResolver.cpp, line 840]
Event: 4.607 Thread 0x000002630b377e00 Exception <a 'java/lang/ClassNotFoundException'{0x000000070747fb08}: sun/net/www/protocol/d/Handler> (0x000000070747fb08) 
thrown [s\open\src\hotspot\share\classfile\systemDictionary.cpp, line 305]
Event: 4.643 Thread 0x000002630b377e00 Exception <a 'java/lang/NoSuchMethodError'{0x000000070757ec38}: 'int java.lang.invoke.DirectMethodHandle$Holder.invokeStaticInit(java.lang.Object, java.lang.Object, java.lang.Object, java.lang.Object)'> (0x000000070757ec38) 
thrown [s\open\src\hotspot\share\interpreter\linkResolver.cpp, line 773]
Event: 4.811 Thread 0x000002630b377e00 Exception <a 'java/lang/NoSuchMethodError'{0x0000000706f89750}: 'java.lang.Object java.lang.invoke.DirectMethodHandle$Holder.invokeSpecial(java.lang.Object, java.lang.Object, int, java.lang.Object, int, java.lang.Object)'> (0x0000000706f89750) 
thrown [s\open\src\hotspot\share\interpreter\linkResolver.cpp, line 773]
Event: 4.812 Thread 0x000002630b377e00 Exception <a 'java/lang/NoSuchMethodError'{0x0000000706f91260}: 'java.lang.Object java.lang.invoke.DirectMethodHandle$Holder.newInvokeSpecial(java.lang.Object, java.lang.Object, int, java.lang.Object, int)'> (0x0000000706f91260) 
thrown [s\open\src\hotspot\share\interpreter\linkResolver.cpp, line 773]
Event: 4.812 Thread 0x000002630b377e00 Exception <a 'java/lang/NoSuchMethodError'{0x0000000706f950d0}: 'java.lang.Object java.lang.invoke.DirectMethodHandle$Holder.invokeSpecial(java.lang.Object, java.lang.Object, java.lang.Object, int, java.lang.Object, int)'> (0x0000000706f950d0) 
thrown [s\open\src\hotspot\share\interpreter\linkResolver.cpp, line 773]
Event: 5.180 Thread 0x000002636cc06050 Exception <a 'java/lang/NoSuchMethodError'{0x0000000706ad3510}: 'java.lang.Object java.lang.invoke.DirectMethodHandle$Holder.invokeInterface(java.lang.Object, java.lang.Object, java.lang.Object, java.lang.Object, java.lang.Object, java.lang.Object, java.lang.Object)'> (0x0000000706ad3510) 
thrown [s\open\src\hotspot\share\interpreter\linkResolver.cpp, line 773]
Event: 9.213 Thread 0x000002636d1e3590 Exception <a 'java/lang/NoSuchMethodError'{0x0000000705f99ee8}: 'java.lang.Object java.lang.invoke.DirectMethodHandle$Holder.invokeInterface(java.lang.Object, java.lang.Object, java.lang.Object, java.lang.Object)'> (0x0000000705f99ee8) 
thrown [s\open\src\hotspot\share\interpreter\linkResolver.cpp, line 773]
Event: 9.244 Thread 0x000002636d1e3590 Exception <a 'java/lang/ClassNotFoundException'{0x0000000705c8f7e8}: java/util/MapBeanInfo> (0x0000000705c8f7e8) 
thrown [s\open\src\hotspot\share\classfile\systemDictionary.cpp, line 305]
Event: 9.245 Thread 0x000002636d1e3590 Exception <a 'java/lang/ClassNotFoundException'{0x0000000705c93280}: java/util/MapCustomizer> (0x0000000705c93280) 
thrown [s\open\src\hotspot\share\classfile\systemDictionary.cpp, line 305]
Event: 9.387 Thread 0x000002636d1e3590 Exception <a 'java/lang/NoSuchMethodError'{0x00000007058c0610}: 'void java.lang.invoke.DelegatingMethodHandle$Holder.reinvoke_L(java.lang.Object, java.lang.Object, int, long)'> (0x00000007058c0610) 
thrown [s\open\src\hotspot\share\interpreter\linkResolver.cpp, line 773]
Event: 9.389 Thread 0x000002636d1e3590 Exception <a 'java/lang/NoSuchMethodError'{0x00000007058d2150}: 'void java.lang.invoke.DirectMethodHandle$Holder.invokeInterface(java.lang.Object, java.lang.Object, int, java.lang.Object)'> (0x00000007058d2150) 
thrown [s\open\src\hotspot\share\interpreter\linkResolver.cpp, line 773]
Event: 9.389 Thread 0x000002636d1e3590 Exception <a 'java/lang/NoSuchMethodError'{0x00000007058d5d80}: 'void java.lang.invoke.DelegatingMethodHandle$Holder.reinvoke_L(java.lang.Object, java.lang.Object, int, java.lang.Object)'> (0x00000007058d5d80) 
thrown [s\open\src\hotspot\share\interpreter\linkResolver.cpp, line 773]
Event: 9.449 Thread 0x000002636d1e3590 Exception <a 'java/lang/NoSuchMethodError'{0x00000007056a9210}: 'long java.lang.invoke.DirectMethodHandle$Holder.invokeInterface(java.lang.Object, java.lang.Object, java.lang.Object)'> (0x00000007056a9210) 
thrown [s\open\src\hotspot\share\interpreter\linkResolver.cpp, line 773]
Event: 10.015 Thread 0x000002636d1e1b00 Exception <a 'java/lang/NoSuchMethodError'{0x0000000712e51850}: 'java.lang.Object java.lang.invoke.DirectMethodHandle$Holder.invokeVirtual(java.lang.Object, java.lang.Object, java.lang.Object, int, int)'> (0x0000000712e51850) 
thrown [s\open\src\hotspot\share\interpreter\linkResolver.cpp, line 773]
Event: 10.016 Thread 0x000002636d1e1b00 Exception <a 'java/lang/NoSuchMethodError'{0x0000000712e590c0}: 'java.lang.Object java.lang.invoke.DelegatingMethodHandle$Holder.reinvoke_L(java.lang.Object, java.lang.Object, java.lang.Object, int, int)'> (0x0000000712e590c0) 
thrown [s\open\src\hotspot\share\interpreter\linkResolver.cpp, line 773]
Event: 10.054 Thread 0x000002636d1e1b00 Exception <a 'java/lang/NoSuchMethodError'{0x0000000712fbf408}: 'java.lang.Object java.lang.invoke.DelegatingMethodHandle$Holder.reinvoke_L(java.lang.Object, java.lang.Object, java.lang.Object, int, int, int, java.lang.Object, java.lang.Object, java.lang.Object, java.lang.Object, java.lang.Object, java.lang.Object, java.lang.Object)'> (0x0000000712fbf408) 
thrown [s\open\src\hotspot\share\interpreter\linkResolver.cpp, line 773]

VM Operations (20 events):
Event: 4.600 Executing VM operation: HandshakeAllThreads
Event: 4.600 Executing VM operation: HandshakeAllThreads done
Event: 5.601 Executing VM operation: Cleanup
Event: 5.601 Executing VM operation: Cleanup done
Event: 8.808 Executing VM operation: HandshakeAllThreads
Event: 8.808 Executing VM operation: HandshakeAllThreads done
Event: 8.808 Executing VM operation: Cleanup
Event: 8.808 Executing VM operation: Cleanup done
Event: 9.113 Executing VM operation: HandshakeAllThreads
Event: 9.113 Executing VM operation: HandshakeAllThreads done
Event: 9.188 Executing VM operation: HandshakeAllThreads
Event: 9.189 Executing VM operation: HandshakeAllThreads done
Event: 9.204 Executing VM operation: HandshakeAllThreads
Event: 9.204 Executing VM operation: HandshakeAllThreads done
Event: 9.455 Executing VM operation: HandshakeAllThreads
Event: 9.455 Executing VM operation: HandshakeAllThreads done
Event: 9.497 Executing VM operation: HandshakeAllThreads
Event: 9.497 Executing VM operation: HandshakeAllThreads done
Event: 9.948 Executing VM operation: G1CollectForAllocation
Event: 9.959 Executing VM operation: G1CollectForAllocation done

Events (20 events):
Event: 4.828 Thread 0x000002636da72060 Thread added: 0x000002636da72060
Event: 4.828 Thread 0x000002636da72b00 Thread added: 0x000002636da72b00
Event: 4.828 Thread 0x000002636da6e0a0 Thread added: 0x000002636da6e0a0
Event: 4.828 Thread 0x000002636da6e5f0 Thread added: 0x000002636da6e5f0
Event: 4.828 Thread 0x000002636da75030 Thread added: 0x000002636da75030
Event: 4.846 Thread 0x000002636da74590 Thread added: 0x000002636da74590
Event: 4.852 Thread 0x000002636da70080 Thread added: 0x000002636da70080
Event: 4.882 Thread 0x000002630b377e00 Thread exited: 0x000002630b377e00
Event: 4.883 Thread 0x000002636da75580 Thread added: 0x000002636da75580
Event: 5.165 Thread 0x000002636da75ad0 Thread added: 0x000002636da75ad0
Event: 5.175 Thread 0x000002636da75ad0 Thread exited: 0x000002636da75ad0
Event: 5.175 Thread 0x000002636da6eb40 Thread added: 0x000002636da6eb40
Event: 5.188 Thread 0x000002636da6eb40 Thread exited: 0x000002636da6eb40
Event: 5.189 Thread 0x000002636da75ad0 Thread added: 0x000002636da75ad0
Event: 5.190 Thread 0x000002636da73050 Thread added: 0x000002636da73050
Event: 5.191 Thread 0x000002636da6f090 Thread added: 0x000002636da6f090
Event: 5.195 Thread 0x000002636da75ad0 Thread exited: 0x000002636da75ad0
Event: 5.207 Thread 0x000002636da6f090 Thread exited: 0x000002636da6f090
Event: 7.604 Thread 0x000002636d1e4580 Thread exited: 0x000002636d1e4580
Event: 8.748 Thread 0x00000263638d2e50 Thread exited: 0x00000263638d2e50


Dynamic libraries:
0x00007ff7ac490000 - 0x00007ff7ac4a0000 	C:\Users\ŧŠÎŠ\.jdks\JDK\bin\java.exe
0x00007ff8ad9f0000 - 0x00007ff8adbe8000 	C:\Windows\SYSTEM32\ntdll.dll
0x00007ff8abad0000 - 0x00007ff8abb92000 	C:\Windows\System32\KERNEL32.DLL
0x00007ff8ab360000 - 0x00007ff8ab656000 	C:\Windows\System32\KERNELBASE.dll
0x00007ff8ab260000 - 0x00007ff8ab360000 	C:\Windows\System32\ucrtbase.dll
0x00007ff8a3830000 - 0x00007ff8a384b000 	C:\Users\ŧŠÎŠ\.jdks\JDK\bin\VCRUNTIME140.dll
0x00007ff8a3810000 - 0x00007ff8a3829000 	C:\Users\ŧŠÎŠ\.jdks\JDK\bin\jli.dll
0x00007ff8ac390000 - 0x00007ff8ac43f000 	C:\Windows\System32\ADVAPI32.dll
0x00007ff8ad0e0000 - 0x00007ff8ad17e000 	C:\Windows\System32\msvcrt.dll
0x00007ff8ac460000 - 0x00007ff8ac4ff000 	C:\Windows\System32\sechost.dll
0x00007ff8ac6e0000 - 0x00007ff8ac803000 	C:\Windows\System32\RPCRT4.dll
0x00007ff8ab0b0000 - 0x00007ff8ab0d7000 	C:\Windows\System32\bcrypt.dll
0x00007ff8ac500000 - 0x00007ff8ac69d000 	C:\Windows\System32\USER32.dll
0x00007ff8ab080000 - 0x00007ff8ab0a2000 	C:\Windows\System32\win32u.dll
0x00007ff8aa550000 - 0x00007ff8aa7ea000 	C:\Windows\WinSxS\amd64_microsoft.windows.common-controls_6595b64144ccf1df_6.0.19041.4355_none_60b8b9eb71f62e16\COMCTL32.dll
0x00007ff8ad830000 - 0x00007ff8ad85b000 	C:\Windows\System32\GDI32.dll
0x00007ff8ab8f0000 - 0x00007ff8aba0a000 	C:\Windows\System32\gdi32full.dll
0x00007ff8ab170000 - 0x00007ff8ab20d000 	C:\Windows\System32\msvcp_win.dll
0x00007ff8a1b50000 - 0x00007ff8a1b5a000 	C:\Windows\SYSTEM32\VERSION.dll
0x00007ff8ac6b0000 - 0x00007ff8ac6df000 	C:\Windows\System32\IMM32.DLL
0x00007ff8a6e10000 - 0x00007ff8a6e1c000 	C:\Users\ŧŠÎŠ\.jdks\JDK\bin\vcruntime140_1.dll
0x00007ff894e40000 - 0x00007ff894ece000 	C:\Users\ŧŠÎŠ\.jdks\JDK\bin\msvcp140.dll
0x00007ff839a20000 - 0x00007ff83a6b8000 	C:\Users\ŧŠÎŠ\.jdks\JDK\bin\server\jvm.dll
0x00007ff891190000 - 0x00007ff8911b7000 	C:\Windows\SYSTEM32\WINMM.dll
0x00007ff8a4a50000 - 0x00007ff8a4a59000 	C:\Windows\SYSTEM32\WSOCK32.dll
0x00007ff8ad070000 - 0x00007ff8ad0db000 	C:\Windows\System32\WS2_32.dll
0x00007ff8a9220000 - 0x00007ff8a9232000 	C:\Windows\SYSTEM32\kernel.appcore.dll
0x00007ff8a2e90000 - 0x00007ff8a2e9a000 	C:\Users\ŧŠÎŠ\.jdks\JDK\bin\jimage.dll
0x00007ff8aaa80000 - 0x00007ff8aac64000 	C:\Windows\SYSTEM32\DBGHELP.DLL
0x00007ff8aa9c0000 - 0x00007ff8aa9f4000 	C:\Windows\SYSTEM32\dbgcore.DLL
0x00007ff8ab0e0000 - 0x00007ff8ab162000 	C:\Windows\System32\bcryptPrimitives.dll
0x00007ff8a2e80000 - 0x00007ff8a2e8e000 	C:\Users\ŧŠÎŠ\.jdks\JDK\bin\instrument.dll
0x00007ff896ac0000 - 0x00007ff896ae6000 	C:\Users\ŧŠÎŠ\.jdks\JDK\bin\java.dll
0x00007ff894d60000 - 0x00007ff894e37000 	C:\Users\ŧŠÎŠ\.jdks\JDK\bin\jsvml.dll
0x00007ff8ac900000 - 0x00007ff8ad06f000 	C:\Windows\System32\SHELL32.dll
0x00007ff8a8a60000 - 0x00007ff8a9203000 	C:\Windows\SYSTEM32\windows.storage.dll
0x00007ff8abba0000 - 0x00007ff8abef5000 	C:\Windows\System32\combase.dll
0x00007ff8aa3a0000 - 0x00007ff8aa3cb000 	C:\Windows\SYSTEM32\Wldp.dll
0x00007ff8ac0e0000 - 0x00007ff8ac1ad000 	C:\Windows\System32\OLEAUT32.dll
0x00007ff8abf00000 - 0x00007ff8abfad000 	C:\Windows\System32\SHCORE.dll
0x00007ff8aba10000 - 0x00007ff8aba65000 	C:\Windows\System32\shlwapi.dll
0x00007ff8aafb0000 - 0x00007ff8aafd5000 	C:\Windows\SYSTEM32\profapi.dll
0x00007ff8a2000000 - 0x00007ff8a2018000 	C:\Users\ŧŠÎŠ\.jdks\JDK\bin\zip.dll
0x00007ff897db0000 - 0x00007ff897dc3000 	C:\Users\ŧŠÎŠ\.jdks\JDK\bin\net.dll
0x00007ff8a6060000 - 0x00007ff8a616a000 	C:\Windows\SYSTEM32\WINHTTP.dll
0x00007ff8aa200000 - 0x00007ff8aa26c000 	C:\Windows\system32\mswsock.dll
0x00007ff897be0000 - 0x00007ff897bf6000 	C:\Users\ŧŠÎŠ\.jdks\JDK\bin\nio.dll
0x00007ff894ee0000 - 0x00007ff894efa000 	D:\Software_APP_XXXXXXXXXXXXXXXXXXX\Software\IntelliJ IDEA 2024.1.1\bin\breakgen64.dll
0x00007ff89a910000 - 0x00007ff89a917000 	C:\Users\ŧŠÎŠ\.jdks\JDK\bin\extnet.dll
0x00007ff8a9e10000 - 0x00007ff8a9eda000 	C:\Windows\SYSTEM32\DNSAPI.dll
0x00007ff8a9dd0000 - 0x00007ff8a9e0b000 	C:\Windows\SYSTEM32\IPHLPAPI.DLL
0x00007ff8abfb0000 - 0x00007ff8abfb8000 	C:\Windows\System32\NSI.dll
0x00007ff8a5550000 - 0x00007ff8a555a000 	C:\Windows\System32\rasadhlp.dll
0x00007ff8a0fa0000 - 0x00007ff8a1020000 	C:\Windows\System32\fwpuclnt.dll
0x00007ff897b00000 - 0x00007ff897b0a000 	C:\Users\ŧŠÎŠ\.jdks\JDK\bin\management.dll
0x00007ff897840000 - 0x00007ff89784b000 	C:\Users\ŧŠÎŠ\.jdks\JDK\bin\management_ext.dll
0x00007ff8ac810000 - 0x00007ff8ac818000 	C:\Windows\System32\PSAPI.DLL
0x00007ff8aadf0000 - 0x00007ff8aae08000 	C:\Windows\SYSTEM32\CRYPTSP.dll
0x00007ff8a9a70000 - 0x00007ff8a9aa8000 	C:\Windows\system32\rsaenh.dll
0x00007ff8aaf30000 - 0x00007ff8aaf5e000 	C:\Windows\SYSTEM32\USERENV.dll
0x00007ff8aa1d0000 - 0x00007ff8aa1dc000 	C:\Windows\SYSTEM32\CRYPTBASE.dll
0x00007ff8a2f70000 - 0x00007ff8a2f87000 	C:\Windows\SYSTEM32\dhcpcsvc6.DLL
0x00007ff8a3c10000 - 0x00007ff8a3c2d000 	C:\Windows\SYSTEM32\dhcpcsvc.DLL
0x00007ff87e190000 - 0x00007ff87e1a7000 	C:\Windows\system32\napinsp.dll
0x00007ff87e170000 - 0x00007ff87e18b000 	C:\Windows\system32\pnrpnsp.dll
0x00007ff8a62d0000 - 0x00007ff8a62e5000 	C:\Windows\system32\wshbth.dll
0x00007ff8a6030000 - 0x00007ff8a604d000 	C:\Windows\system32\NLAapi.dll
0x00007ff87e150000 - 0x00007ff87e162000 	C:\Windows\System32\winrnr.dll
0x00007ff896f00000 - 0x00007ff896f10000 	C:\Users\ŧŠÎŠ\.jdks\JDK\bin\verify.dll
0x00007ff896ab0000 - 0x00007ff896abe000 	C:\Users\ŧŠÎŠ\.jdks\JDK\bin\sunmscapi.dll
0x00007ff8ab790000 - 0x00007ff8ab8ed000 	C:\Windows\System32\CRYPT32.dll
0x00007ff8aa410000 - 0x00007ff8aa437000 	C:\Windows\SYSTEM32\ncrypt.dll
0x00007ff8aa3d0000 - 0x00007ff8aa40b000 	C:\Windows\SYSTEM32\NTASN1.dll
0x00007ff8933c0000 - 0x00007ff8933c7000 	C:\Windows\system32\wshunix.dll

dbghelp: loaded successfully - version: 4.0.5 - missing functions: none
symbol engine: initialized successfully - sym options: 0x614 - pdb path: .;C:\Users\ŧŠÎŠ\.jdks\JDK\bin;C:\Windows\SYSTEM32;C:\Windows\WinSxS\amd64_microsoft.windows.common-controls_6595b64144ccf1df_6.0.19041.4355_none_60b8b9eb71f62e16;C:\Users\ŧŠÎŠ\.jdks\JDK\bin\se;C:\Users\ŧŠÎŠ\.jdks\JDK\bin\;C:\Users\ŧŠÎŠ\.jdks\JDK\bi;C:\Users\ŧŠÎŠ\.jdks\JDK\;C:\Users\ŧŠÎŠ\.jdks\JD;C:\Users\ŧŠÎŠ\.jdks\;C:\Users\ŧŠÎŠ\.jdks\JDK\bin\server;D:\Software_APP_XXXXXXXXXXXXXXXXXXX\Software\IntelliJ I;D:\Software_APP_XXXXXXXXXXXXXXXXXXX\Software\IntelliJ I;D:\Software_APP_XXXXXXXXXXXXXXXXXXX\Software\IntelliJ I;D:\Software_APP_XXXXXXXXXXXXXXXXXXX\Software\IntelliJ I;D:\Software_APP_XXXXXXXXXXXXXXXXXXX\Software\IntelliJ I;D:\Software_APP_XXXXXXXXXXXXXXXXXXX\Software\IntelliJ I;D:\Software_APP_XXXXXXXXXXXXXXXXXXX\Software\IntelliJ I

VM Arguments:
jvm_args: -XX:TieredStopAtLevel=1 -Dspring.output.ansi.enabled=always -Dcom.sun.management.jmxremote -Dspring.jmx.enabled=true -Dspring.liveBeansView.mbeanDomain -Dspring.application.admin.enabled=true -Dmanagement.endpoints.jmx.exposure.include=* -javaagent:D:\Software_APP_XXXXXXXXXXXXXXXXXXX\Software\IntelliJ IDEA 2024.1.1\lib\idea_rt.jar=45239:D:\Software_APP_XXXXXXXXXXXXXXXXXXX\Software\IntelliJ IDEA 2024.1.1\bin -Dfile.encoding=UTF-8 -Dsun.stdout.encoding=UTF-8 -Dsun.stderr.encoding=UTF-8 
java_command: com.example.registerlogin.RegisterLoginApplication
java_class_path (initial): D:\BBBBBBBBBBBBBBBBBBBB\Login\7\RegisterLogin\target\classes;C:\Users\ŧŠÎŠ\.m2\repository\org\springframework\boot\spring-boot-starter-data-jpa\2.7.5\spring-boot-starter-data-jpa-2.7.5.jar;C:\Users\ŧŠÎŠ\.m2\repository\org\springframework\boot\spring-boot-starter-aop\2.7.5\spring-boot-starter-aop-2.7.5.jar;C:\Users\ŧŠÎŠ\.m2\repository\org\springframework\spring-aop\5.3.23\spring-aop-5.3.23.jar;C:\Users\ŧŠÎŠ\.m2\repository\org\aspectj\aspectjweaver\1.9.7\aspectjweaver-1.9.7.jar;C:\Users\ŧŠÎŠ\.m2\repository\org\springframework\boot\spring-boot-starter-jdbc\2.7.5\spring-boot-starter-jdbc-2.7.5.jar;C:\Users\ŧŠÎŠ\.m2\repository\com\zaxxer\HikariCP\4.0.3\HikariCP-4.0.3.jar;C:\Users\ŧŠÎŠ\.m2\repository\org\springframework\spring-jdbc\5.3.23\spring-jdbc-5.3.23.jar;C:\Users\ŧŠÎŠ\.m2\repository\jakarta\transaction\jakarta.transaction-api\1.3.3\jakarta.transaction-api-1.3.3.jar;C:\Users\ŧŠÎŠ\.m2\repository\jakarta\persistence\jakarta.persistence-api\2.2.3\jakarta.persistence-api-2.2.3.jar;C:\Users\ŧŠÎŠ\.m2\repository\org\hibernate\hibernate-core\5.6.12.Final\hibernate-core-5.6.12.Final.jar;C:\Users\ŧŠÎŠ\.m2\repository\org\jboss\logging\jboss-logging\3.4.3.Final\jboss-logging-3.4.3.Final.jar;C:\Users\ŧŠÎŠ\.m2\repository\net\bytebuddy\byte-buddy\1.12.18\byte-buddy-1.12.18.jar;C:\Users\ŧŠÎŠ\.m2\repository\antlr\antlr\2.7.7\antlr-2.7.7.jar;C:\Users\ŧŠÎŠ\.m2\repository\org\jboss\jandex\2.4.2.Final\jandex-2.4.2.Final.jar;C:\Users\ŧŠÎŠ\.m2\repository\com\fasterxml\classmate\1.5.1\classmate-1.5.1.jar;C:\Users\ŧŠÎŠ\.m2\repository\org\hibernate\common\hibernate-commons-annotations\5.1.2.Final\hibernate-commons-annotations-5.1.2.Final.jar;C:\Users\ŧŠÎŠ\.m2\repository\org\glassfish\jaxb\jaxb-runtime\2.3.7\jaxb-runtime-2.3.7.jar;C:\Users\ŧŠÎŠ\.m2\repository\org\glassfish\jaxb\txw2\2.3.7\txw2-2.3.7.jar;C:\Users\ŧŠÎŠ\.m2\repository\com\sun\istack\istack-commons-runtime\3.0.12\istack-commons-runtime-3.0.12.jar;C:\Users\ŧŠÎŠ\.m2\repository\com\sun\activation\jakarta.activation\1.2.2\jakarta.activation-1.2.2.jar;C:\Users\ŧŠÎŠ\.m2\repository\org\springframework\data\spring-data-jpa\2.7.5\spring-data-jpa-2.7.5.jar;C:\Users\ŧŠÎŠ\.m2\repository\org\springframework\data\spring-data-commons\2.7.5\spring-data-commons-2.7.5.jar;C:\Users\ŧŠÎŠ\.m2\repository\org\springframework\spring-orm\5.3.23\spring-orm-5.3.23.jar;C:\Users\ŧŠÎŠ\.m2\repository\org\springframework\spring-context\5.3.23\spring-context-5.3.23.jar;C:\Users\ŧŠÎŠ\.m2\repository\org\springframework\spring-tx\5.3.23\spring-tx-5.3.23.jar;C:\Users\ŧŠÎŠ\.m2\repository\org\springframework\spring-beans\5.3.23\spring-beans-5.3.23.jar;C:\Users\ŧŠÎŠ\.m2\repository\org\springframework\spring-aspects\5.3.23\spring-aspects-5.3.23.jar;C:\Users\ŧŠÎŠ\.m2\repository\org\springframework\boot\spring-boot-starter-web\2.7.5\spring-boot-starter-web-2.7.5.jar;C:\Users\ŧŠÎŠ\.m2\repository\org\springframework\boot\spring-boot-starter\2.7.5\spring-boot-starter-2.7.5.jar;C:\Users\ŧŠÎŠ\.m2\repository\org\springframework\boot\spring-boot\2.7.5\spring-boot-2.7.5.jar;C:\Users\ŧŠÎŠ\.m2\repository\org\springframework\boot\spring-boot-starter-logging\2.7.5\spring-boot-starter-logging-2.7.5.jar;C:\Users\ŧŠÎŠ\.m2\repository\org\apache\logging\log4j\log4j-to-slf4j\2.17.2\log4j-to-slf4j-2.17.2.jar;C:\Users\ŧŠÎŠ\.m2\repository\org\apache\logging\log4j\log4j-api\2.17.2\log4j-api-2.17.2.jar;C:\Users\ŧŠÎŠ\.m2\repository\org\slf4j\jul-to-slf4j\1.7.36\jul-to-slf4j-1.7.36.jar;C:\Users\ŧŠÎŠ\.m2\repository\jakarta\annotation\jakarta.annotation-api\1.3.5\jakarta.annotation-api-1.3.5.jar;C:\Users\ŧŠÎŠ\.m2\repository\org\yaml\snakeyaml\1.30\snakeyaml-1.30.jar;C:\Users\ŧŠÎŠ\.m2\repository\org\springframework\boot\spring-boot-starter-json\2.7.5\spring-boot-starter-json-2.7.5.jar;C:\Users\ŧŠÎŠ\.m2\repository\com\fasterxml\jackson\core\jackson-databind\2.13.4.2\jackson-databind-2.13.4.2.jar;C:\Users\ŧŠÎŠ\.m2\repository\com\fasterxml\jackson\core\jackson-annotations\2.13.4\jackson-annotations-2.13.4.jar;C:\Users\ŧŠÎŠ\.m2\repository\com\fasterxml\jackson\core\jackson-core\2.13.4\jackson-core-2.13.4.jar;C:\Users\ŧŠÎŠ\.m2\repository\com\fasterxml\jackson\datatype\jackson-datatype-jdk8\2.13.4\jackson-datatype-jdk8-2.13.4.jar;C:\Users\ŧŠÎŠ\.m2\repository\com\fasterxml\jackson\datatype\jackson-datatype-jsr310\2.13.4\jackson-datatype-jsr310-2.13.4.jar;C:\Users\ŧŠÎŠ\.m2\repository\com\fasterxml\jackson\module\jackson-module-parameter-names\2.13.4\jackson-module-parameter-names-2.13.4.jar;C:\Users\ŧŠÎŠ\.m2\repository\org\springframework\boot\spring-boot-starter-tomcat\2.7.5\spring-boot-starter-tomcat-2.7.5.jar;C:\Users\ŧŠÎŠ\.m2\repository\org\apache\tomcat\embed\tomcat-embed-core\9.0.68\tomcat-embed-core-9.0.68.jar;C:\Users\ŧŠÎŠ\.m2\repository\org\apache\tomcat\embed\tomcat-embed-el\9.0.68\tomcat-embed-el-9.0.68.jar;C:\Users\ŧŠÎŠ\.m2\repository\org\apache\tomcat\embed\tomcat-embed-websocket\9.0.68\tomcat-embed-websocket-9.0.68.jar;C:\Users\ŧŠÎŠ\.m2\repository\org\springframework\spring-web\5.3.23\spring-web-5.3.23.jar;C:\Users\ŧŠÎŠ\.m2\repository\org\springframework\spring-webmvc\5.3.23\spring-webmvc-5.3.23.jar;C:\Users\ŧŠÎŠ\.m2\repository\org\springframework\spring-expression\5.3.23\spring-expression-5.3.23.jar;C:\Users\ŧŠÎŠ\.m2\repository\com\mysql\mysql-connector-j\8.0.31\mysql-connector-j-8.0.31.jar;C:\Users\ŧŠÎŠ\.m2\repository\org\projectlombok\lombok\1.18.24\lombok-1.18.24.jar;C:\Users\ŧŠÎŠ\.m2\repository\com\baomidou\mybatis-plus-boot-starter\3.5.3.1\mybatis-plus-boot-starter-3.5.3.1.jar;C:\Users\ŧŠÎŠ\.m2\repository\com\baomidou\mybatis-plus\3.5.3.1\mybatis-plus-3.5.3.1.jar;C:\Users\ŧŠÎŠ\.m2\repository\com\baomidou\mybatis-plus-extension\3.5.3.1\mybatis-plus-extension-3.5.3.1.jar;C:\Users\ŧŠÎŠ\.m2\repository\com\baomidou\mybatis-plus-core\3.5.3.1\mybatis-plus-core-3.5.3.1.jar;C:\Users\ŧŠÎŠ\.m2\repository\com\baomidou\mybatis-plus-annotation\3.5.3.1\mybatis-plus-annotation-3.5.3.1.jar;C:\Users\ŧŠÎŠ\.m2\repository\com\github\jsqlparser\jsqlparser\4.4\jsqlparser-4.4.jar;C:\Users\ŧŠÎŠ\.m2\repository\org\mybatis\mybatis\3.5.10\mybatis-3.5.10.jar;C:\Users\ŧŠÎŠ\.m2\repository\org\mybatis\mybatis-spring\2.0.7\mybatis-spring-2.0.7.jar;C:\Users\ŧŠÎŠ\.m2\repository\org\springframework\boot\spring-boot-autoconfigure\2.7.5\spring-boot-autoconfigure-2.7.5.jar;C:\Users\ŧŠÎŠ\.m2\repository\jakarta\xml\bind\jakarta.xml.bind-api\2.3.3\jakarta.xml.bind-api-2.3.3.jar;C:\Users\ŧŠÎŠ\.m2\repository\jakarta\activation\jakarta.activation-api\1.2.2\jakarta.activation-api-1.2.2.jar;C:\Users\ŧŠÎŠ\.m2\repository\org\springframework\spring-core\5.3.23\spring-core-5.3.23.jar;C:\Users\ŧŠÎŠ\.m2\repository\org\springframework\spring-jcl\5.3.23\spring-jcl-5.3.23.jar;C:\Users\ŧŠÎŠ\.m2\repository\org\slf4j\slf4j-api\1.7.36\slf4j-api-1.7.36.jar;C:\Users\ŧŠÎŠ\.m2\repository\ch\qos\logback\logback-classic\1.2.11\logback-classic-1.2.11.jar;C:\Users\ŧŠÎŠ\.m2\repository\ch\qos\logback\logback-core\1.2.11\logback-core-1.2.11.jar;C:\Users\ŧŠÎŠ\.m2\repository\commons-io\commons-io\2.11.0\commons-io-2.11.0.jar;C:\Users\ŧŠÎŠ\.m2\repository\commons-fileupload\commons-fileupload\1.4\commons-fileupload-1.4.jar;C:\Users\ŧŠÎŠ\.m2\repository\com\squareup\okhttp3\okhttp\4.10.0\okhttp-4.10.0.jar;C:\Users\ŧŠÎŠ\.m2\repository\com\squareup\okio\okio-jvm\3.0.0\okio-jvm-3.0.0.jar;C:\Users\ŧŠÎŠ\.m2\repository\org\jetbrains\kotlin\kotlin-stdlib-jdk8\1.6.21\kotlin-stdlib-jdk8-1.6.21.jar;C:\Users\ŧŠÎŠ\.m2\repository\org\jetbrains\kotlin\kotlin-stdlib-jdk7\1.6.21\kotlin-stdlib-jdk7-1.6.21.jar;C:\Users\ŧŠÎŠ\.m2\repository\org\jetbrains\kotlin\kotlin-stdlib-common\1.6.21\kotlin-stdlib-common-1.6.21.jar;C:\Users\ŧŠÎŠ\.m2\repository\org\jetbrains\kotlin\kotlin-stdlib\1.6.21\kotlin-stdlib-1.6.21.jar;C:\Users\ŧŠÎŠ\.m2\repository\org\jetbrains\annotations\13.0\annotations-13.0.jar
Launcher Type: SUN_STANDARD

[Global flags]
     intx CICompilerCount                          = 4                                         {product} {ergonomic}
     uint ConcGCThreads                            = 2                                         {product} {ergonomic}
     uint G1ConcRefinementThreads                  = 8                                         {product} {ergonomic}
   size_t G1HeapRegionSize                         = 2097152                                   {product} {ergonomic}
    uintx GCDrainStackTargetSize                   = 64                                        {product} {ergonomic}
   size_t InitialHeapSize                          = 266338304                                 {product} {ergonomic}
     bool ManagementServer                         = true                                      {product} {command line}
   size_t MarkStackSize                            = 4194304                                   {product} {ergonomic}
   size_t MaxHeapSize                              = 4242538496                                {product} {ergonomic}
   size_t MaxNewSize                               = 2543845376                                {product} {ergonomic}
   size_t MinHeapDeltaBytes                        = 2097152                                   {product} {ergonomic}
   size_t MinHeapSize                              = 8388608                                   {product} {ergonomic}
    uintx NonProfiledCodeHeapSize                  = 0                                      {pd product} {ergonomic}
     bool ProfileInterpreter                       = false                                  {pd product} {command line}
    uintx ProfiledCodeHeapSize                     = 0                                      {pd product} {ergonomic}
   size_t SoftMaxHeapSize                          = 4242538496                             {manageable} {ergonomic}
     intx TieredStopAtLevel                        = 1                                         {product} {command line}
     bool UseCompressedClassPointers               = true                           {product lp64_product} {ergonomic}
     bool UseCompressedOops                        = true                           {product lp64_product} {ergonomic}
     bool UseG1GC                                  = true                                      {product} {ergonomic}
     bool UseLargePagesIndividualAllocation        = false                                  {pd product} {ergonomic}

Logging:
Log output configuration:
 #0: stdout all=warning uptime,level,tags foldmultilines=false
 #1: stderr all=off uptime,level,tags foldmultilines=false

Environment Variables:
JAVA_HOME=D:\Software_APP_XXXXXXXXXXXXXXXXXXX\Software\Android\Android SDK17
PATH=C:\Program Files\Common Files\Oracle\Java\javapath;C:\Program Files (x86)\Common Files\Oracle\Java\java8path;C:\Program Files (x86)\Common Files\Oracle\Java\javapath;C:\Windows\System32\HWAudioDriverLibs;C:\Windows\system32;C:\Windows;C:\Windows\System32\Wbem;C:\Windows\System32\WindowsPowerShell\v1.0\;C:\Windows\System32\OpenSSH\;C:\Windows\system32\config\systemprofile\AppData\Local\Microsoft\WindowsApps;D:\Software_APP_XXXXXXXXXXXXXXXXXXX\Software\Git\Git\cmd;D:\Profession\Java\tomcat\apache-tomcat-9.0.60\bin;D:Software_APP_XXXXXXXXXXXXXXXXXXX\Software\Android SDK\platform-tools;%JAVA_HOME\bin%;D:\Software_APP_XXXXXXXXXXXXXXXXXXX\Software\Android\Android SDK17\jre\bin;D:\node\;D:\Software_APP_XXXXXXXXXXXXXXXXXXX\Software\IntelliJ IDEA 2024.1.1\JDK\bin;D:\Software_APP_XXXXXXXXXXXXXXXXXXX\Software\Android\Android SDK17\bin;D:\Software_APP_XXXXXXXXXXXXXXXXXXX\Software\Python\PyCharm 2021.3.3;D:\Software_APP_XXXXXXXXXXXXXXXXXXX\Software\Python\PyCharm 2021.3.3\jetbra\scripts;D:\XXX_APP\python\Scripts\;D:\XXX_APP\python\;C:\Users\ŧŠÎŠ\AppData\Local\Programs\Python\Python310\Scripts\;C:\Users\ŧŠÎŠ\AppData\Local\Programs\Python\Python310\;C:\Users\ŧŠÎŠ\AppData\Local\Microsoft\WindowsApps;D:\Profession\PyCharm Community Edition 2023.2\bin;;D:\Python\PyCharm 2021.3.3\bin;;D:\Software_APP_XXXXXXXXXXXXXXXXXXX\Software\IntelliJ IDEA 2024.1.1\bin;;D:\XXX_APP\vscode\Microsoft VS Code\bin;D:\XXX_APP\CLion\CLion 2021.3.4\bin;D:\Software_APP_XXXXXXXXXXXXXXXXXXX\Software\IntelliJ IDEA 2024.1.1\JDK\bin;;D:\Software_APP_XXXXXXXXXXXXXXXXXXX\Software\PhpStorm 2024.1.1\bin;;C:\Users\ŧŠÎŠ\AppData\Roaming\npm;D:\Software_APP_XXXXXXXXXXXXXXXXXXX\Software\IntelliJ IDEA 2024.1.1\JDK\bin;D:\Software_APP_XXXXXXXXXXXXXXXXXXX\Software\CursorUserSetup\resources\app\bin
USERNAME=ŧŠÎŠ
OS=Windows_NT
PROCESSOR_IDENTIFIER=Intel64 Family 6 Model 140 Stepping 1, GenuineIntel
TMP=C:\Users\ŧŠÎŠ\AppData\Local\Temp
TEMP=C:\Users\ŧŠÎŠ\AppData\Local\Temp




---------------  S Y S T E M  ---------------

OS:
 Windows 10 , 64 bit Build 19041 (10.0.19041.5678)
OS uptime: 0 days 5:18 hours

CPU: total 8 (initial active 8) (4 cores per cpu, 2 threads per core) family 6 model 140 stepping 1 microcode 0x8a, cx8, cmov, fxsr, ht, mmx, 3dnowpref, sse, sse2, sse3, ssse3, sse4.1, sse4.2, popcnt, lzcnt, tsc, tscinvbit, avx, avx2, aes, erms, clmul, bmi1, bmi2, adx, avx512f, avx512dq, avx512cd, avx512bw, avx512vl, sha, fma, vzeroupper, avx512_vpopcntdq, avx512_vpclmulqdq, avx512_vaes, avx512_vnni, clflush, clflushopt, clwb, avx512_vbmi2, avx512_vbmi, rdtscp, rdpid, fsrm, gfni, avx512_bitalg, f16c, pku, cet_ibt, cet_ss, avx512_ifma

Memory: 4k page, system-wide physical 16183M (847M free)
TotalPageFile size 31543M (AvailPageFile size 1M)
current process WorkingSet (physical memory assigned to process): 206M, peak: 206M
current process commit charge ("private bytes"): 243M, peak: 373M

vm_info: Java HotSpot(TM) 64-Bit Server VM (20.0.2+9-78) for windows-amd64 JRE (20.0.2+9-78), built on 2023-06-14T10:08:48Z by "mach5one" with MS VC++ 17.1 (VS2022)

END.
