#
# There is insufficient memory for the Java Runtime Environment to continue.
# Native memory allocation (malloc) failed to allocate 32744 bytes for Chunk::new
# Possible reasons:
#   The system is out of physical RAM or swap space
#   The process is running with CompressedOops enabled, and the Java Heap may be blocking the growth of the native heap
# Possible solutions:
#   Reduce memory load on the system
#   Increase physical memory or swap space
#   Check if swap backing store is full
#   Decrease Java heap size (-Xmx/-Xms)
#   Decrease number of Java threads
#   Decrease Java thread stack sizes (-Xss)
#   Set larger code cache with -XX:ReservedCodeCacheSize=
#   JVM is running with Zero Based Compressed Oops mode in which the Java heap is
#     placed in the first 32GB address space. The Java Heap base address is the
#     maximum limit for the native heap growth. Please use -XX:HeapBaseMinAddress
#     to set the Java Heap base and to place the Java Heap above 32GB virtual address.
# This output file may be truncated or incomplete.
#
#  Out of Memory Error (arena.cpp:184), pid=11792, tid=21144
#
# JRE version: Java(TM) SE Runtime Environment (20.0.2+9) (build 20.0.2+9-78)
# Java VM: Java HotSpot(TM) 64-Bit Server VM (20.0.2+9-78, mixed mode, emulated-client, sharing, tiered, compressed oops, compressed class ptrs, g1 gc, windows-amd64)
# No core dump will be written. Minidumps are not enabled by default on client versions of Windows
#

---------------  S U M M A R Y ------------

Command Line: -XX:TieredStopAtLevel=1 -Dspring.output.ansi.enabled=always -Dcom.sun.management.jmxremote -Dspring.jmx.enabled=true -Dspring.liveBeansView.mbeanDomain -Dspring.application.admin.enabled=true -Dmanagement.endpoints.jmx.exposure.include=* -javaagent:D:\Software_APP_XXXXXXXXXXXXXXXXXXX\Software\IntelliJ IDEA 2024.1.1\lib\idea_rt.jar=45693:D:\Software_APP_XXXXXXXXXXXXXXXXXXX\Software\IntelliJ IDEA 2024.1.1\bin -Dfile.encoding=UTF-8 -Dsun.stdout.encoding=UTF-8 -Dsun.stderr.encoding=UTF-8 com.example.registerlogin.RegisterLoginApplication

Host: 11th Gen Intel(R) Core(TM) i5-1135G7 @ 2.40GHz, 8 cores, 15G,  Windows 10 , 64 bit Build 19041 (10.0.19041.5678)
Time: Wed Apr 30 21:29:16 2025  Windows 10 , 64 bit Build 19041 (10.0.19041.5678) elapsed time: 6.059895 seconds (0d 0h 0m 6s)

---------------  T H R E A D  ---------------

Current thread (0x000001f5d74214f0):  JavaThread "C1 CompilerThread0" daemon [_thread_in_native, id=21144, stack(0x000000a7e0600000,0x000000a7e0700000)]


Current CompileTask:
C1:   6059 5540       1       org.springframework.transaction.support.TransactionSynchronizationManager::getResource (10 bytes)

Stack: [0x000000a7e0600000,0x000000a7e0700000]
Native frames: (J=compiled Java code, j=interpreted, Vv=VM code, C=native code)
V  [jvm.dll+0x6bc25a]
V  [jvm.dll+0x84971a]
V  [jvm.dll+0x84b315]
V  [jvm.dll+0x84ba13]
V  [jvm.dll+0x280e4f]
V  [jvm.dll+0xc2ab1]
V  [jvm.dll+0xc2dd5]
V  [jvm.dll+0x19c522]
V  [jvm.dll+0x19ebb4]
V  [jvm.dll+0x1589f3]
V  [jvm.dll+0x1582e2]
V  [jvm.dll+0x158514]
V  [jvm.dll+0x157956]
V  [jvm.dll+0x15968d]
V  [jvm.dll+0x25a0eb]
V  [jvm.dll+0x2587c0]
V  [jvm.dll+0x3f2dd5]
V  [jvm.dll+0x7f5c76]
V  [jvm.dll+0x6baecb]
C  [ucrtbase.dll+0x21bb2]
C  [KERNEL32.DLL+0x17374]
C  [ntdll.dll+0x4cc91]


---------------  P R O C E S S  ---------------

Threads class SMR info:
_java_thread_list=0x000001f5e1421bc0, length=36, elements={
0x000001f5921bdc40, 0x000001f5921be450, 0x000001f5d7406e40, 0x000001f5d7407700,
0x000001f5d7409aa0, 0x000001f5d740adb0, 0x000001f5d74214f0, 0x000001f59214ac50,
0x000001f5d749fe80, 0x000001f5d7923660, 0x000001f5d7923bb0, 0x000001f5d7a5ac70,
0x000001f5d7c4a010, 0x000001f5e0487dd0, 0x000001f5e04b3720, 0x000001f5e0b4bda0,
0x000001f5e05d7170, 0x000001f5e0d1a040, 0x000001f5e0d74b20, 0x000001f5e0d755c0,
0x000001f5e0d75070, 0x000001f5e15b0e90, 0x000001f5e15b2e70, 0x000001f5e15b8370,
0x000001f5e15b78d0, 0x000001f5e15b4e50, 0x000001f5e15b6e30, 0x000001f5e15b6390,
0x000001f5e15b4900, 0x000001f5e15b53a0, 0x000001f5e15b2920, 0x000001f5e15b3e60,
0x000001f5e15b33c0, 0x000001f5e15b3910, 0x000001f5e15b43b0, 0x000001f5e096e480
}

Java Threads: ( => current thread )
  0x000001f5921bdc40 JavaThread "Reference Handler" daemon [_thread_blocked, id=17236, stack(0x000000a7e0000000,0x000000a7e0100000)]
  0x000001f5921be450 JavaThread "Finalizer" daemon [_thread_blocked, id=4000, stack(0x000000a7e0100000,0x000000a7e0200000)]
  0x000001f5d7406e40 JavaThread "Signal Dispatcher" daemon [_thread_blocked, id=11504, stack(0x000000a7e0200000,0x000000a7e0300000)]
  0x000001f5d7407700 JavaThread "Attach Listener" daemon [_thread_blocked, id=13356, stack(0x000000a7e0300000,0x000000a7e0400000)]
  0x000001f5d7409aa0 JavaThread "Service Thread" daemon [_thread_blocked, id=17868, stack(0x000000a7e0400000,0x000000a7e0500000)]
  0x000001f5d740adb0 JavaThread "Monitor Deflation Thread" daemon [_thread_blocked, id=20260, stack(0x000000a7e0500000,0x000000a7e0600000)]
=>0x000001f5d74214f0 JavaThread "C1 CompilerThread0" daemon [_thread_in_native, id=21144, stack(0x000000a7e0600000,0x000000a7e0700000)]
  0x000001f59214ac50 JavaThread "Common-Cleaner" daemon [_thread_blocked, id=12572, stack(0x000000a7e0700000,0x000000a7e0800000)]
  0x000001f5d749fe80 JavaThread "C1 CompilerThread1" daemon [_thread_blocked, id=12808, stack(0x000000a7e0800000,0x000000a7e0900000)]
  0x000001f5d7923660 JavaThread "Monitor Ctrl-Break" daemon [_thread_in_native, id=14436, stack(0x000000a7e0900000,0x000000a7e0a00000)]
  0x000001f5d7923bb0 JavaThread "Notification Thread" daemon [_thread_blocked, id=14548, stack(0x000000a7e0a00000,0x000000a7e0b00000)]
  0x000001f5d7a5ac70 JavaThread "C1 CompilerThread2" daemon [_thread_in_native, id=3924, stack(0x000000a7e0b00000,0x000000a7e0c00000)]
  0x000001f5d7c4a010 JavaThread "RMI TCP Accept-0" daemon [_thread_in_native, id=11248, stack(0x000000a7e0d00000,0x000000a7e0e00000)]
  0x000001f5e0487dd0 JavaThread "RMI TCP Connection(1)-192.168.43.249" daemon [_thread_in_native, id=5348, stack(0x000000a7e1600000,0x000000a7e1700000)]
  0x000001f5e04b3720 JavaThread "RMI Scheduler(0)" daemon [_thread_blocked, id=8676, stack(0x000000a7e1700000,0x000000a7e1800000)]
  0x000001f5e0b4bda0 JavaThread "Catalina-utility-1" [_thread_blocked, id=12852, stack(0x000000a7e1800000,0x000000a7e1900000)]
  0x000001f5e05d7170 JavaThread "Catalina-utility-2" [_thread_blocked, id=22156, stack(0x000000a7e1a00000,0x000000a7e1b00000)]
  0x000001f5e0d1a040 JavaThread "container-0" [_thread_blocked, id=13992, stack(0x000000a7e1b00000,0x000000a7e1c00000)]
  0x000001f5e0d74b20 JavaThread "mysql-cj-abandoned-connection-cleanup" daemon [_thread_blocked, id=3656, stack(0x000000a7e1c00000,0x000000a7e1d00000)]
  0x000001f5e0d755c0 JavaThread "HikariPool-1 housekeeper" daemon [_thread_blocked, id=1680, stack(0x000000a7e1e00000,0x000000a7e1f00000)]
  0x000001f5e0d75070 JavaThread "HikariPool-1 connection adder" daemon [_thread_blocked, id=5616, stack(0x000000a7e1f00000,0x000000a7e2000000)]
  0x000001f5e15b0e90 JavaThread "http-nio-127.0.0.1-8080-exec-1" daemon [_thread_blocked, id=17416, stack(0x000000a7e2000000,0x000000a7e2100000)]
  0x000001f5e15b2e70 JavaThread "http-nio-127.0.0.1-8080-exec-2" daemon [_thread_in_Java, id=14192, stack(0x000000a7e2100000,0x000000a7e2200000)]
  0x000001f5e15b8370 JavaThread "http-nio-127.0.0.1-8080-exec-3" daemon [_thread_blocked, id=9776, stack(0x000000a7e2200000,0x000000a7e2300000)]
  0x000001f5e15b78d0 JavaThread "http-nio-127.0.0.1-8080-exec-4" daemon [_thread_blocked, id=16312, stack(0x000000a7e2300000,0x000000a7e2400000)]
  0x000001f5e15b4e50 JavaThread "http-nio-127.0.0.1-8080-exec-5" daemon [_thread_blocked, id=11424, stack(0x000000a7e2400000,0x000000a7e2500000)]
  0x000001f5e15b6e30 JavaThread "http-nio-127.0.0.1-8080-exec-6" daemon [_thread_blocked, id=992, stack(0x000000a7e2500000,0x000000a7e2600000)]
  0x000001f5e15b6390 JavaThread "http-nio-127.0.0.1-8080-exec-7" daemon [_thread_blocked, id=1604, stack(0x000000a7e2600000,0x000000a7e2700000)]
  0x000001f5e15b4900 JavaThread "http-nio-127.0.0.1-8080-exec-8" daemon [_thread_blocked, id=20024, stack(0x000000a7e2700000,0x000000a7e2800000)]
  0x000001f5e15b53a0 JavaThread "http-nio-127.0.0.1-8080-exec-9" daemon [_thread_blocked, id=22316, stack(0x000000a7e2800000,0x000000a7e2900000)]
  0x000001f5e15b2920 JavaThread "http-nio-127.0.0.1-8080-exec-10" daemon [_thread_blocked, id=18088, stack(0x000000a7e2900000,0x000000a7e2a00000)]
  0x000001f5e15b3e60 JavaThread "http-nio-127.0.0.1-8080-Poller" daemon [_thread_in_native, id=15684, stack(0x000000a7e2a00000,0x000000a7e2b00000)]
  0x000001f5e15b33c0 JavaThread "http-nio-127.0.0.1-8080-Acceptor" daemon [_thread_in_native, id=12120, stack(0x000000a7e2b00000,0x000000a7e2c00000)]
  0x000001f5e15b3910 JavaThread "DestroyJavaVM" [_thread_blocked, id=21224, stack(0x000000a7df900000,0x000000a7dfa00000)]
  0x000001f5e15b43b0 JavaThread "RMI TCP Connection(2)-192.168.43.249" daemon [_thread_in_native, id=18388, stack(0x000000a7e2d00000,0x000000a7e2e00000)]
  0x000001f5e096e480 JavaThread "C1 CompilerThread3" daemon [_thread_blocked, id=12688, stack(0x000000a7e0c00000,0x000000a7e0d00000)]

Other Threads:
  0x000001f5921a3020 VMThread "VM Thread" [stack: 0x000000a7dff00000,0x000000a7e0000000] [id=12000]
  0x000001f5d7abb5c0 WatcherThread "VM Periodic Task Thread" [stack: 0x000000a7e0e00000,0x000000a7e0f00000] [id=4208]
  0x000001f5fed45170 WorkerThread "GC Thread#0" [stack: 0x000000a7dfa00000,0x000000a7dfb00000] [id=18728]
  0x000001f5d7d0d3c0 WorkerThread "GC Thread#1" [stack: 0x000000a7e0f00000,0x000000a7e1000000] [id=9340]
  0x000001f5d7d0d690 WorkerThread "GC Thread#2" [stack: 0x000000a7e1000000,0x000000a7e1100000] [id=7120]
  0x000001f5d7d0d960 WorkerThread "GC Thread#3" [stack: 0x000000a7e1100000,0x000000a7e1200000] [id=13552]
  0x000001f5d7d0dc30 WorkerThread "GC Thread#4" [stack: 0x000000a7e1200000,0x000000a7e1300000] [id=14032]
  0x000001f5d7d0e310 WorkerThread "GC Thread#5" [stack: 0x000000a7e1300000,0x000000a7e1400000] [id=21128]
  0x000001f5d7d7a870 WorkerThread "GC Thread#6" [stack: 0x000000a7e1400000,0x000000a7e1500000] [id=8124]
  0x000001f5d7d79790 WorkerThread "GC Thread#7" [stack: 0x000000a7e1500000,0x000000a7e1600000] [id=13848]
  0x000001f5fed55b60 ConcurrentGCThread "G1 Main Marker" [stack: 0x000000a7dfb00000,0x000000a7dfc00000] [id=21392]
  0x000001f5fed563a0 WorkerThread "G1 Conc#0" [stack: 0x000000a7dfc00000,0x000000a7dfd00000] [id=20148]
  0x000001f5d7d7a2d0 WorkerThread "G1 Conc#1" [stack: 0x000000a7e1900000,0x000000a7e1a00000] [id=16908]
  0x000001f5fed8e650 ConcurrentGCThread "G1 Refine#0" [stack: 0x000000a7dfd00000,0x000000a7dfe00000] [id=19236]
  0x000001f5fed8eb10 ConcurrentGCThread "G1 Service" [stack: 0x000000a7dfe00000,0x000000a7dff00000] [id=10936]

Threads with active compile tasks:
C1 CompilerThread0     6108 5540       1       org.springframework.transaction.support.TransactionSynchronizationManager::getResource (10 bytes)
C1 CompilerThread1     6108 5602       1       com.mysql.cj.protocol.ReadAheadInputStream::fill (284 bytes)
C1 CompilerThread2     6108 5536   !   1       org.apache.ibatis.logging.jdbc.PreparedStatementLogger::invoke (322 bytes)

VM state: not at safepoint (normal execution)

VM Mutex/Monitor currently owned by a thread: None

Heap address: 0x0000000703200000, size: 4046 MB, Compressed Oops mode: Zero based, Oop shift amount: 3

CDS archive(s) mapped at: [0x000001f592400000-0x000001f593060000-0x000001f593060000), size 12976128, SharedBaseAddress: 0x000001f592400000, ArchiveRelocationMode: 1.
Compressed class space mapped at: 0x000001f593400000-0x000001f5d3400000, reserved size: 1073741824
Narrow klass base: 0x000001f592400000, Narrow klass shift: 0, Narrow klass range: 0x100000000

GC Precious Log:
 CardTable entry size: 512
 Card Set container configuration: InlinePtr #cards 4 size 8 Array Of Cards #cards 16 size 48 Howl #buckets 8 coarsen threshold 3686 Howl Bitmap #cards 512 size 80 coarsen threshold 460 Card regions per heap region 1 cards per card region 4096
 CPUs: 8 total, 8 available
 Memory: 16183M
 Large Page Support: Disabled
 NUMA Support: Disabled
 Compressed Oops: Enabled (Zero based)
 Heap Region Size: 2M
 Heap Min Capacity: 8M
 Heap Initial Capacity: 254M
 Heap Max Capacity: 4046M
 Pre-touch: Disabled
 Parallel Workers: 8
 Concurrent Workers: 2
 Concurrent Refinement Workers: 8
 Periodic GC: Disabled

Heap:
 garbage-first heap   total 75776K, used 52674K [0x0000000703200000, 0x0000000800000000)
  region size 2048K, 17 young (34816K), 3 survivors (6144K)
 Metaspace       used 52984K, committed 53632K, reserved 1114112K
  class space    used 7116K, committed 7424K, reserved 1048576K

Heap Regions: E=young(eden), S=young(survivor), O=old, HS=humongous(starts), HC=humongous(continues), CS=collection set, F=free, OA=open archive, CA=closed archive, TAMS=top-at-mark-start, PB=parsable bottom
|   0|0x0000000703200000, 0x0000000703400000, 0x0000000703400000|100%| O|  |TAMS 0x0000000703200000| PB 0x0000000703200000| Untracked 
|   1|0x0000000703400000, 0x0000000703600000, 0x0000000703600000|100%| O|  |TAMS 0x0000000703400000| PB 0x0000000703400000| Untracked 
|   2|0x0000000703600000, 0x0000000703800000, 0x0000000703800000|100%| O|  |TAMS 0x0000000703600000| PB 0x0000000703600000| Untracked 
|   3|0x0000000703800000, 0x0000000703a00000, 0x0000000703a00000|100%| O|  |TAMS 0x0000000703800000| PB 0x0000000703800000| Untracked 
|   4|0x0000000703a00000, 0x0000000703c00000, 0x0000000703c00000|100%| O|  |TAMS 0x0000000703a00000| PB 0x0000000703a00000| Untracked 
|   5|0x0000000703c00000, 0x0000000703e00000, 0x0000000703e00000|100%| O|  |TAMS 0x0000000703c00000| PB 0x0000000703c00000| Untracked 
|   6|0x0000000703e00000, 0x0000000704000000, 0x0000000704000000|100%| O|  |TAMS 0x0000000703e00000| PB 0x0000000703e00000| Untracked 
|   7|0x0000000704000000, 0x0000000704200000, 0x0000000704200000|100%| O|  |TAMS 0x0000000704000000| PB 0x0000000704000000| Untracked 
|   8|0x0000000704200000, 0x0000000704400000, 0x0000000704400000|100%| O|  |TAMS 0x0000000704200000| PB 0x0000000704200000| Untracked 
|   9|0x0000000704400000, 0x0000000704600000, 0x0000000704600000|100%| O|  |TAMS 0x0000000704400000| PB 0x0000000704400000| Untracked 
|  10|0x0000000704600000, 0x00000007046dc000, 0x0000000704800000| 42%| O|  |TAMS 0x0000000704600000| PB 0x0000000704600000| Untracked 
|  11|0x0000000704800000, 0x0000000704800000, 0x0000000704a00000|  0%| F|  |TAMS 0x0000000704800000| PB 0x0000000704800000| Untracked 
|  12|0x0000000704a00000, 0x0000000704a949e0, 0x0000000704c00000| 29%| S|CS|TAMS 0x0000000704a00000| PB 0x0000000704a00000| Complete 
|  13|0x0000000704c00000, 0x0000000704e00000, 0x0000000704e00000|100%| S|CS|TAMS 0x0000000704c00000| PB 0x0000000704c00000| Complete 
|  14|0x0000000704e00000, 0x0000000705000000, 0x0000000705000000|100%| S|CS|TAMS 0x0000000704e00000| PB 0x0000000704e00000| Complete 
|  15|0x0000000705000000, 0x0000000705000000, 0x0000000705200000|  0%| F|  |TAMS 0x0000000705000000| PB 0x0000000705000000| Untracked 
|  16|0x0000000705200000, 0x0000000705200000, 0x0000000705400000|  0%| F|  |TAMS 0x0000000705200000| PB 0x0000000705200000| Untracked 
|  17|0x0000000705400000, 0x0000000705400000, 0x0000000705600000|  0%| F|  |TAMS 0x0000000705400000| PB 0x0000000705400000| Untracked 
|  18|0x0000000705600000, 0x0000000705600000, 0x0000000705800000|  0%| F|  |TAMS 0x0000000705600000| PB 0x0000000705600000| Untracked 
|  19|0x0000000705800000, 0x0000000705800000, 0x0000000705a00000|  0%| F|  |TAMS 0x0000000705800000| PB 0x0000000705800000| Untracked 
|  20|0x0000000705a00000, 0x0000000705a00000, 0x0000000705c00000|  0%| F|  |TAMS 0x0000000705a00000| PB 0x0000000705a00000| Untracked 
|  21|0x0000000705c00000, 0x0000000705c00000, 0x0000000705e00000|  0%| F|  |TAMS 0x0000000705c00000| PB 0x0000000705c00000| Untracked 
|  22|0x0000000705e00000, 0x0000000705e00000, 0x0000000706000000|  0%| F|  |TAMS 0x0000000705e00000| PB 0x0000000705e00000| Untracked 
|  23|0x0000000706000000, 0x000000070614e488, 0x0000000706200000| 65%| E|  |TAMS 0x0000000706000000| PB 0x0000000706000000| Complete 
|  24|0x0000000706200000, 0x0000000706400000, 0x0000000706400000|100%| E|CS|TAMS 0x0000000706200000| PB 0x0000000706200000| Complete 
|  25|0x0000000706400000, 0x0000000706600000, 0x0000000706600000|100%| E|CS|TAMS 0x0000000706400000| PB 0x0000000706400000| Complete 
|  26|0x0000000706600000, 0x0000000706800000, 0x0000000706800000|100%| E|CS|TAMS 0x0000000706600000| PB 0x0000000706600000| Complete 
|  27|0x0000000706800000, 0x0000000706a00000, 0x0000000706a00000|100%| E|CS|TAMS 0x0000000706800000| PB 0x0000000706800000| Complete 
|  28|0x0000000706a00000, 0x0000000706c00000, 0x0000000706c00000|100%| E|CS|TAMS 0x0000000706a00000| PB 0x0000000706a00000| Complete 
|  29|0x0000000706c00000, 0x0000000706e00000, 0x0000000706e00000|100%| E|CS|TAMS 0x0000000706c00000| PB 0x0000000706c00000| Complete 
|  30|0x0000000706e00000, 0x0000000707000000, 0x0000000707000000|100%| E|CS|TAMS 0x0000000706e00000| PB 0x0000000706e00000| Complete 
|  31|0x0000000707000000, 0x0000000707200000, 0x0000000707200000|100%| E|CS|TAMS 0x0000000707000000| PB 0x0000000707000000| Complete 
|  32|0x0000000707200000, 0x0000000707400000, 0x0000000707400000|100%| E|CS|TAMS 0x0000000707200000| PB 0x0000000707200000| Complete 
|  33|0x0000000707400000, 0x0000000707600000, 0x0000000707600000|100%| E|CS|TAMS 0x0000000707400000| PB 0x0000000707400000| Complete 
|  72|0x000000070c200000, 0x000000070c400000, 0x000000070c400000|100%| E|CS|TAMS 0x000000070c200000| PB 0x000000070c200000| Complete 
| 103|0x0000000710000000, 0x0000000710200000, 0x0000000710200000|100%| E|CS|TAMS 0x0000000710000000| PB 0x0000000710000000| Complete 
| 126|0x0000000712e00000, 0x0000000713000000, 0x0000000713000000|100%| E|CS|TAMS 0x0000000712e00000| PB 0x0000000712e00000| Complete 

Card table byte_map: [0x000001f5ff690000,0x000001f5ffe80000] _byte_map_base: 0x000001f5fbe77000

Marking Bits: (CMBitMap*) 0x000001f5fed455b0
 Bits: [0x000001f58b800000, 0x000001f58f738000)

Polling page: 0x000001f5fcb80000

Metaspace:

Usage:
  Non-class:     44.79 MB used.
      Class:      6.95 MB used.
       Both:     51.74 MB used.

Virtual space:
  Non-class space:       64.00 MB reserved,      45.12 MB ( 71%) committed,  1 nodes.
      Class space:        1.00 GB reserved,       7.25 MB ( <1%) committed,  1 nodes.
             Both:        1.06 GB reserved,      52.38 MB (  5%) committed. 

Chunk freelists:
   Non-Class:  2.87 MB
       Class:  636.00 KB
        Both:  3.49 MB

MaxMetaspaceSize: unlimited
CompressedClassSpaceSize: 1.00 GB
Initial GC threshold: 21.00 MB
Current GC threshold: 53.25 MB
CDS: on
MetaspaceReclaimPolicy: balanced
 - commit_granule_bytes: 65536.
 - commit_granule_words: 8192.
 - virtual_space_node_default_size: 8388608.
 - enlarge_chunks_in_place: 1.
 - new_chunks_are_fully_committed: 0.
 - uncommit_free_chunks: 1.
 - use_allocation_guard: 0.


Internal statistics:

num_allocs_failed_limit: 3.
num_arena_births: 786.
num_arena_deaths: 0.
num_vsnodes_births: 2.
num_vsnodes_deaths: 0.
num_space_committed: 838.
num_space_uncommitted: 0.
num_chunks_returned_to_freelist: 3.
num_chunks_taken_from_freelist: 2585.
num_chunk_merges: 3.
num_chunk_splits: 1854.
num_chunks_enlarged: 1466.
num_inconsistent_stats: 0.

CodeCache: size=49152Kb used=12350Kb max_used=12350Kb free=36802Kb
 bounds [0x000001f588010000, 0x000001f588c20000, 0x000001f58b010000]
 total_blobs=6195 nmethods=5560 adapters=557
 compilation: enabled
              stopped_count=0, restarted_count=0
 full_count=0

Compilation events (20 events):
Event: 6.042 Thread 0x000001f5d74214f0 nmethod 5533 0x000001f588bee210 code [0x000001f588bee3e0, 0x000001f588bee660]
Event: 6.042 Thread 0x000001f5e096e480 5531       1       com.mysql.cj.AbstractQuery::getResultType (5 bytes)
Event: 6.042 Thread 0x000001f5d74214f0 5532       1       com.mysql.cj.protocol.Resultset$Concurrency::getIntValue (5 bytes)
Event: 6.042 Thread 0x000001f5e096e480 nmethod 5531 0x000001f588bee790 code [0x000001f588bee900, 0x000001f588bee9d0]
Event: 6.042 Thread 0x000001f5d74214f0 nmethod 5532 0x000001f588beea90 code [0x000001f588beec00, 0x000001f588beecc8]
Event: 6.043 Thread 0x000001f5d74214f0 5534       1       com.mysql.cj.conf.DefaultPropertySet::getIntegerProperty (6 bytes)
Event: 6.043 Thread 0x000001f5d74214f0 nmethod 5534 0x000001f588beed90 code [0x000001f588beef20, 0x000001f588bef000]
Event: 6.044 Thread 0x000001f5d7a5ac70 nmethod 5527 0x000001f588bef090 code [0x000001f588bef580, 0x000001f588bf0be8]
Event: 6.044 Thread 0x000001f5d7a5ac70 5535       1       com.mysql.cj.protocol.a.NativeServerSession::setStatusFlags (18 bytes)
Event: 6.044 Thread 0x000001f5d7a5ac70 nmethod 5535 0x000001f588bf1f10 code [0x000001f588bf2080, 0x000001f588bf2158]
Event: 6.048 Thread 0x000001f5d7a5ac70 5536   !   1       org.apache.ibatis.logging.jdbc.PreparedStatementLogger::invoke (322 bytes)
Event: 6.053 Thread 0x000001f5d74214f0 5538       1       org.springframework.transaction.support.TransactionSynchronizationUtils$ScopedProxyUnwrapper::unwrapIfNecessary (19 bytes)
Event: 6.053 Thread 0x000001f5e096e480 5537       1       org.springframework.transaction.support.TransactionSynchronizationUtils::unwrapResourceIfNecessary (38 bytes)
Event: 6.053 Thread 0x000001f5d74214f0 nmethod 5538 0x000001f588bf2210 code [0x000001f588bf23a0, 0x000001f588bf2558]
Event: 6.054 Thread 0x000001f5e096e480 nmethod 5537 0x000001f588bf2610 code [0x000001f588bf27e0, 0x000001f588bf2b18]
Event: 6.055 Thread 0x000001f5e096e480 5539       1       org.springframework.transaction.support.TransactionSynchronizationManager::doGetResource (70 bytes)
Event: 6.055 Thread 0x000001f5d74214f0 5540       1       org.springframework.transaction.support.TransactionSynchronizationManager::getResource (10 bytes)
Event: 6.055 Thread 0x000001f5e096e480 nmethod 5539 0x000001f588bf2c90 code [0x000001f588bf2e80, 0x000001f588bf3200]
Event: 6.055 Thread 0x000001f5e096e480 5541       1       org.apache.ibatis.logging.stdout.StdOutImpl::debug (8 bytes)
Event: 6.055 Thread 0x000001f5e096e480 nmethod 5541 0x000001f588bf3410 code [0x000001f588bf35a0, 0x000001f588bf3698]

GC Heap History (20 events):
Event: 0.709 GC heap before
{Heap before GC invocations=0 (full 0):
 garbage-first heap   total 260096K, used 20480K [0x0000000703200000, 0x0000000800000000)
  region size 2048K, 11 young (22528K), 0 survivors (0K)
 Metaspace       used 6533K, committed 6784K, reserved 1114112K
  class space    used 778K, committed 896K, reserved 1048576K
}
Event: 0.719 GC heap after
{Heap after GC invocations=1 (full 0):
 garbage-first heap   total 260096K, used 7279K [0x0000000703200000, 0x0000000800000000)
  region size 2048K, 2 young (4096K), 2 survivors (4096K)
 Metaspace       used 6533K, committed 6784K, reserved 1114112K
  class space    used 778K, committed 896K, reserved 1048576K
}
Event: 1.171 GC heap before
{Heap before GC invocations=1 (full 0):
 garbage-first heap   total 260096K, used 29807K [0x0000000703200000, 0x0000000800000000)
  region size 2048K, 14 young (28672K), 2 survivors (4096K)
 Metaspace       used 11636K, committed 12032K, reserved 1114112K
  class space    used 1560K, committed 1728K, reserved 1048576K
}
Event: 1.175 GC heap after
{Heap after GC invocations=2 (full 0):
 garbage-first heap   total 260096K, used 10126K [0x0000000703200000, 0x0000000800000000)
  region size 2048K, 2 young (4096K), 2 survivors (4096K)
 Metaspace       used 11636K, committed 12032K, reserved 1114112K
  class space    used 1560K, committed 1728K, reserved 1048576K
}
Event: 1.650 GC heap before
{Heap before GC invocations=2 (full 0):
 garbage-first heap   total 260096K, used 44942K [0x0000000703200000, 0x0000000800000000)
  region size 2048K, 21 young (43008K), 2 survivors (4096K)
 Metaspace       used 19099K, committed 19456K, reserved 1114112K
  class space    used 2483K, committed 2624K, reserved 1048576K
}
Event: 1.654 GC heap after
{Heap after GC invocations=3 (full 0):
 garbage-first heap   total 260096K, used 12445K [0x0000000703200000, 0x0000000800000000)
  region size 2048K, 3 young (6144K), 3 survivors (6144K)
 Metaspace       used 19099K, committed 19456K, reserved 1114112K
  class space    used 2483K, committed 2624K, reserved 1048576K
}
Event: 1.985 GC heap before
{Heap before GC invocations=4 (full 0):
 garbage-first heap   total 55296K, used 39069K [0x0000000703200000, 0x0000000800000000)
  region size 2048K, 16 young (32768K), 3 survivors (6144K)
 Metaspace       used 21855K, committed 22272K, reserved 1114112K
  class space    used 2890K, committed 3072K, reserved 1048576K
}
Event: 1.990 GC heap after
{Heap after GC invocations=5 (full 0):
 garbage-first heap   total 55296K, used 13819K [0x0000000703200000, 0x0000000800000000)
  region size 2048K, 1 young (2048K), 1 survivors (2048K)
 Metaspace       used 21855K, committed 22272K, reserved 1114112K
  class space    used 2890K, committed 3072K, reserved 1048576K
}
Event: 2.298 GC heap before
{Heap before GC invocations=5 (full 0):
 garbage-first heap   total 55296K, used 38395K [0x0000000703200000, 0x0000000800000000)
  region size 2048K, 13 young (26624K), 1 survivors (2048K)
 Metaspace       used 25765K, committed 26176K, reserved 1114112K
  class space    used 3466K, committed 3648K, reserved 1048576K
}
Event: 2.302 GC heap after
{Heap after GC invocations=6 (full 0):
 garbage-first heap   total 55296K, used 15811K [0x0000000703200000, 0x0000000800000000)
  region size 2048K, 2 young (4096K), 2 survivors (4096K)
 Metaspace       used 25765K, committed 26176K, reserved 1114112K
  class space    used 3466K, committed 3648K, reserved 1048576K
}
Event: 2.607 GC heap before
{Heap before GC invocations=6 (full 0):
 garbage-first heap   total 55296K, used 42435K [0x0000000703200000, 0x0000000800000000)
  region size 2048K, 15 young (30720K), 2 survivors (4096K)
 Metaspace       used 30513K, committed 31040K, reserved 1114112K
  class space    used 4045K, committed 4288K, reserved 1048576K
}
Event: 2.610 GC heap after
{Heap after GC invocations=7 (full 0):
 garbage-first heap   total 157696K, used 18154K [0x0000000703200000, 0x0000000800000000)
  region size 2048K, 2 young (4096K), 2 survivors (4096K)
 Metaspace       used 30513K, committed 31040K, reserved 1114112K
  class space    used 4045K, committed 4288K, reserved 1048576K
}
Event: 2.684 GC heap before
{Heap before GC invocations=7 (full 0):
 garbage-first heap   total 157696K, used 22250K [0x0000000703200000, 0x0000000800000000)
  region size 2048K, 5 young (10240K), 2 survivors (4096K)
 Metaspace       used 32008K, committed 32448K, reserved 1114112K
  class space    used 4208K, committed 4416K, reserved 1048576K
}
Event: 2.685 GC heap after
{Heap after GC invocations=8 (full 0):
 garbage-first heap   total 157696K, used 19070K [0x0000000703200000, 0x0000000800000000)
  region size 2048K, 2 young (4096K), 2 survivors (4096K)
 Metaspace       used 32008K, committed 32448K, reserved 1114112K
  class space    used 4208K, committed 4416K, reserved 1048576K
}
Event: 3.290 GC heap before
{Heap before GC invocations=9 (full 0):
 garbage-first heap   total 75776K, used 60030K [0x0000000703200000, 0x0000000800000000)
  region size 2048K, 22 young (45056K), 2 survivors (4096K)
 Metaspace       used 43644K, committed 44096K, reserved 1114112K
  class space    used 5952K, committed 6144K, reserved 1048576K
}
Event: 3.293 GC heap after
{Heap after GC invocations=10 (full 0):
 garbage-first heap   total 75776K, used 21751K [0x0000000703200000, 0x0000000800000000)
  region size 2048K, 3 young (6144K), 3 survivors (6144K)
 Metaspace       used 43644K, committed 44096K, reserved 1114112K
  class space    used 5952K, committed 6144K, reserved 1048576K
}
Event: 3.500 GC heap before
{Heap before GC invocations=10 (full 0):
 garbage-first heap   total 75776K, used 58615K [0x0000000703200000, 0x0000000800000000)
  region size 2048K, 21 young (43008K), 3 survivors (6144K)
 Metaspace       used 44717K, committed 45248K, reserved 1114112K
  class space    used 6099K, committed 6336K, reserved 1048576K
}
Event: 3.504 GC heap after
{Heap after GC invocations=11 (full 0):
 garbage-first heap   total 75776K, used 22524K [0x0000000703200000, 0x0000000800000000)
  region size 2048K, 3 young (6144K), 3 survivors (6144K)
 Metaspace       used 44717K, committed 45248K, reserved 1114112K
  class space    used 6099K, committed 6336K, reserved 1048576K
}
Event: 5.399 GC heap before
{Heap before GC invocations=11 (full 0):
 garbage-first heap   total 75776K, used 59388K [0x0000000703200000, 0x0000000800000000)
  region size 2048K, 22 young (45056K), 3 survivors (6144K)
 Metaspace       used 51423K, committed 52032K, reserved 1114112K
  class space    used 6948K, committed 7232K, reserved 1048576K
}
Event: 5.403 GC heap after
{Heap after GC invocations=12 (full 0):
 garbage-first heap   total 75776K, used 26050K [0x0000000703200000, 0x0000000800000000)
  region size 2048K, 3 young (6144K), 3 survivors (6144K)
 Metaspace       used 51423K, committed 52032K, reserved 1114112K
  class space    used 6948K, committed 7232K, reserved 1048576K
}

Dll operation events (14 events):
Event: 0.006 Loaded shared library C:\Users\ŧŠÎŠ\.jdks\JDK\bin\java.dll
Event: 0.021 Loaded shared library C:\Users\ŧŠÎŠ\.jdks\JDK\bin\jsvml.dll
Event: 0.095 Loaded shared library C:\Users\ŧŠÎŠ\.jdks\JDK\bin\zip.dll
Event: 0.099 Loaded shared library C:\Users\ŧŠÎŠ\.jdks\JDK\bin\instrument.dll
Event: 0.103 Loaded shared library C:\Users\ŧŠÎŠ\.jdks\JDK\bin\net.dll
Event: 0.105 Loaded shared library C:\Users\ŧŠÎŠ\.jdks\JDK\bin\nio.dll
Event: 0.107 Loaded shared library C:\Users\ŧŠÎŠ\.jdks\JDK\bin\zip.dll
Event: 0.161 Loaded shared library D:\Software_APP_XXXXXXXXXXXXXXXXXXX\Software\IntelliJ IDEA 2024.1.1\bin\breakgen64.dll
Event: 0.166 Loaded shared library C:\Users\ŧŠÎŠ\.jdks\JDK\bin\jimage.dll
Event: 0.168 Loaded shared library C:\Users\ŧŠÎŠ\.jdks\JDK\bin\extnet.dll
Event: 0.198 Loaded shared library C:\Users\ŧŠÎŠ\.jdks\JDK\bin\management.dll
Event: 0.210 Loaded shared library C:\Users\ŧŠÎŠ\.jdks\JDK\bin\management_ext.dll
Event: 0.475 Loaded shared library C:\Users\ŧŠÎŠ\.jdks\JDK\bin\verify.dll
Event: 2.384 Loaded shared library C:\Users\ŧŠÎŠ\.jdks\JDK\bin\sunmscapi.dll

Deoptimization events (16 events):
Event: 0.286 Thread 0x000001f5fecd7af0 DEOPT PACKING pc=0x000001f58831bbdd sp=0x000000a7df9fd0b0
Event: 0.286 Thread 0x000001f5fecd7af0 DEOPT UNPACKING pc=0x000001f58807e462 sp=0x000000a7df9fc560 mode 3
Event: 0.294 Thread 0x000001f5fecd7af0 DEOPT PACKING pc=0x000001f58844ede0 sp=0x000000a7df9fd080
Event: 0.294 Thread 0x000001f5fecd7af0 DEOPT UNPACKING pc=0x000001f58807e462 sp=0x000000a7df9fc538 mode 3
Event: 1.267 Thread 0x000001f5fecd7af0 DEOPT PACKING pc=0x000001f58867b2e1 sp=0x000000a7df9fd2a0
Event: 1.267 Thread 0x000001f5fecd7af0 DEOPT UNPACKING pc=0x000001f58807e462 sp=0x000000a7df9fc780 mode 3
Event: 2.133 Thread 0x000001f5fecd7af0 DEOPT PACKING pc=0x000001f58872b375 sp=0x000000a7df9fc530
Event: 2.133 Thread 0x000001f5fecd7af0 DEOPT UNPACKING pc=0x000001f58807e462 sp=0x000000a7df9fba98 mode 3
Event: 2.179 Thread 0x000001f5fecd7af0 DEOPT PACKING pc=0x000001f5885ea13c sp=0x000000a7df9fb7e0
Event: 2.179 Thread 0x000001f5fecd7af0 DEOPT UNPACKING pc=0x000001f58807e462 sp=0x000000a7df9faca8 mode 0
Event: 3.496 Thread 0x000001f5fecd7af0 DEOPT PACKING pc=0x000001f58868eef1 sp=0x000000a7df9fbb10
Event: 3.496 Thread 0x000001f5fecd7af0 DEOPT UNPACKING pc=0x000001f58807e462 sp=0x000000a7df9fb018 mode 3
Event: 3.496 Thread 0x000001f5fecd7af0 DEOPT PACKING pc=0x000001f58866ef9a sp=0x000000a7df9fbad0
Event: 3.496 Thread 0x000001f5fecd7af0 DEOPT UNPACKING pc=0x000001f58807e462 sp=0x000000a7df9fb018 mode 3
Event: 5.912 Thread 0x000001f5e15b2e70 DEOPT PACKING pc=0x000001f588408d61 sp=0x000000a7e21fc280
Event: 5.912 Thread 0x000001f5e15b2e70 DEOPT UNPACKING pc=0x000001f58807e462 sp=0x000000a7e21fb760 mode 3

Classes loaded (20 events):
Event: 5.392 Loading class java/util/MapCustomizer
Event: 5.392 Loading class java/util/MapCustomizer done
Event: 5.398 Loading class java/lang/invoke/SerializedLambda
Event: 5.398 Loading class java/lang/invoke/SerializedLambda done
Event: 5.404 Loading class java/lang/ProcessBuilder
Event: 5.404 Loading class java/lang/ProcessBuilder done
Event: 5.405 Loading class sun/misc/Unsafe
Event: 5.405 Loading class sun/misc/Unsafe done
Event: 5.412 Loading class sun/reflect/generics/repository/FieldRepository
Event: 5.412 Loading class sun/reflect/generics/repository/FieldRepository done
Event: 5.423 Loading class java/util/TimerTask
Event: 5.424 Loading class java/util/TimerTask done
Event: 5.461 Loading class java/util/concurrent/ConcurrentLinkedQueue$Itr
Event: 5.461 Loading class java/util/concurrent/ConcurrentLinkedQueue$Itr done
Event: 5.466 Loading class java/util/stream/LongStream
Event: 5.466 Loading class java/util/stream/LongStream done
Event: 5.466 Loading class java/util/stream/DoubleStream
Event: 5.466 Loading class java/util/stream/DoubleStream done
Event: 5.483 Loading class java/nio/StringCharBuffer
Event: 5.483 Loading class java/nio/StringCharBuffer done

Classes unloaded (0 events):
No events

Classes redefined (0 events):
No events

Internal exceptions (20 events):
Event: 3.582 Thread 0x000001f5fecd7af0 Exception <a 'java/lang/NoSuchMethodError'{0x00000007074b3c50}: 'void java.lang.invoke.DirectMethodHandle$Holder.invokeVirtual(java.lang.Object, java.lang.Object, long)'> (0x00000007074b3c50) 
thrown [s\open\src\hotspot\share\interpreter\linkResolver.cpp, line 773]
Event: 3.619 Thread 0x000001f5fecd7af0 Exception <a 'java/lang/ClassNotFoundException'{0x0000000707345470}: sun/net/www/protocol/d/Handler> (0x0000000707345470) 
thrown [s\open\src\hotspot\share\classfile\systemDictionary.cpp, line 305]
Event: 3.663 Thread 0x000001f5fecd7af0 Exception <a 'java/lang/IncompatibleClassChangeError'{0x0000000706f3a758}: Found class java.lang.Object, but interface was expected> (0x0000000706f3a758) 
thrown [s\open\src\hotspot\share\interpreter\linkResolver.cpp, line 840]
Event: 3.669 Thread 0x000001f5fecd7af0 Exception <a 'java/lang/ClassNotFoundException'{0x0000000706fc73b8}: sun/net/www/protocol/d/Handler> (0x0000000706fc73b8) 
thrown [s\open\src\hotspot\share\classfile\systemDictionary.cpp, line 305]
Event: 3.686 Thread 0x000001f5fecd7af0 Exception <a 'java/lang/NoSuchMethodError'{0x0000000706cfa9e0}: 'int java.lang.invoke.DirectMethodHandle$Holder.invokeStaticInit(java.lang.Object, java.lang.Object, java.lang.Object, java.lang.Object)'> (0x0000000706cfa9e0) 
thrown [s\open\src\hotspot\share\interpreter\linkResolver.cpp, line 773]
Event: 3.747 Thread 0x000001f5fecd7af0 Exception <a 'java/lang/NoSuchMethodError'{0x00000007066b1ea8}: 'java.lang.Object java.lang.invoke.DirectMethodHandle$Holder.invokeSpecial(java.lang.Object, java.lang.Object, int, java.lang.Object, int, java.lang.Object)'> (0x00000007066b1ea8) 
thrown [s\open\src\hotspot\share\interpreter\linkResolver.cpp, line 773]
Event: 3.747 Thread 0x000001f5fecd7af0 Exception <a 'java/lang/NoSuchMethodError'{0x00000007066b99b8}: 'java.lang.Object java.lang.invoke.DirectMethodHandle$Holder.newInvokeSpecial(java.lang.Object, java.lang.Object, int, java.lang.Object, int)'> (0x00000007066b99b8) 
thrown [s\open\src\hotspot\share\interpreter\linkResolver.cpp, line 773]
Event: 3.747 Thread 0x000001f5fecd7af0 Exception <a 'java/lang/NoSuchMethodError'{0x00000007066bd828}: 'java.lang.Object java.lang.invoke.DirectMethodHandle$Holder.invokeSpecial(java.lang.Object, java.lang.Object, java.lang.Object, int, java.lang.Object, int)'> (0x00000007066bd828) 
thrown [s\open\src\hotspot\share\interpreter\linkResolver.cpp, line 773]
Event: 4.199 Thread 0x000001f5e0487dd0 Exception <a 'java/lang/NoSuchMethodError'{0x000000070620a3c8}: 'java.lang.Object java.lang.invoke.DirectMethodHandle$Holder.invokeInterface(java.lang.Object, java.lang.Object, java.lang.Object, java.lang.Object, java.lang.Object, java.lang.Object, java.lang.Object)'> (0x000000070620a3c8) 
thrown [s\open\src\hotspot\share\interpreter\linkResolver.cpp, line 773]
Event: 5.377 Thread 0x000001f5e15b0e90 Exception <a 'java/lang/NoSuchMethodError'{0x00000007050af358}: 'java.lang.Object java.lang.invoke.DirectMethodHandle$Holder.invokeInterface(java.lang.Object, java.lang.Object, java.lang.Object, java.lang.Object)'> (0x00000007050af358) 
thrown [s\open\src\hotspot\share\interpreter\linkResolver.cpp, line 773]
Event: 5.392 Thread 0x000001f5e15b0e90 Exception <a 'java/lang/ClassNotFoundException'{0x00000007051a4748}: java/util/MapBeanInfo> (0x00000007051a4748) 
thrown [s\open\src\hotspot\share\classfile\systemDictionary.cpp, line 305]
Event: 5.392 Thread 0x000001f5e15b0e90 Exception <a 'java/lang/ClassNotFoundException'{0x00000007051a8228}: java/util/MapCustomizer> (0x00000007051a8228) 
thrown [s\open\src\hotspot\share\classfile\systemDictionary.cpp, line 305]
Event: 5.437 Thread 0x000001f5e15b0e90 Exception <a 'java/lang/NoSuchMethodError'{0x00000007101df9e8}: 'void java.lang.invoke.DelegatingMethodHandle$Holder.reinvoke_L(java.lang.Object, java.lang.Object, int, long)'> (0x00000007101df9e8) 
thrown [s\open\src\hotspot\share\interpreter\linkResolver.cpp, line 773]
Event: 5.437 Thread 0x000001f5e15b0e90 Exception <a 'java/lang/NoSuchMethodError'{0x00000007101f14f0}: 'void java.lang.invoke.DirectMethodHandle$Holder.invokeInterface(java.lang.Object, java.lang.Object, int, java.lang.Object)'> (0x00000007101f14f0) 
thrown [s\open\src\hotspot\share\interpreter\linkResolver.cpp, line 773]
Event: 5.437 Thread 0x000001f5e15b0e90 Exception <a 'java/lang/NoSuchMethodError'{0x00000007101f5120}: 'void java.lang.invoke.DelegatingMethodHandle$Holder.reinvoke_L(java.lang.Object, java.lang.Object, int, java.lang.Object)'> (0x00000007101f5120) 
thrown [s\open\src\hotspot\share\interpreter\linkResolver.cpp, line 773]
Event: 5.460 Thread 0x000001f5e15b0e90 Exception <a 'java/lang/NoSuchMethodError'{0x000000070c3d0458}: 'long java.lang.invoke.DirectMethodHandle$Holder.invokeInterface(java.lang.Object, java.lang.Object, java.lang.Object)'> (0x000000070c3d0458) 
thrown [s\open\src\hotspot\share\interpreter\linkResolver.cpp, line 773]
Event: 5.914 Thread 0x000001f5e15b2e70 Exception <a 'java/lang/NoSuchMethodError'{0x00000007072aa610}: 'java.lang.Object java.lang.invoke.DirectMethodHandle$Holder.newInvokeSpecial(java.lang.Object, java.lang.Object, java.lang.Object, int)'> (0x00000007072aa610) 
thrown [s\open\src\hotspot\share\interpreter\linkResolver.cpp, line 773]
Event: 5.914 Thread 0x000001f5e15b2e70 Exception <a 'java/lang/NoSuchMethodError'{0x00000007072ae740}: 'java.lang.Object java.lang.invoke.DirectMethodHandle$Holder.invokeSpecial(java.lang.Object, java.lang.Object, java.lang.Object, java.lang.Object, int)'> (0x00000007072ae740) 
thrown [s\open\src\hotspot\share\interpreter\linkResolver.cpp, line 773]
Event: 5.914 Thread 0x000001f5e15b2e70 Exception <a 'java/lang/NoSuchMethodError'{0x00000007072b1e78}: 'java.lang.Object java.lang.invoke.Invokers$Holder.linkToTargetMethod(java.lang.Object, java.lang.Object, int, java.lang.Object)'> (0x00000007072b1e78) 
thrown [s\open\src\hotspot\share\interpreter\linkResolver.cpp, line 773]
Event: 5.919 Thread 0x000001f5e15b2e70 Exception <a 'java/lang/NoSuchMethodError'{0x0000000707330db0}: 'java.lang.Object java.lang.invoke.DelegatingMethodHandle$Holder.reinvoke_L(java.lang.Object, java.lang.Object, java.lang.Object, int, int, int, java.lang.Object, java.lang.Object, java.lang.Object, java.lang.Object, java.lang.Object, java.lang.Object, java.lang.Object)'> (0x0000000707330db0) 
thrown [s\open\src\hotspot\share\interpreter\linkResolver.cpp, line 773]

VM Operations (20 events):
Event: 3.649 Executing VM operation: HandshakeAllThreads
Event: 3.649 Executing VM operation: HandshakeAllThreads done
Event: 3.667 Executing VM operation: HandshakeAllThreads
Event: 3.667 Executing VM operation: HandshakeAllThreads done
Event: 4.668 Executing VM operation: Cleanup
Event: 4.668 Executing VM operation: Cleanup done
Event: 5.221 Executing VM operation: HandshakeAllThreads
Event: 5.221 Executing VM operation: HandshakeAllThreads done
Event: 5.331 Executing VM operation: HandshakeAllThreads
Event: 5.331 Executing VM operation: HandshakeAllThreads done
Event: 5.366 Executing VM operation: HandshakeAllThreads
Event: 5.366 Executing VM operation: HandshakeAllThreads done
Event: 5.372 Executing VM operation: HandshakeAllThreads
Event: 5.372 Executing VM operation: HandshakeAllThreads done
Event: 5.399 Executing VM operation: G1CollectForAllocation
Event: 5.403 Executing VM operation: G1CollectForAllocation done
Event: 5.462 Executing VM operation: HandshakeAllThreads
Event: 5.462 Executing VM operation: HandshakeAllThreads done
Event: 5.483 Executing VM operation: HandshakeAllThreads
Event: 5.483 Executing VM operation: HandshakeAllThreads done

Events (20 events):
Event: 3.753 Thread 0x000001f5e15b6e30 Thread added: 0x000001f5e15b6e30
Event: 3.753 Thread 0x000001f5e15b6390 Thread added: 0x000001f5e15b6390
Event: 3.753 Thread 0x000001f5e15b4900 Thread added: 0x000001f5e15b4900
Event: 3.753 Thread 0x000001f5e15b53a0 Thread added: 0x000001f5e15b53a0
Event: 3.754 Thread 0x000001f5e15b2920 Thread added: 0x000001f5e15b2920
Event: 3.761 Thread 0x000001f5e15b3e60 Thread added: 0x000001f5e15b3e60
Event: 3.761 Thread 0x000001f5e15b33c0 Thread added: 0x000001f5e15b33c0
Event: 3.775 Thread 0x000001f5fecd7af0 Thread exited: 0x000001f5fecd7af0
Event: 3.775 Thread 0x000001f5e15b3910 Thread added: 0x000001f5e15b3910
Event: 4.182 Thread 0x000001f5e15b1930 Thread added: 0x000001f5e15b1930
Event: 4.190 Thread 0x000001f5e15b1930 Thread exited: 0x000001f5e15b1930
Event: 4.194 Thread 0x000001f5e15b7380 Thread added: 0x000001f5e15b7380
Event: 4.199 Thread 0x000001f5e15b43b0 Thread added: 0x000001f5e15b43b0
Event: 4.200 Thread 0x000001f5e15b13e0 Thread added: 0x000001f5e15b13e0
Event: 4.201 Thread 0x000001f5e15b7380 Thread exited: 0x000001f5e15b7380
Event: 4.202 Thread 0x000001f5e15b1930 Thread added: 0x000001f5e15b1930
Event: 4.213 Thread 0x000001f5e15b1930 Thread exited: 0x000001f5e15b1930
Event: 4.214 Thread 0x000001f5e15b13e0 Thread exited: 0x000001f5e15b13e0
Event: 5.217 Thread 0x000001f5d7a5be90 Thread exited: 0x000001f5d7a5be90
Event: 5.928 Thread 0x000001f5e096e480 Thread added: 0x000001f5e096e480


Dynamic libraries:
0x00007ff68f860000 - 0x00007ff68f870000 	C:\Users\ŧŠÎŠ\.jdks\JDK\bin\java.exe
0x00007ffc95910000 - 0x00007ffc95b08000 	C:\Windows\SYSTEM32\ntdll.dll
0x00007ffc93f60000 - 0x00007ffc94022000 	C:\Windows\System32\KERNEL32.DLL
0x00007ffc93220000 - 0x00007ffc93516000 	C:\Windows\System32\KERNELBASE.dll
0x00007ffc93120000 - 0x00007ffc93220000 	C:\Windows\System32\ucrtbase.dll
0x00007ffc7bd20000 - 0x00007ffc7bd39000 	C:\Users\ŧŠÎŠ\.jdks\JDK\bin\jli.dll
0x00007ffc7bce0000 - 0x00007ffc7bcfb000 	C:\Users\ŧŠÎŠ\.jdks\JDK\bin\VCRUNTIME140.dll
0x00007ffc93cf0000 - 0x00007ffc93d9f000 	C:\Windows\System32\ADVAPI32.dll
0x00007ffc94d40000 - 0x00007ffc94dde000 	C:\Windows\System32\msvcrt.dll
0x00007ffc95120000 - 0x00007ffc951bf000 	C:\Windows\System32\sechost.dll
0x00007ffc94420000 - 0x00007ffc94543000 	C:\Windows\System32\RPCRT4.dll
0x00007ffc92fd0000 - 0x00007ffc92ff7000 	C:\Windows\System32\bcrypt.dll
0x00007ffc93b50000 - 0x00007ffc93ced000 	C:\Windows\System32\USER32.dll
0x00007ffc92fa0000 - 0x00007ffc92fc2000 	C:\Windows\System32\win32u.dll
0x00007ffc7c0f0000 - 0x00007ffc7c38a000 	C:\Windows\WinSxS\amd64_microsoft.windows.common-controls_6595b64144ccf1df_6.0.19041.4355_none_60b8b9eb71f62e16\COMCTL32.dll
0x00007ffc93b20000 - 0x00007ffc93b4b000 	C:\Windows\System32\GDI32.dll
0x00007ffc936b0000 - 0x00007ffc937ca000 	C:\Windows\System32\gdi32full.dll
0x00007ffc93000000 - 0x00007ffc9309d000 	C:\Windows\System32\msvcp_win.dll
0x00007ffc8a0b0000 - 0x00007ffc8a0ba000 	C:\Windows\SYSTEM32\VERSION.dll
0x00007ffc95410000 - 0x00007ffc9543f000 	C:\Windows\System32\IMM32.DLL
0x00007ffc8f0f0000 - 0x00007ffc8f0fc000 	C:\Users\ŧŠÎŠ\.jdks\JDK\bin\vcruntime140_1.dll
0x00007ffc637b0000 - 0x00007ffc6383e000 	C:\Users\ŧŠÎŠ\.jdks\JDK\bin\msvcp140.dll
0x00007ffc38450000 - 0x00007ffc390e8000 	C:\Users\ŧŠÎŠ\.jdks\JDK\bin\server\jvm.dll
0x00007ffc8ba90000 - 0x00007ffc8bab7000 	C:\Windows\SYSTEM32\WINMM.dll
0x00007ffc4d630000 - 0x00007ffc4d639000 	C:\Windows\SYSTEM32\WSOCK32.dll
0x00007ffc94f00000 - 0x00007ffc94f6b000 	C:\Windows\System32\WS2_32.dll
0x00007ffc917c0000 - 0x00007ffc917d2000 	C:\Windows\SYSTEM32\kernel.appcore.dll
0x00007ffc80ae0000 - 0x00007ffc80aea000 	C:\Users\ŧŠÎŠ\.jdks\JDK\bin\jimage.dll
0x00007ffc91320000 - 0x00007ffc91504000 	C:\Windows\SYSTEM32\DBGHELP.DLL
0x00007ffc7e170000 - 0x00007ffc7e1a4000 	C:\Windows\SYSTEM32\dbgcore.DLL
0x00007ffc93520000 - 0x00007ffc935a2000 	C:\Windows\System32\bcryptPrimitives.dll
0x00007ffc7f790000 - 0x00007ffc7f79e000 	C:\Users\ŧŠÎŠ\.jdks\JDK\bin\instrument.dll
0x00007ffc7bcb0000 - 0x00007ffc7bcd6000 	C:\Users\ŧŠÎŠ\.jdks\JDK\bin\java.dll
0x00007ffc48990000 - 0x00007ffc48a67000 	C:\Users\ŧŠÎŠ\.jdks\JDK\bin\jsvml.dll
0x00007ffc945d0000 - 0x00007ffc94d3f000 	C:\Windows\System32\SHELL32.dll
0x00007ffc90200000 - 0x00007ffc909a3000 	C:\Windows\SYSTEM32\windows.storage.dll
0x00007ffc94090000 - 0x00007ffc943e5000 	C:\Windows\System32\combase.dll
0x00007ffc929d0000 - 0x00007ffc929fb000 	C:\Windows\SYSTEM32\Wldp.dll
0x00007ffc93e90000 - 0x00007ffc93f5d000 	C:\Windows\System32\OLEAUT32.dll
0x00007ffc94de0000 - 0x00007ffc94e8d000 	C:\Windows\System32\SHCORE.dll
0x00007ffc93a10000 - 0x00007ffc93a65000 	C:\Windows\System32\shlwapi.dll
0x00007ffc92ed0000 - 0x00007ffc92ef5000 	C:\Windows\SYSTEM32\profapi.dll
0x00007ffc66fb0000 - 0x00007ffc66fc8000 	C:\Users\ŧŠÎŠ\.jdks\JDK\bin\zip.dll
0x00007ffc7bc00000 - 0x00007ffc7bc13000 	C:\Users\ŧŠÎŠ\.jdks\JDK\bin\net.dll
0x00007ffc8e310000 - 0x00007ffc8e41a000 	C:\Windows\SYSTEM32\WINHTTP.dll
0x00007ffc92730000 - 0x00007ffc9279c000 	C:\Windows\system32\mswsock.dll
0x00007ffc7b040000 - 0x00007ffc7b056000 	C:\Users\ŧŠÎŠ\.jdks\JDK\bin\nio.dll
0x00007ffc7bd00000 - 0x00007ffc7bd1a000 	D:\Software_APP_XXXXXXXXXXXXXXXXXXX\Software\IntelliJ IDEA 2024.1.1\bin\breakgen64.dll
0x00007ffc7d790000 - 0x00007ffc7d797000 	C:\Users\ŧŠÎŠ\.jdks\JDK\bin\extnet.dll
0x00007ffc92400000 - 0x00007ffc924ca000 	C:\Windows\SYSTEM32\DNSAPI.dll
0x00007ffc923c0000 - 0x00007ffc923fb000 	C:\Windows\SYSTEM32\IPHLPAPI.DLL
0x00007ffc94ef0000 - 0x00007ffc94ef8000 	C:\Windows\System32\NSI.dll
0x00007ffc8b580000 - 0x00007ffc8b58a000 	C:\Windows\System32\rasadhlp.dll
0x00007ffc88e40000 - 0x00007ffc88ec0000 	C:\Windows\System32\fwpuclnt.dll
0x00007ffc7cfc0000 - 0x00007ffc7cfca000 	C:\Users\ŧŠÎŠ\.jdks\JDK\bin\management.dll
0x00007ffc6c430000 - 0x00007ffc6c43b000 	C:\Users\ŧŠÎŠ\.jdks\JDK\bin\management_ext.dll
0x00007ffc95440000 - 0x00007ffc95448000 	C:\Windows\System32\PSAPI.DLL
0x00007ffc92920000 - 0x00007ffc92938000 	C:\Windows\SYSTEM32\CRYPTSP.dll
0x00007ffc91fe0000 - 0x00007ffc92018000 	C:\Windows\system32\rsaenh.dll
0x00007ffc92e50000 - 0x00007ffc92e7e000 	C:\Windows\SYSTEM32\USERENV.dll
0x00007ffc92940000 - 0x00007ffc9294c000 	C:\Windows\SYSTEM32\CRYPTBASE.dll
0x00007ffc8a120000 - 0x00007ffc8a137000 	C:\Windows\SYSTEM32\dhcpcsvc6.DLL
0x00007ffc8a680000 - 0x00007ffc8a69d000 	C:\Windows\SYSTEM32\dhcpcsvc.DLL
0x00007ffc63860000 - 0x00007ffc63877000 	C:\Windows\system32\napinsp.dll
0x00007ffc63840000 - 0x00007ffc6385b000 	C:\Windows\system32\pnrpnsp.dll
0x00007ffc8e530000 - 0x00007ffc8e545000 	C:\Windows\system32\wshbth.dll
0x00007ffc8e2f0000 - 0x00007ffc8e30d000 	C:\Windows\system32\NLAapi.dll
0x00007ffc635b0000 - 0x00007ffc635c2000 	C:\Windows\System32\winrnr.dll
0x00007ffc7bc30000 - 0x00007ffc7bc40000 	C:\Users\ŧŠÎŠ\.jdks\JDK\bin\verify.dll
0x00007ffc7bca0000 - 0x00007ffc7bcae000 	C:\Users\ŧŠÎŠ\.jdks\JDK\bin\sunmscapi.dll
0x00007ffc937d0000 - 0x00007ffc9392d000 	C:\Windows\System32\CRYPT32.dll
0x00007ffc92a40000 - 0x00007ffc92a67000 	C:\Windows\SYSTEM32\ncrypt.dll
0x00007ffc92a00000 - 0x00007ffc92a3b000 	C:\Windows\SYSTEM32\NTASN1.dll
0x00007ffc31cb0000 - 0x00007ffc31cb7000 	C:\Windows\system32\wshunix.dll

dbghelp: loaded successfully - version: 4.0.5 - missing functions: none
symbol engine: initialized successfully - sym options: 0x614 - pdb path: .;C:\Users\ŧŠÎŠ\.jdks\JDK\bin;C:\Windows\SYSTEM32;C:\Windows\WinSxS\amd64_microsoft.windows.common-controls_6595b64144ccf1df_6.0.19041.4355_none_60b8b9eb71f62e16;C:\Users\ŧŠÎŠ\.jdks\JDK\bin\se;C:\Users\ŧŠÎŠ\.jdks\JDK\bin\;C:\Users\ŧŠÎŠ\.jdks\JDK\bi;C:\Users\ŧŠÎŠ\.jdks\JDK\;C:\Users\ŧŠÎŠ\.jdks\JD;C:\Users\ŧŠÎŠ\.jdks\;C:\Users\ŧŠÎŠ\.jdks\JDK\bin\server;D:\Software_APP_XXXXXXXXXXXXXXXXXXX\Software\IntelliJ I;D:\Software_APP_XXXXXXXXXXXXXXXXXXX\Software\IntelliJ I;D:\Software_APP_XXXXXXXXXXXXXXXXXXX\Software\IntelliJ I;D:\Software_APP_XXXXXXXXXXXXXXXXXXX\Software\IntelliJ I;D:\Software_APP_XXXXXXXXXXXXXXXXXXX\Software\IntelliJ I;D:\Software_APP_XXXXXXXXXXXXXXXXXXX\Software\IntelliJ I;D:\Software_APP_XXXXXXXXXXXXXXXXXXX\Software\IntelliJ I

VM Arguments:
jvm_args: -XX:TieredStopAtLevel=1 -Dspring.output.ansi.enabled=always -Dcom.sun.management.jmxremote -Dspring.jmx.enabled=true -Dspring.liveBeansView.mbeanDomain -Dspring.application.admin.enabled=true -Dmanagement.endpoints.jmx.exposure.include=* -javaagent:D:\Software_APP_XXXXXXXXXXXXXXXXXXX\Software\IntelliJ IDEA 2024.1.1\lib\idea_rt.jar=45693:D:\Software_APP_XXXXXXXXXXXXXXXXXXX\Software\IntelliJ IDEA 2024.1.1\bin -Dfile.encoding=UTF-8 -Dsun.stdout.encoding=UTF-8 -Dsun.stderr.encoding=UTF-8 
java_command: com.example.registerlogin.RegisterLoginApplication
java_class_path (initial): D:\BBBBBBBBBBBBBBBBBBBB\Login\7\RegisterLogin\target\classes;C:\Users\ŧŠÎŠ\.m2\repository\org\springframework\boot\spring-boot-starter-data-jpa\2.7.5\spring-boot-starter-data-jpa-2.7.5.jar;C:\Users\ŧŠÎŠ\.m2\repository\org\springframework\boot\spring-boot-starter-aop\2.7.5\spring-boot-starter-aop-2.7.5.jar;C:\Users\ŧŠÎŠ\.m2\repository\org\springframework\spring-aop\5.3.23\spring-aop-5.3.23.jar;C:\Users\ŧŠÎŠ\.m2\repository\org\aspectj\aspectjweaver\1.9.7\aspectjweaver-1.9.7.jar;C:\Users\ŧŠÎŠ\.m2\repository\org\springframework\boot\spring-boot-starter-jdbc\2.7.5\spring-boot-starter-jdbc-2.7.5.jar;C:\Users\ŧŠÎŠ\.m2\repository\com\zaxxer\HikariCP\4.0.3\HikariCP-4.0.3.jar;C:\Users\ŧŠÎŠ\.m2\repository\org\springframework\spring-jdbc\5.3.23\spring-jdbc-5.3.23.jar;C:\Users\ŧŠÎŠ\.m2\repository\jakarta\transaction\jakarta.transaction-api\1.3.3\jakarta.transaction-api-1.3.3.jar;C:\Users\ŧŠÎŠ\.m2\repository\jakarta\persistence\jakarta.persistence-api\2.2.3\jakarta.persistence-api-2.2.3.jar;C:\Users\ŧŠÎŠ\.m2\repository\org\hibernate\hibernate-core\5.6.12.Final\hibernate-core-5.6.12.Final.jar;C:\Users\ŧŠÎŠ\.m2\repository\org\jboss\logging\jboss-logging\3.4.3.Final\jboss-logging-3.4.3.Final.jar;C:\Users\ŧŠÎŠ\.m2\repository\net\bytebuddy\byte-buddy\1.12.18\byte-buddy-1.12.18.jar;C:\Users\ŧŠÎŠ\.m2\repository\antlr\antlr\2.7.7\antlr-2.7.7.jar;C:\Users\ŧŠÎŠ\.m2\repository\org\jboss\jandex\2.4.2.Final\jandex-2.4.2.Final.jar;C:\Users\ŧŠÎŠ\.m2\repository\com\fasterxml\classmate\1.5.1\classmate-1.5.1.jar;C:\Users\ŧŠÎŠ\.m2\repository\org\hibernate\common\hibernate-commons-annotations\5.1.2.Final\hibernate-commons-annotations-5.1.2.Final.jar;C:\Users\ŧŠÎŠ\.m2\repository\org\glassfish\jaxb\jaxb-runtime\2.3.7\jaxb-runtime-2.3.7.jar;C:\Users\ŧŠÎŠ\.m2\repository\org\glassfish\jaxb\txw2\2.3.7\txw2-2.3.7.jar;C:\Users\ŧŠÎŠ\.m2\repository\com\sun\istack\istack-commons-runtime\3.0.12\istack-commons-runtime-3.0.12.jar;C:\Users\ŧŠÎŠ\.m2\repository\com\sun\activation\jakarta.activation\1.2.2\jakarta.activation-1.2.2.jar;C:\Users\ŧŠÎŠ\.m2\repository\org\springframework\data\spring-data-jpa\2.7.5\spring-data-jpa-2.7.5.jar;C:\Users\ŧŠÎŠ\.m2\repository\org\springframework\data\spring-data-commons\2.7.5\spring-data-commons-2.7.5.jar;C:\Users\ŧŠÎŠ\.m2\repository\org\springframework\spring-orm\5.3.23\spring-orm-5.3.23.jar;C:\Users\ŧŠÎŠ\.m2\repository\org\springframework\spring-context\5.3.23\spring-context-5.3.23.jar;C:\Users\ŧŠÎŠ\.m2\repository\org\springframework\spring-tx\5.3.23\spring-tx-5.3.23.jar;C:\Users\ŧŠÎŠ\.m2\repository\org\springframework\spring-beans\5.3.23\spring-beans-5.3.23.jar;C:\Users\ŧŠÎŠ\.m2\repository\org\springframework\spring-aspects\5.3.23\spring-aspects-5.3.23.jar;C:\Users\ŧŠÎŠ\.m2\repository\org\springframework\boot\spring-boot-starter-web\2.7.5\spring-boot-starter-web-2.7.5.jar;C:\Users\ŧŠÎŠ\.m2\repository\org\springframework\boot\spring-boot-starter\2.7.5\spring-boot-starter-2.7.5.jar;C:\Users\ŧŠÎŠ\.m2\repository\org\springframework\boot\spring-boot\2.7.5\spring-boot-2.7.5.jar;C:\Users\ŧŠÎŠ\.m2\repository\org\springframework\boot\spring-boot-starter-logging\2.7.5\spring-boot-starter-logging-2.7.5.jar;C:\Users\ŧŠÎŠ\.m2\repository\org\apache\logging\log4j\log4j-to-slf4j\2.17.2\log4j-to-slf4j-2.17.2.jar;C:\Users\ŧŠÎŠ\.m2\repository\org\apache\logging\log4j\log4j-api\2.17.2\log4j-api-2.17.2.jar;C:\Users\ŧŠÎŠ\.m2\repository\org\slf4j\jul-to-slf4j\1.7.36\jul-to-slf4j-1.7.36.jar;C:\Users\ŧŠÎŠ\.m2\repository\jakarta\annotation\jakarta.annotation-api\1.3.5\jakarta.annotation-api-1.3.5.jar;C:\Users\ŧŠÎŠ\.m2\repository\org\yaml\snakeyaml\1.30\snakeyaml-1.30.jar;C:\Users\ŧŠÎŠ\.m2\repository\org\springframework\boot\spring-boot-starter-json\2.7.5\spring-boot-starter-json-2.7.5.jar;C:\Users\ŧŠÎŠ\.m2\repository\com\fasterxml\jackson\core\jackson-databind\2.13.4.2\jackson-databind-2.13.4.2.jar;C:\Users\ŧŠÎŠ\.m2\repository\com\fasterxml\jackson\core\jackson-annotations\2.13.4\jackson-annotations-2.13.4.jar;C:\Users\ŧŠÎŠ\.m2\repository\com\fasterxml\jackson\core\jackson-core\2.13.4\jackson-core-2.13.4.jar;C:\Users\ŧŠÎŠ\.m2\repository\com\fasterxml\jackson\datatype\jackson-datatype-jdk8\2.13.4\jackson-datatype-jdk8-2.13.4.jar;C:\Users\ŧŠÎŠ\.m2\repository\com\fasterxml\jackson\datatype\jackson-datatype-jsr310\2.13.4\jackson-datatype-jsr310-2.13.4.jar;C:\Users\ŧŠÎŠ\.m2\repository\com\fasterxml\jackson\module\jackson-module-parameter-names\2.13.4\jackson-module-parameter-names-2.13.4.jar;C:\Users\ŧŠÎŠ\.m2\repository\org\springframework\boot\spring-boot-starter-tomcat\2.7.5\spring-boot-starter-tomcat-2.7.5.jar;C:\Users\ŧŠÎŠ\.m2\repository\org\apache\tomcat\embed\tomcat-embed-core\9.0.68\tomcat-embed-core-9.0.68.jar;C:\Users\ŧŠÎŠ\.m2\repository\org\apache\tomcat\embed\tomcat-embed-el\9.0.68\tomcat-embed-el-9.0.68.jar;C:\Users\ŧŠÎŠ\.m2\repository\org\apache\tomcat\embed\tomcat-embed-websocket\9.0.68\tomcat-embed-websocket-9.0.68.jar;C:\Users\ŧŠÎŠ\.m2\repository\org\springframework\spring-web\5.3.23\spring-web-5.3.23.jar;C:\Users\ŧŠÎŠ\.m2\repository\org\springframework\spring-webmvc\5.3.23\spring-webmvc-5.3.23.jar;C:\Users\ŧŠÎŠ\.m2\repository\org\springframework\spring-expression\5.3.23\spring-expression-5.3.23.jar;C:\Users\ŧŠÎŠ\.m2\repository\com\mysql\mysql-connector-j\8.0.31\mysql-connector-j-8.0.31.jar;C:\Users\ŧŠÎŠ\.m2\repository\org\projectlombok\lombok\1.18.24\lombok-1.18.24.jar;C:\Users\ŧŠÎŠ\.m2\repository\com\baomidou\mybatis-plus-boot-starter\3.5.3.1\mybatis-plus-boot-starter-3.5.3.1.jar;C:\Users\ŧŠÎŠ\.m2\repository\com\baomidou\mybatis-plus\3.5.3.1\mybatis-plus-3.5.3.1.jar;C:\Users\ŧŠÎŠ\.m2\repository\com\baomidou\mybatis-plus-extension\3.5.3.1\mybatis-plus-extension-3.5.3.1.jar;C:\Users\ŧŠÎŠ\.m2\repository\com\baomidou\mybatis-plus-core\3.5.3.1\mybatis-plus-core-3.5.3.1.jar;C:\Users\ŧŠÎŠ\.m2\repository\com\baomidou\mybatis-plus-annotation\3.5.3.1\mybatis-plus-annotation-3.5.3.1.jar;C:\Users\ŧŠÎŠ\.m2\repository\com\github\jsqlparser\jsqlparser\4.4\jsqlparser-4.4.jar;C:\Users\ŧŠÎŠ\.m2\repository\org\mybatis\mybatis\3.5.10\mybatis-3.5.10.jar;C:\Users\ŧŠÎŠ\.m2\repository\org\mybatis\mybatis-spring\2.0.7\mybatis-spring-2.0.7.jar;C:\Users\ŧŠÎŠ\.m2\repository\org\springframework\boot\spring-boot-autoconfigure\2.7.5\spring-boot-autoconfigure-2.7.5.jar;C:\Users\ŧŠÎŠ\.m2\repository\jakarta\xml\bind\jakarta.xml.bind-api\2.3.3\jakarta.xml.bind-api-2.3.3.jar;C:\Users\ŧŠÎŠ\.m2\repository\jakarta\activation\jakarta.activation-api\1.2.2\jakarta.activation-api-1.2.2.jar;C:\Users\ŧŠÎŠ\.m2\repository\org\springframework\spring-core\5.3.23\spring-core-5.3.23.jar;C:\Users\ŧŠÎŠ\.m2\repository\org\springframework\spring-jcl\5.3.23\spring-jcl-5.3.23.jar;C:\Users\ŧŠÎŠ\.m2\repository\org\slf4j\slf4j-api\1.7.36\slf4j-api-1.7.36.jar;C:\Users\ŧŠÎŠ\.m2\repository\ch\qos\logback\logback-classic\1.2.11\logback-classic-1.2.11.jar;C:\Users\ŧŠÎŠ\.m2\repository\ch\qos\logback\logback-core\1.2.11\logback-core-1.2.11.jar;C:\Users\ŧŠÎŠ\.m2\repository\commons-io\commons-io\2.11.0\commons-io-2.11.0.jar;C:\Users\ŧŠÎŠ\.m2\repository\commons-fileupload\commons-fileupload\1.4\commons-fileupload-1.4.jar;C:\Users\ŧŠÎŠ\.m2\repository\com\squareup\okhttp3\okhttp\4.10.0\okhttp-4.10.0.jar;C:\Users\ŧŠÎŠ\.m2\repository\com\squareup\okio\okio-jvm\3.0.0\okio-jvm-3.0.0.jar;C:\Users\ŧŠÎŠ\.m2\repository\org\jetbrains\kotlin\kotlin-stdlib-jdk8\1.6.21\kotlin-stdlib-jdk8-1.6.21.jar;C:\Users\ŧŠÎŠ\.m2\repository\org\jetbrains\kotlin\kotlin-stdlib-jdk7\1.6.21\kotlin-stdlib-jdk7-1.6.21.jar;C:\Users\ŧŠÎŠ\.m2\repository\org\jetbrains\kotlin\kotlin-stdlib-common\1.6.21\kotlin-stdlib-common-1.6.21.jar;C:\Users\ŧŠÎŠ\.m2\repository\org\jetbrains\kotlin\kotlin-stdlib\1.6.21\kotlin-stdlib-1.6.21.jar;C:\Users\ŧŠÎŠ\.m2\repository\org\jetbrains\annotations\13.0\annotations-13.0.jar
Launcher Type: SUN_STANDARD

[Global flags]
     intx CICompilerCount                          = 4                                         {product} {ergonomic}
     uint ConcGCThreads                            = 2                                         {product} {ergonomic}
     uint G1ConcRefinementThreads                  = 8                                         {product} {ergonomic}
   size_t G1HeapRegionSize                         = 2097152                                   {product} {ergonomic}
    uintx GCDrainStackTargetSize                   = 64                                        {product} {ergonomic}
   size_t InitialHeapSize                          = 266338304                                 {product} {ergonomic}
     bool ManagementServer                         = true                                      {product} {command line}
   size_t MarkStackSize                            = 4194304                                   {product} {ergonomic}
   size_t MaxHeapSize                              = 4242538496                                {product} {ergonomic}
   size_t MaxNewSize                               = 2543845376                                {product} {ergonomic}
   size_t MinHeapDeltaBytes                        = 2097152                                   {product} {ergonomic}
   size_t MinHeapSize                              = 8388608                                   {product} {ergonomic}
    uintx NonProfiledCodeHeapSize                  = 0                                      {pd product} {ergonomic}
     bool ProfileInterpreter                       = false                                  {pd product} {command line}
    uintx ProfiledCodeHeapSize                     = 0                                      {pd product} {ergonomic}
   size_t SoftMaxHeapSize                          = 4242538496                             {manageable} {ergonomic}
     intx TieredStopAtLevel                        = 1                                         {product} {command line}
     bool UseCompressedClassPointers               = true                           {product lp64_product} {ergonomic}
     bool UseCompressedOops                        = true                           {product lp64_product} {ergonomic}
     bool UseG1GC                                  = true                                      {product} {ergonomic}
     bool UseLargePagesIndividualAllocation        = false                                  {pd product} {ergonomic}

Logging:
Log output configuration:
 #0: stdout all=warning uptime,level,tags foldmultilines=false
 #1: stderr all=off uptime,level,tags foldmultilines=false

Environment Variables:
JAVA_HOME=D:\Software_APP_XXXXXXXXXXXXXXXXXXX\Software\Android\Android SDK17
PATH=C:\Program Files\Common Files\Oracle\Java\javapath;C:\Program Files (x86)\Common Files\Oracle\Java\java8path;C:\Program Files (x86)\Common Files\Oracle\Java\javapath;C:\Windows\System32\HWAudioDriverLibs;C:\Windows\system32;C:\Windows;C:\Windows\System32\Wbem;C:\Windows\System32\WindowsPowerShell\v1.0\;C:\Windows\System32\OpenSSH\;C:\Windows\system32\config\systemprofile\AppData\Local\Microsoft\WindowsApps;D:\Software_APP_XXXXXXXXXXXXXXXXXXX\Software\Git\Git\cmd;D:\Profession\Java\tomcat\apache-tomcat-9.0.60\bin;D:Software_APP_XXXXXXXXXXXXXXXXXXX\Software\Android SDK\platform-tools;%JAVA_HOME\bin%;D:\Software_APP_XXXXXXXXXXXXXXXXXXX\Software\Android\Android SDK17\jre\bin;D:\node\;D:\Software_APP_XXXXXXXXXXXXXXXXXXX\Software\IntelliJ IDEA 2024.1.1\JDK\bin;D:\Software_APP_XXXXXXXXXXXXXXXXXXX\Software\Android\Android SDK17\bin;D:\Software_APP_XXXXXXXXXXXXXXXXXXX\Software\Python\PyCharm 2021.3.3;D:\Software_APP_XXXXXXXXXXXXXXXXXXX\Software\Python\PyCharm 2021.3.3\jetbra\scripts;D:\XXX_APP\python\Scripts\;D:\XXX_APP\python\;C:\Users\ŧŠÎŠ\AppData\Local\Programs\Python\Python310\Scripts\;C:\Users\ŧŠÎŠ\AppData\Local\Programs\Python\Python310\;C:\Users\ŧŠÎŠ\AppData\Local\Microsoft\WindowsApps;D:\Profession\PyCharm Community Edition 2023.2\bin;;D:\Python\PyCharm 2021.3.3\bin;;D:\Software_APP_XXXXXXXXXXXXXXXXXXX\Software\IntelliJ IDEA 2024.1.1\bin;;D:\XXX_APP\vscode\Microsoft VS Code\bin;D:\XXX_APP\CLion\CLion 2021.3.4\bin;D:\Software_APP_XXXXXXXXXXXXXXXXXXX\Software\IntelliJ IDEA 2024.1.1\JDK\bin;;D:\Software_APP_XXXXXXXXXXXXXXXXXXX\Software\PhpStorm 2024.1.1\bin;;C:\Users\ŧŠÎŠ\AppData\Roaming\npm;D:\Software_APP_XXXXXXXXXXXXXXXXXXX\Software\IntelliJ IDEA 2024.1.1\JDK\bin;D:\Software_APP_XXXXXXXXXXXXXXXXXXX\Software\CursorUserSetup\resources\app\bin
USERNAME=ŧŠÎŠ
OS=Windows_NT
PROCESSOR_IDENTIFIER=Intel64 Family 6 Model 140 Stepping 1, GenuineIntel
TMP=C:\Users\ŧŠÎŠ\AppData\Local\Temp
TEMP=C:\Users\ŧŠÎŠ\AppData\Local\Temp




---------------  S Y S T E M  ---------------

OS:
 Windows 10 , 64 bit Build 19041 (10.0.19041.5678)
OS uptime: 0 days 21:08 hours

CPU: total 8 (initial active 8) (4 cores per cpu, 2 threads per core) family 6 model 140 stepping 1 microcode 0x8a, cx8, cmov, fxsr, ht, mmx, 3dnowpref, sse, sse2, sse3, ssse3, sse4.1, sse4.2, popcnt, lzcnt, tsc, tscinvbit, avx, avx2, aes, erms, clmul, bmi1, bmi2, adx, avx512f, avx512dq, avx512cd, avx512bw, avx512vl, sha, fma, vzeroupper, avx512_vpopcntdq, avx512_vpclmulqdq, avx512_vaes, avx512_vnni, clflush, clflushopt, clwb, avx512_vbmi2, avx512_vbmi, rdtscp, rdpid, fsrm, gfni, avx512_bitalg, f16c, pku, cet_ibt, cet_ss, avx512_ifma

Memory: 4k page, system-wide physical 16183M (436M free)
TotalPageFile size 31543M (AvailPageFile size 1M)
current process WorkingSet (physical memory assigned to process): 210M, peak: 210M
current process commit charge ("private bytes"): 249M, peak: 373M

vm_info: Java HotSpot(TM) 64-Bit Server VM (20.0.2+9-78) for windows-amd64 JRE (20.0.2+9-78), built on 2023-06-14T10:08:48Z by "mach5one" with MS VC++ 17.1 (VS2022)

END.
