#
# There is insufficient memory for the Java Runtime Environment to continue.
# Native memory allocation (mmap) failed to map 266338304 bytes for G1 virtual space
# Possible reasons:
#   The system is out of physical RAM or swap space
#   The process is running with CompressedOops enabled, and the Java Heap may be blocking the growth of the native heap
# Possible solutions:
#   Reduce memory load on the system
#   Increase physical memory or swap space
#   Check if swap backing store is full
#   Decrease Java heap size (-Xmx/-Xms)
#   Decrease number of Java threads
#   Decrease Java thread stack sizes (-Xss)
#   Set larger code cache with -XX:ReservedCodeCacheSize=
#   JVM is running with Zero Based Compressed Oops mode in which the Java heap is
#     placed in the first 32GB address space. The Java Heap base address is the
#     maximum limit for the native heap growth. Please use -XX:HeapBaseMinAddress
#     to set the Java Heap base and to place the Java Heap above 32GB virtual address.
# This output file may be truncated or incomplete.
#
#  Out of Memory Error (os_windows.cpp:3528), pid=18700, tid=18104
#
# JRE version:  (20.0.2+9) (build )
# Java VM: Java HotSpot(TM) 64-Bit Server VM (20.0.2+9-78, mixed mode, emulated-client, sharing, tiered, compressed oops, compressed class ptrs, g1 gc, windows-amd64)
# No core dump will be written. Minidumps are not enabled by default on client versions of Windows
#

---------------  S U M M A R Y ------------

Command Line: -XX:TieredStopAtLevel=1 -Dspring.output.ansi.enabled=always -Dcom.sun.management.jmxremote -Dspring.jmx.enabled=true -Dspring.liveBeansView.mbeanDomain -Dspring.application.admin.enabled=true -Dmanagement.endpoints.jmx.exposure.include=* -javaagent:D:\Software_APP_XXXXXXXXXXXXXXXXXXX\Software\IntelliJ IDEA 2024.1.1\lib\idea_rt.jar=8108:D:\Software_APP_XXXXXXXXXXXXXXXXXXX\Software\IntelliJ IDEA 2024.1.1\bin -Dfile.encoding=UTF-8 -Dsun.stdout.encoding=UTF-8 -Dsun.stderr.encoding=UTF-8 com.example.registerlogin.RegisterLoginApplication

Host: 11th Gen Intel(R) Core(TM) i5-1135G7 @ 2.40GHz, 8 cores, 15G,  Windows 10 , 64 bit Build 19041 (10.0.19041.5678)
Time: Sat May 10 03:07:54 2025  Windows 10 , 64 bit Build 19041 (10.0.19041.5678) elapsed time: 0.023117 seconds (0d 0h 0m 0s)

---------------  T H R E A D  ---------------

Current thread (0x000001c135e48ab0):  JavaThread "Unknown thread" [_thread_in_vm, id=18104, stack(0x0000002dce200000,0x0000002dce300000)]

Stack: [0x0000002dce200000,0x0000002dce300000]
Native frames: (J=compiled Java code, j=interpreted, Vv=VM code, C=native code)
V  [jvm.dll+0x6bc25a]
V  [jvm.dll+0x84971a]
V  [jvm.dll+0x84b315]
V  [jvm.dll+0x84ba13]
V  [jvm.dll+0x280e4f]
V  [jvm.dll+0x6b8fe9]
V  [jvm.dll+0x6adbca]
V  [jvm.dll+0x35b165]
V  [jvm.dll+0x363386]
V  [jvm.dll+0x3b400e]
V  [jvm.dll+0x3b4295]
V  [jvm.dll+0x32b86a]
V  [jvm.dll+0x32c68b]
V  [jvm.dll+0x8123df]
V  [jvm.dll+0x3c1261]
V  [jvm.dll+0x7fe103]
V  [jvm.dll+0x44ccaf]
V  [jvm.dll+0x44e621]
C  [jli.dll+0x5287]
C  [ucrtbase.dll+0x21bb2]
C  [KERNEL32.DLL+0x17374]
C  [ntdll.dll+0x4cc91]


---------------  P R O C E S S  ---------------

Threads class SMR info:
_java_thread_list=0x00007ffdf6b5b118, length=0, elements={
}

Java Threads: ( => current thread )

Other Threads:
  0x000001c135eb6290 WorkerThread "GC Thread#0" [stack: 0x0000002dce300000,0x0000002dce400000] [id=9404]
  0x000001c135ec6c80 ConcurrentGCThread "G1 Main Marker" [stack: 0x0000002dce400000,0x0000002dce500000] [id=17456]
  0x000001c135ec74c0 WorkerThread "G1 Conc#0" [stack: 0x0000002dce500000,0x0000002dce600000] [id=12380]

[error occurred during error reporting (printing all threads), id 0xc0000005, EXCEPTION_ACCESS_VIOLATION (0xc0000005) at pc=0x00007ffdf633eea7]
VM state: not at safepoint (not fully initialized)

VM Mutex/Monitor currently owned by a thread:  ([mutex/lock_event])
[0x000001c135e48440] Heap_lock - owner thread: 0x000001c135e48ab0

Heap address: 0x0000000703200000, size: 4046 MB, Compressed Oops mode: Zero based, Oop shift amount: 3

CDS archive(s) mapped at: [0x0000000000000000-0x0000000000000000-0x0000000000000000), size 0, SharedBaseAddress: 0x0000000800000000, ArchiveRelocationMode: 1.
Narrow klass base: 0x0000000000000000, Narrow klass shift: 0, Narrow klass range: 0x0

GC Precious Log:
 CardTable entry size: 512
 Card Set container configuration: InlinePtr #cards 4 size 8 Array Of Cards #cards 16 size 48 Howl #buckets 8 coarsen threshold 3686 Howl Bitmap #cards 512 size 80 coarsen threshold 460 Card regions per heap region 1 cards per card region 4096

Heap:
 garbage-first heap   total 0K, used 0K [0x0000000703200000, 0x0000000800000000)
  region size 2048K, 0 young (0K), 0 survivors (0K)

[error occurred during error reporting (printing heap information), id 0xc0000005, EXCEPTION_ACCESS_VIOLATION (0xc0000005) at pc=0x00007ffdf67147b9]
GC Heap History (0 events):
No events

Dll operation events (1 events):
Event: 0.012 Loaded shared library C:\Users\빽槨\.jdks\JDK\bin\java.dll

Deoptimization events (0 events):
No events

Classes loaded (0 events):
No events

Classes unloaded (0 events):
No events

Classes redefined (0 events):
No events

Internal exceptions (0 events):
No events

VM Operations (0 events):
No events

Events (0 events):
No events


Dynamic libraries:
0x00007ff7af410000 - 0x00007ff7af420000 	C:\Users\빽槨\.jdks\JDK\bin\java.exe
0x00007ffe60eb0000 - 0x00007ffe610a8000 	C:\Windows\SYSTEM32\ntdll.dll
0x00007ffe60820000 - 0x00007ffe608e2000 	C:\Windows\System32\KERNEL32.DLL
0x00007ffe5e6f0000 - 0x00007ffe5e9e6000 	C:\Windows\System32\KERNELBASE.dll
0x00007ffe5e570000 - 0x00007ffe5e670000 	C:\Windows\System32\ucrtbase.dll
0x00007ffe58a20000 - 0x00007ffe58a39000 	C:\Users\빽槨\.jdks\JDK\bin\jli.dll
0x00007ffe56750000 - 0x00007ffe5676b000 	C:\Users\빽槨\.jdks\JDK\bin\VCRUNTIME140.dll
0x00007ffe60a90000 - 0x00007ffe60b3f000 	C:\Windows\System32\ADVAPI32.dll
0x00007ffe5eed0000 - 0x00007ffe5ef6e000 	C:\Windows\System32\msvcrt.dll
0x00007ffe60780000 - 0x00007ffe6081f000 	C:\Windows\System32\sechost.dll
0x00007ffe5f800000 - 0x00007ffe5f923000 	C:\Windows\System32\RPCRT4.dll
0x00007ffe5eb10000 - 0x00007ffe5eb37000 	C:\Windows\System32\bcrypt.dll
0x00007ffe5fe00000 - 0x00007ffe5ff9d000 	C:\Windows\System32\USER32.dll
0x00007ffe5e540000 - 0x00007ffe5e562000 	C:\Windows\System32\win32u.dll
0x00007ffe5d9f0000 - 0x00007ffe5dc8a000 	C:\Windows\WinSxS\amd64_microsoft.windows.common-controls_6595b64144ccf1df_6.0.19041.4355_none_60b8b9eb71f62e16\COMCTL32.dll
0x00007ffe5ffd0000 - 0x00007ffe5fffb000 	C:\Windows\System32\GDI32.dll
0x00007ffe5e9f0000 - 0x00007ffe5eb0a000 	C:\Windows\System32\gdi32full.dll
0x00007ffe5eb40000 - 0x00007ffe5ebdd000 	C:\Windows\System32\msvcp_win.dll
0x00007ffe55920000 - 0x00007ffe5592a000 	C:\Windows\SYSTEM32\VERSION.dll
0x00007ffe5f930000 - 0x00007ffe5f95f000 	C:\Windows\System32\IMM32.DLL
0x00007ffe58820000 - 0x00007ffe5882c000 	C:\Users\빽槨\.jdks\JDK\bin\vcruntime140_1.dll
0x00007ffe0f2d0000 - 0x00007ffe0f35e000 	C:\Users\빽槨\.jdks\JDK\bin\msvcp140.dll
0x00007ffdf6000000 - 0x00007ffdf6c98000 	C:\Users\빽槨\.jdks\JDK\bin\server\jvm.dll
0x00007ffe43030000 - 0x00007ffe43057000 	C:\Windows\SYSTEM32\WINMM.dll
0x00007ffe5df20000 - 0x00007ffe5df29000 	C:\Windows\SYSTEM32\WSOCK32.dll
0x00007ffe60000000 - 0x00007ffe6006b000 	C:\Windows\System32\WS2_32.dll
0x00007ffe5c6e0000 - 0x00007ffe5c6f2000 	C:\Windows\SYSTEM32\kernel.appcore.dll
0x00007ffe56730000 - 0x00007ffe5673a000 	C:\Users\빽槨\.jdks\JDK\bin\jimage.dll
0x00007ffe5df40000 - 0x00007ffe5e124000 	C:\Windows\SYSTEM32\DBGHELP.DLL
0x00007ffe5de80000 - 0x00007ffe5deb4000 	C:\Windows\SYSTEM32\dbgcore.DLL
0x00007ffe5edf0000 - 0x00007ffe5ee72000 	C:\Windows\System32\bcryptPrimitives.dll
0x00007ffe58e70000 - 0x00007ffe58e7e000 	C:\Users\빽槨\.jdks\JDK\bin\instrument.dll
0x00007ffe49620000 - 0x00007ffe49646000 	C:\Users\빽槨\.jdks\JDK\bin\java.dll

dbghelp: loaded successfully - version: 4.0.5 - missing functions: none
symbol engine: initialized successfully - sym options: 0x614 - pdb path: .;C:\Users\빽槨\.jdks\JDK\bin;C:\Windows\SYSTEM32;C:\Windows\WinSxS\amd64_microsoft.windows.common-controls_6595b64144ccf1df_6.0.19041.4355_none_60b8b9eb71f62e16;C:\Users\빽槨\.jdks\JDK\bin\se;C:\Users\빽槨\.jdks\JDK\bin\

VM Arguments:
jvm_args: -XX:TieredStopAtLevel=1 -Dspring.output.ansi.enabled=always -Dcom.sun.management.jmxremote -Dspring.jmx.enabled=true -Dspring.liveBeansView.mbeanDomain -Dspring.application.admin.enabled=true -Dmanagement.endpoints.jmx.exposure.include=* -javaagent:D:\Software_APP_XXXXXXXXXXXXXXXXXXX\Software\IntelliJ IDEA 2024.1.1\lib\idea_rt.jar=8108:D:\Software_APP_XXXXXXXXXXXXXXXXXXX\Software\IntelliJ IDEA 2024.1.1\bin -Dfile.encoding=UTF-8 -Dsun.stdout.encoding=UTF-8 -Dsun.stderr.encoding=UTF-8 
java_command: com.example.registerlogin.RegisterLoginApplication
java_class_path (initial): D:\BBBBBBBBBBBBBBBBBBBB\Login\24\RegisterLogin\target\classes;C:\Users\빽槨\.m2\repository\org\springframework\boot\spring-boot-starter-data-jpa\2.7.5\spring-boot-starter-data-jpa-2.7.5.jar;C:\Users\빽槨\.m2\repository\org\springframework\boot\spring-boot-starter-aop\2.7.5\spring-boot-starter-aop-2.7.5.jar;C:\Users\빽槨\.m2\repository\org\springframework\spring-aop\5.3.23\spring-aop-5.3.23.jar;C:\Users\빽槨\.m2\repository\org\aspectj\aspectjweaver\1.9.7\aspectjweaver-1.9.7.jar;C:\Users\빽槨\.m2\repository\org\springframework\boot\spring-boot-starter-jdbc\2.7.5\spring-boot-starter-jdbc-2.7.5.jar;C:\Users\빽槨\.m2\repository\com\zaxxer\HikariCP\4.0.3\HikariCP-4.0.3.jar;C:\Users\빽槨\.m2\repository\org\springframework\spring-jdbc\5.3.23\spring-jdbc-5.3.23.jar;C:\Users\빽槨\.m2\repository\jakarta\transaction\jakarta.transaction-api\1.3.3\jakarta.transaction-api-1.3.3.jar;C:\Users\빽槨\.m2\repository\jakarta\persistence\jakarta.persistence-api\2.2.3\jakarta.persistence-api-2.2.3.jar;C:\Users\빽槨\.m2\repository\org\hibernate\hibernate-core\5.6.12.Final\hibernate-core-5.6.12.Final.jar;C:\Users\빽槨\.m2\repository\org\jboss\logging\jboss-logging\3.4.3.Final\jboss-logging-3.4.3.Final.jar;C:\Users\빽槨\.m2\repository\net\bytebuddy\byte-buddy\1.12.18\byte-buddy-1.12.18.jar;C:\Users\빽槨\.m2\repository\antlr\antlr\2.7.7\antlr-2.7.7.jar;C:\Users\빽槨\.m2\repository\org\jboss\jandex\2.4.2.Final\jandex-2.4.2.Final.jar;C:\Users\빽槨\.m2\repository\com\fasterxml\classmate\1.5.1\classmate-1.5.1.jar;C:\Users\빽槨\.m2\repository\org\hibernate\common\hibernate-commons-annotations\5.1.2.Final\hibernate-commons-annotations-5.1.2.Final.jar;C:\Users\빽槨\.m2\repository\org\glassfish\jaxb\jaxb-runtime\2.3.7\jaxb-runtime-2.3.7.jar;C:\Users\빽槨\.m2\repository\org\glassfish\jaxb\txw2\2.3.7\txw2-2.3.7.jar;C:\Users\빽槨\.m2\repository\com\sun\istack\istack-commons-runtime\3.0.12\istack-commons-runtime-3.0.12.jar;C:\Users\빽槨\.m2\repository\com\sun\activation\jakarta.activation\1.2.2\jakarta.activation-1.2.2.jar;C:\Users\빽槨\.m2\repository\org\springframework\data\spring-data-jpa\2.7.5\spring-data-jpa-2.7.5.jar;C:\Users\빽槨\.m2\repository\org\springframework\data\spring-data-commons\2.7.5\spring-data-commons-2.7.5.jar;C:\Users\빽槨\.m2\repository\org\springframework\spring-orm\5.3.23\spring-orm-5.3.23.jar;C:\Users\빽槨\.m2\repository\org\springframework\spring-context\5.3.23\spring-context-5.3.23.jar;C:\Users\빽槨\.m2\repository\org\springframework\spring-tx\5.3.23\spring-tx-5.3.23.jar;C:\Users\빽槨\.m2\repository\org\springframework\spring-beans\5.3.23\spring-beans-5.3.23.jar;C:\Users\빽槨\.m2\repository\org\springframework\spring-aspects\5.3.23\spring-aspects-5.3.23.jar;C:\Users\빽槨\.m2\repository\org\springframework\boot\spring-boot-starter-web\2.7.5\spring-boot-starter-web-2.7.5.jar;C:\Users\빽槨\.m2\repository\org\springframework\boot\spring-boot-starter\2.7.5\spring-boot-starter-2.7.5.jar;C:\Users\빽槨\.m2\repository\org\springframework\boot\spring-boot\2.7.5\spring-boot-2.7.5.jar;C:\Users\빽槨\.m2\repository\org\springframework\boot\spring-boot-starter-logging\2.7.5\spring-boot-starter-logging-2.7.5.jar;C:\Users\빽槨\.m2\repository\org\apache\logging\log4j\log4j-to-slf4j\2.17.2\log4j-to-slf4j-2.17.2.jar;C:\Users\빽槨\.m2\repository\org\apache\logging\log4j\log4j-api\2.17.2\log4j-api-2.17.2.jar;C:\Users\빽槨\.m2\repository\org\slf4j\jul-to-slf4j\1.7.36\jul-to-slf4j-1.7.36.jar;C:\Users\빽槨\.m2\repository\jakarta\annotation\jakarta.annotation-api\1.3.5\jakarta.annotation-api-1.3.5.jar;C:\Users\빽槨\.m2\repository\org\yaml\snakeyaml\1.30\snakeyaml-1.30.jar;C:\Users\빽槨\.m2\repository\org\springframework\boot\spring-boot-starter-json\2.7.5\spring-boot-starter-json-2.7.5.jar;C:\Users\빽槨\.m2\repository\com\fasterxml\jackson\core\jackson-databind\2.13.4.2\jackson-databind-2.13.4.2.jar;C:\Users\빽槨\.m2\repository\com\fasterxml\jackson\core\jackson-annotations\2.13.4\jackson-annotations-2.13.4.jar;C:\Users\빽槨\.m2\repository\com\fasterxml\jackson\core\jackson-core\2.13.4\jackson-core-2.13.4.jar;C:\Users\빽槨\.m2\repository\com\fasterxml\jackson\datatype\jackson-datatype-jdk8\2.13.4\jackson-datatype-jdk8-2.13.4.jar;C:\Users\빽槨\.m2\repository\com\fasterxml\jackson\datatype\jackson-datatype-jsr310\2.13.4\jackson-datatype-jsr310-2.13.4.jar;C:\Users\빽槨\.m2\repository\com\fasterxml\jackson\module\jackson-module-parameter-names\2.13.4\jackson-module-parameter-names-2.13.4.jar;C:\Users\빽槨\.m2\repository\org\springframework\boot\spring-boot-starter-tomcat\2.7.5\spring-boot-starter-tomcat-2.7.5.jar;C:\Users\빽槨\.m2\repository\org\apache\tomcat\embed\tomcat-embed-core\9.0.68\tomcat-embed-core-9.0.68.jar;C:\Users\빽槨\.m2\repository\org\apache\tomcat\embed\tomcat-embed-el\9.0.68\tomcat-embed-el-9.0.68.jar;C:\Users\빽槨\.m2\repository\org\apache\tomcat\embed\tomcat-embed-websocket\9.0.68\tomcat-embed-websocket-9.0.68.jar;C:\Users\빽槨\.m2\repository\org\springframework\spring-web\5.3.23\spring-web-5.3.23.jar;C:\Users\빽槨\.m2\repository\org\springframework\spring-webmvc\5.3.23\spring-webmvc-5.3.23.jar;C:\Users\빽槨\.m2\repository\org\springframework\spring-expression\5.3.23\spring-expression-5.3.23.jar;C:\Users\빽槨\.m2\repository\com\mysql\mysql-connector-j\8.0.31\mysql-connector-j-8.0.31.jar;C:\Users\빽槨\.m2\repository\org\projectlombok\lombok\1.18.24\lombok-1.18.24.jar;C:\Users\빽槨\.m2\repository\com\baomidou\mybatis-plus-boot-starter\3.5.3.1\mybatis-plus-boot-starter-3.5.3.1.jar;C:\Users\빽槨\.m2\repository\com\baomidou\mybatis-plus\3.5.3.1\mybatis-plus-3.5.3.1.jar;C:\Users\빽槨\.m2\repository\com\baomidou\mybatis-plus-extension\3.5.3.1\mybatis-plus-extension-3.5.3.1.jar;C:\Users\빽槨\.m2\repository\com\baomidou\mybatis-plus-core\3.5.3.1\mybatis-plus-core-3.5.3.1.jar;C:\Users\빽槨\.m2\repository\com\baomidou\mybatis-plus-annotation\3.5.3.1\mybatis-plus-annotation-3.5.3.1.jar;C:\Users\빽槨\.m2\repository\com\github\jsqlparser\jsqlparser\4.4\jsqlparser-4.4.jar;C:\Users\빽槨\.m2\repository\org\mybatis\mybatis\3.5.10\mybatis-3.5.10.jar;C:\Users\빽槨\.m2\repository\org\mybatis\mybatis-spring\2.0.7\mybatis-spring-2.0.7.jar;C:\Users\빽槨\.m2\repository\org\springframework\boot\spring-boot-autoconfigure\2.7.5\spring-boot-autoconfigure-2.7.5.jar;C:\Users\빽槨\.m2\repository\jakarta\xml\bind\jakarta.xml.bind-api\2.3.3\jakarta.xml.bind-api-2.3.3.jar;C:\Users\빽槨\.m2\repository\jakarta\activation\jakarta.activation-api\1.2.2\jakarta.activation-api-1.2.2.jar;C:\Users\빽槨\.m2\repository\org\springframework\spring-core\5.3.23\spring-core-5.3.23.jar;C:\Users\빽槨\.m2\repository\org\springframework\spring-jcl\5.3.23\spring-jcl-5.3.23.jar;C:\Users\빽槨\.m2\repository\org\slf4j\slf4j-api\1.7.36\slf4j-api-1.7.36.jar;C:\Users\빽槨\.m2\repository\ch\qos\logback\logback-classic\1.2.11\logback-classic-1.2.11.jar;C:\Users\빽槨\.m2\repository\ch\qos\logback\logback-core\1.2.11\logback-core-1.2.11.jar;C:\Users\빽槨\.m2\repository\commons-io\commons-io\2.11.0\commons-io-2.11.0.jar;C:\Users\빽槨\.m2\repository\commons-fileupload\commons-fileupload\1.4\commons-fileupload-1.4.jar;C:\Users\빽槨\.m2\repository\com\squareup\okhttp3\okhttp\4.10.0\okhttp-4.10.0.jar;C:\Users\빽槨\.m2\repository\com\squareup\okio\okio-jvm\3.0.0\okio-jvm-3.0.0.jar;C:\Users\빽槨\.m2\repository\org\jetbrains\kotlin\kotlin-stdlib-jdk8\1.6.21\kotlin-stdlib-jdk8-1.6.21.jar;C:\Users\빽槨\.m2\repository\org\jetbrains\kotlin\kotlin-stdlib-jdk7\1.6.21\kotlin-stdlib-jdk7-1.6.21.jar;C:\Users\빽槨\.m2\repository\org\jetbrains\kotlin\kotlin-stdlib-common\1.6.21\kotlin-stdlib-common-1.6.21.jar;C:\Users\빽槨\.m2\repository\org\jetbrains\kotlin\kotlin-stdlib\1.6.21\kotlin-stdlib-1.6.21.jar;C:\Users\빽槨\.m2\repository\org\jetbrains\annotations\13.0\annotations-13.0.jar;C:\Users\빽槨\.m2\repository\com\hankcs\hanlp\portable-1.8.3\hanlp-portable-1.8.3.jar;C:\Users\빽槨\.m2\repository\com\google\code\gson\gson\2.9.1\gson-2.9.1.jar
Launcher Type: SUN_STANDARD

[Global flags]
     intx CICompilerCount                          = 4                                         {product} {ergonomic}
     uint ConcGCThreads                            = 2                                         {product} {ergonomic}
     uint G1ConcRefinementThreads                  = 8                                         {product} {ergonomic}
   size_t G1HeapRegionSize                         = 2097152                                   {product} {ergonomic}
    uintx GCDrainStackTargetSize                   = 64                                        {product} {ergonomic}
   size_t InitialHeapSize                          = 266338304                                 {product} {ergonomic}
     bool ManagementServer                         = true                                      {product} {command line}
   size_t MarkStackSize                            = 4194304                                   {product} {ergonomic}
   size_t MaxHeapSize                              = 4242538496                                {product} {ergonomic}
   size_t MinHeapDeltaBytes                        = 2097152                                   {product} {ergonomic}
   size_t MinHeapSize                              = 8388608                                   {product} {ergonomic}
    uintx NonProfiledCodeHeapSize                  = 0                                      {pd product} {ergonomic}
     bool ProfileInterpreter                       = false                                  {pd product} {command line}
    uintx ProfiledCodeHeapSize                     = 0                                      {pd product} {ergonomic}
   size_t SoftMaxHeapSize                          = 4242538496                             {manageable} {ergonomic}
     intx TieredStopAtLevel                        = 1                                         {product} {command line}
     bool UseCompressedClassPointers               = true                           {product lp64_product} {ergonomic}
     bool UseCompressedOops                        = true                           {product lp64_product} {ergonomic}
     bool UseG1GC                                  = true                                      {product} {ergonomic}
     bool UseLargePagesIndividualAllocation        = false                                  {pd product} {ergonomic}

Logging:
Log output configuration:
 #0: stdout all=warning uptime,level,tags foldmultilines=false
 #1: stderr all=off uptime,level,tags foldmultilines=false

Environment Variables:
JAVA_HOME=D:\Software_APP_XXXXXXXXXXXXXXXXXXX\Software\Android\Android SDK17
PATH=C:\Program Files\Common Files\Oracle\Java\javapath;C:\Program Files (x86)\Common Files\Oracle\Java\java8path;C:\Program Files (x86)\Common Files\Oracle\Java\javapath;C:\Windows\System32\HWAudioDriverLibs;C:\Windows\system32;C:\Windows;C:\Windows\System32\Wbem;C:\Windows\System32\WindowsPowerShell\v1.0\;C:\Windows\System32\OpenSSH\;C:\Windows\system32\config\systemprofile\AppData\Local\Microsoft\WindowsApps;D:\Software_APP_XXXXXXXXXXXXXXXXXXX\Software\Git\Git\cmd;D:\Profession\Java\tomcat\apache-tomcat-9.0.60\bin;D:Software_APP_XXXXXXXXXXXXXXXXXXX\Software\Android SDK\platform-tools;%JAVA_HOME\bin%;D:\Software_APP_XXXXXXXXXXXXXXXXXXX\Software\Android\Android SDK17\jre\bin;D:\node\;D:\Software_APP_XXXXXXXXXXXXXXXXXXX\Software\IntelliJ IDEA 2024.1.1\JDK\bin;D:\Software_APP_XXXXXXXXXXXXXXXXXXX\Software\Android\Android SDK17\bin;D:\Software_APP_XXXXXXXXXXXXXXXXXXX\Software\Python\PyCharm 2021.3.3;D:\Software_APP_XXXXXXXXXXXXXXXXXXX\Software\Python\PyCharm 2021.3.3\jetbra\scripts;D:\XXX_APP\python\Scripts\;D:\XXX_APP\python\;C:\Users\빽槨\AppData\Local\Programs\Python\Python310\Scripts\;C:\Users\빽槨\AppData\Local\Programs\Python\Python310\;C:\Users\빽槨\AppData\Local\Microsoft\WindowsApps;D:\Profession\PyCharm Community Edition 2023.2\bin;;D:\Python\PyCharm 2021.3.3\bin;;D:\Software_APP_XXXXXXXXXXXXXXXXXXX\Software\IntelliJ IDEA 2024.1.1\bin;;D:\XXX_APP\vscode\Microsoft VS Code\bin;D:\XXX_APP\CLion\CLion 2021.3.4\bin;D:\Software_APP_XXXXXXXXXXXXXXXXXXX\Software\IntelliJ IDEA 2024.1.1\JDK\bin;;D:\Software_APP_XXXXXXXXXXXXXXXXXXX\Software\PhpStorm 2024.1.1\bin;;C:\Users\빽槨\AppData\Roaming\npm;D:\Software_APP_XXXXXXXXXXXXXXXXXXX\Software\IntelliJ IDEA 2024.1.1\JDK\bin;D:\Software_APP_XXXXXXXXXXXXXXXXXXX\Software\CursorUserSetup\resources\app\bin
USERNAME=빽槨
OS=Windows_NT
PROCESSOR_IDENTIFIER=Intel64 Family 6 Model 140 Stepping 1, GenuineIntel
TMP=C:\Users\빽槨\AppData\Local\Temp
TEMP=C:\Users\빽槨\AppData\Local\Temp




---------------  S Y S T E M  ---------------

OS:
 Windows 10 , 64 bit Build 19041 (10.0.19041.5678)
OS uptime: 2 days 2:41 hours

CPU: total 8 (initial active 8) (4 cores per cpu, 2 threads per core) family 6 model 140 stepping 1 microcode 0x8a, cx8, cmov, fxsr, ht, mmx, 3dnowpref, sse, sse2, sse3, ssse3, sse4.1, sse4.2, popcnt, lzcnt, tsc, tscinvbit, avx, avx2, aes, erms, clmul, bmi1, bmi2, adx, avx512f, avx512dq, avx512cd, avx512bw, avx512vl, sha, fma, vzeroupper, avx512_vpopcntdq, avx512_vpclmulqdq, avx512_vaes, avx512_vnni, clflush, clflushopt, clwb, avx512_vbmi2, avx512_vbmi, rdtscp, rdpid, fsrm, gfni, avx512_bitalg, f16c, pku, cet_ibt, cet_ss, avx512_ifma

Memory: 4k page, system-wide physical 16183M (3035M free)
TotalPageFile size 59860M (AvailPageFile size 15M)
current process WorkingSet (physical memory assigned to process): 11M, peak: 11M
current process commit charge ("private bytes"): 55M, peak: 309M

vm_info: Java HotSpot(TM) 64-Bit Server VM (20.0.2+9-78) for windows-amd64 JRE (20.0.2+9-78), built on 2023-06-14T10:08:48Z by "mach5one" with MS VC++ 17.1 (VS2022)

END.
